Microsoft (R) Macro Assembler Version 6.14.8444		    02/24/21 20:20:15
a.asm							     Page 1 - 1


				include console.inc
			      C .NOLIST
			      C .LIST
			      C ; Исключение из списка служебных слов
			      C option NoKeyWord: <c name str>
			      C 
			      C 
			      C 
			      C 
			      C ;include masm32.inc
			      C 
			      C    includelib masm32.lib
			      C    includelib user32.lib
			      C    includelib kernel32.lib
			      C    includelib msvcrt.lib
			      C    
			      C 

				COMMENT *
				   Ввод целого числа и вывод суммы его цифр
				*

				Rec record a:31,b:1

 = 80000000			MaxLongint equ 80000000h
				M macro
				  local K
				  K=0
				  K=K+1
				  outintln K
				  endm

 000002E1			_DATA  segment para public 'DATA'
 000002E1 00000000		   X   dd ?
 000002E5 00			   Sum db ?; Сумма цифр
 000002E6 01			   Y   sbyte 1
 000002E7 FFFF			 Xesp  dw 0FFFFh
 000002E9 00			   Z   byte ?
 000002EA 41 53 44 46 47	   T   db "ASDFGHJKL",0
	   48 4A 4B 4C 00
 000002F4 00			   FZF db ?
 000002F5 00			   FSF db ?
 000002F6 00			   FCF db ?
 000002F7 00			   FOF db ?
 000003C0			_DATA  ends

 000003C0			_TEXT  segment para public 'CODE'
 000003C0			Start:
				   GotoXY 10,10
				   Pause    'Начнём, пожалуй...'
				   ConsoleTitle "   Ввод целого числа, вывод суммы его цифр"
 000004F5			Begin:
				   clrscr
				   newline 2
 000005D0  C6 05 000002E5 R	   mov   Sum,0
	   00
				   outstr 'Введите целое X='
				   inintln X
 00000654  0F 83 000000AD	   jnc   @F
				   outstrln 'Слишком большое число!'
 00000702  E9 00000240		   jmp   Next
 00000707  0F 85 000000AA	@@:jnz   @F
 0000070D  9C			   pushfd
				   outstrln 'Введено число меньше нуля!'
 000007B6  9D			   popfd
 000007B7  0F 89 000000A8	@@:jns   @F
				   outstrln 'Плохой конец лексемы целого числа!'
 00000865  BB 0000000A		@@:mov   ebx,10
 0000086A  A1 000002E1 R	   mov   eax,X
 0000086F  99			L: cdq
 00000870  F7 FB		   idiv  ebx
 00000872  F7 DA		L1:neg   edx
 00000874  78 FC		   js    L1; edx:=abs(edx)
 00000876  00 15 000002E5 R	   add   Sum,dl; Sum:=Sum+цифра
 0000087C  83 F8 00		   cmp   eax,0
 0000087F  75 EE		   jne   L
				   outwordln Sum,,"Сумма цифр="

 00000947			Next:
				   MsgBox "Конец программы","Желаете ещё раз?",  \
				          MB_YESNO+MB_ICONQUESTION
 000009BA  83 F8 06		   cmp   eax,IDYES
				   outwordln eax,,'EAX='
 00000A7E  0F 84 FFFFFA71	   je    Begin

				   exit
 00000A8C			_TEXT  ends
				   end Start
Microsoft (R) Macro Assembler Version 6.14.8444		    02/24/21 20:20:15
a.asm							     Symbols 2 - 1




Macros:

                N a m e                 Type

??CheckStrToBuf  . . . . . . . .	Proc
??FindESP  . . . . . . . . . . .	Proc
??RestoreReg . . . . . . . . . .	Proc
??SaveReg  . . . . . . . . . . .	Proc
@GetCommandLine  . . . . . . . .	Func
@Random  . . . . . . . . . . . .	Func
@inchar  . . . . . . . . . . . .	Func
@inintln . . . . . . . . . . . .	Func
@inint . . . . . . . . . . . . .	Func
@readkey . . . . . . . . . . . .	Func
ChagePageAttr  . . . . . . . . .	Proc
ClrScr . . . . . . . . . . . . .	Proc
ConsoleMode  . . . . . . . . . .	Proc
ConsoleTitle . . . . . . . . . .	Proc
DOS  . . . . . . . . . . . . . .	Func
DownloadFile . . . . . . . . . .	Proc
GetConsoleTitle  . . . . . . . .	Proc
HeapBlockSize  . . . . . . . . .	Proc
InputStr . . . . . . . . . . . .	Proc
MsgBox . . . . . . . . . . . . .	Proc
M  . . . . . . . . . . . . . . .	Proc
NewConsole . . . . . . . . . . .	Proc
OpenFile . . . . . . . . . . . .	Proc
OutFlags . . . . . . . . . . . .	Proc
Randomize  . . . . . . . . . . .	Proc
RunExe . . . . . . . . . . . . .	Proc
SetScreenSize  . . . . . . . . .	Proc
SetTextAttr  . . . . . . . . . .	Proc
TotalHeapAllocated . . . . . . .	Proc
WhereX . . . . . . . . . . . . .	Proc
WhereY . . . . . . . . . . . . .	Proc
dispose  . . . . . . . . . . . .	Proc
exit . . . . . . . . . . . . . .	Proc
flush  . . . . . . . . . . . . .	Proc
gotoXY . . . . . . . . . . . . .	Proc
inchar . . . . . . . . . . . . .	Proc
inintln  . . . . . . . . . . . .	Proc
inint  . . . . . . . . . . . . .	Proc
newline  . . . . . . . . . . . .	Proc
new  . . . . . . . . . . . . . .	Proc
outcharln  . . . . . . . . . . .	Proc
outchar  . . . . . . . . . . . .	Proc
outdateln  . . . . . . . . . . .	Proc
outdate  . . . . . . . . . . . .	Proc
outintln . . . . . . . . . . . .	Proc
outint . . . . . . . . . . . . .	Proc
outnumln . . . . . . . . . . . .	Proc
outnum . . . . . . . . . . . . .	Proc
outstrln . . . . . . . . . . . .	Proc
outstr . . . . . . . . . . . . .	Proc
outtimeln  . . . . . . . . . . .	Proc
outtime  . . . . . . . . . . . .	Proc
outwordln  . . . . . . . . . . .	Proc
outword  . . . . . . . . . . . .	Proc
pause  . . . . . . . . . . . . .	Proc
readkey  . . . . . . . . . . . .	Proc


Structures and Unions:

                N a m e                  Size
                                         Offset      Type

CONSOLE_SCREEN_BUFFER_INFO . . .	 00000016
  dwSize . . . . . . . . . . . .	 00000000	 DWord
  dwCursorPosition . . . . . . .	 00000004	 DWord
  wAttributes  . . . . . . . . .	 00000008	 Word
  srWindow . . . . . . . . . . .	 0000000A	 QWord
  dwMaximumWindowSize  . . . . .	 00000012	 DWord
COORD  . . . . . . . . . . . . .	 00000004
  x  . . . . . . . . . . . . . .	 00000000	 Word
  y  . . . . . . . . . . . . . .	 00000002	 Word
SMALL_RECT . . . . . . . . . . .	 00000008
  Left . . . . . . . . . . . . .	 00000000	 Word
  Top  . . . . . . . . . . . . .	 00000002	 Word
  Right  . . . . . . . . . . . .	 00000004	 Word
  Bottom . . . . . . . . . . . .	 00000006	 Word
SystemTime . . . . . . . . . . .	 00000010
  wYear  . . . . . . . . . . . .	 00000000	 Word
  wMonth . . . . . . . . . . . .	 00000002	 Word
  wDayOfWeek . . . . . . . . . .	 00000004	 Word
  wDay . . . . . . . . . . . . .	 00000006	 Word
  wHour  . . . . . . . . . . . .	 00000008	 Word
  wMinute  . . . . . . . . . . .	 0000000A	 Word
  wSecond  . . . . . . . . . . .	 0000000C	 Word
  wMilliseconds  . . . . . . . .	 0000000E	 Word


Records:

                N a m e                  Width     # fields
                                         Shift     Width     Mask      Initial

Rec  . . . . . . . . . . . . . .	 00000020      00000002
  a  . . . . . . . . . . . . . .	 00000001      0000001F	     FFFFFFFE ?
  b  . . . . . . . . . . . . . .	 00000000      00000001	     00000001 ?


Types:

                N a m e                  Size     Attr

c_msvcrt . . . . . . . . . . . .	 00000004     CODE 
params4  . . . . . . . . . . . .	 00000004     CODE 


Segments and Groups:

                N a m e                 Size     Length   Align   Combine Class

FLAT . . . . . . . . . . . . . .	GROUP
STACK  . . . . . . . . . . . . .	32 Bit	 00001000 Para	  Stack	  'STACK'	 
_DATA  . . . . . . . . . . . . .	32 Bit	 00000D8E Para	  Public  'DATA'	
_TEXT  . . . . . . . . . . . . .	32 Bit	 00000A8C Para	  Public  'CODE'	


Procedures,  parameters and locals:

                N a m e                 Type     Value    Attr

CharToOemA . . . . . . . . . . .	P Near	 00000000 FLAT	Length= 00000000 External STDCALL
ClearScreen  . . . . . . . . . .	P Near	 00000000 FLAT	Length= 00000000 External STDCALL
CloseHandle  . . . . . . . . . .	P Near	 00000000 FLAT	Length= 00000000 External STDCALL
CreateFileA  . . . . . . . . . .	P Near	 00000000 FLAT	Length= 00000000 External STDCALL
ExitProcess  . . . . . . . . . .	P Near	 00000000 FLAT	Length= 00000000 External STDCALL
GetCommandLineA  . . . . . . . .	P Near	 00000000 FLAT	Length= 00000000 External STDCALL
GetConsoleScreenBufferInfo . . .	P Near	 00000000 FLAT	Length= 00000000 External STDCALL
GetConsoleTitleA . . . . . . . .	P Near	 00000000 FLAT	Length= 00000000 External STDCALL
GetModuleHandleA . . . . . . . .	P Near	 00000000 FLAT	Length= 00000000 External STDCALL
GetStdHandle . . . . . . . . . .	P Near	 00000000 FLAT	Length= 00000000 External STDCALL
GetSystemMetrics . . . . . . . .	P Near	 00000000 FLAT	Length= 00000000 External STDCALL
GetSystemTime  . . . . . . . . .	P Near	 00000000 FLAT	Length= 00000000 External STDCALL
GetTickCount . . . . . . . . . .	P Near	 00000000 FLAT	Length= 00000000 External STDCALL
GlobalAlloc  . . . . . . . . . .	P Near	 00000000 FLAT	Length= 00000000 External STDCALL
GlobalFree . . . . . . . . . . .	P Near	 00000000 FLAT	Length= 00000000 External STDCALL
GlobalSize . . . . . . . . . . .	P Near	 00000000 FLAT	Length= 00000000 External STDCALL
InternetGetConnectedState  . . .	P Near	 00000000 FLAT	Length= 00000000 External STDCALL
MessageBoxIndirectA  . . . . . .	P Near	 00000000 FLAT	Length= 00000000 External STDCALL
SetConsoleCtrlHandler  . . . . .	P Near	 00000000 FLAT	Length= 00000000 External STDCALL
SetConsoleCursorPosition . . . .	P Near	 00000000 FLAT	Length= 00000000 External STDCALL
SetConsoleScreenBufferSize . . .	P Near	 00000000 FLAT	Length= 00000000 External STDCALL
SetConsoleTextAttribute  . . . .	P Near	 00000000 FLAT	Length= 00000000 External STDCALL
SetConsoleTitleA . . . . . . . .	P Near	 00000000 FLAT	Length= 00000000 External STDCALL
Sleep  . . . . . . . . . . . . .	P Near	 00000000 FLAT	Length= 00000000 External STDCALL
StdIn  . . . . . . . . . . . . .	P Near	 00000000 FLAT	Length= 00000000 External STDCALL
StdOut . . . . . . . . . . . . .	P Near	 00000000 FLAT	Length= 00000000 External STDCALL
URLDownloadToFileA . . . . . . .	P Near	 00000000 FLAT	Length= 00000000 External STDCALL
VirtualProtect . . . . . . . . .	P Near	 00000000 FLAT	Length= 00000000 External STDCALL
WinToDos . . . . . . . . . . . .	P Near	 00000000 _TEXT	Length= 00000032 Public STDCALL
  @L . . . . . . . . . . . . . .	L Near	 00000003 _TEXT	
  @L2  . . . . . . . . . . . . .	L Near	 0000002A _TEXT	
  @Voz . . . . . . . . . . . . .	L Near	 0000002F _TEXT	
inint_proc . . . . . . . . . . .	P Near	 00000032 _TEXT	Length= 0000038E Public STDCALL
  @MM  . . . . . . . . . . . . .	L Near	 0000004C _TEXT	
  @@KOH1 . . . . . . . . . . . .	L Near	 000001CB _TEXT	
  @@KOH  . . . . . . . . . . . .	L Near	 000001D2 _TEXT	
  @VOZ . . . . . . . . . . . . .	L Near	 000001FA _TEXT	
  @@Error  . . . . . . . . . . .	L Near	 000001FE _TEXT	
  ??0005 . . . . . . . . . . . .	L Near	 0000023E _TEXT	
  ??000D . . . . . . . . . . . .	L Near	 00000271 _TEXT	
  ??000E . . . . . . . . . . . .	L Near	 000002A5 _TEXT	
  @@Error1 . . . . . . . . . . .	L Near	 000002DF _TEXT	
  ??0014 . . . . . . . . . . . .	L Near	 0000031F _TEXT	
  ??001C . . . . . . . . . . . .	L Near	 00000352 _TEXT	
  ??001D . . . . . . . . . . . .	L Near	 00000386 _TEXT	
nrandom  . . . . . . . . . . . .	P Near	 00000000 FLAT	Length= 00000000 External STDCALL
nseed  . . . . . . . . . . . . .	P Near	 00000000 FLAT	Length= 00000000 External STDCALL
shell_ex . . . . . . . . . . . .	P Near	 00000000 FLAT	Length= 00000000 External STDCALL
shell  . . . . . . . . . . . . .	P Near	 00000000 FLAT	Length= 00000000 External STDCALL
wait_key . . . . . . . . . . . .	P Near	 00000000 FLAT	Length= 00000000 External STDCALL


Symbols:

                N a m e                 Type     Value    Attr

??0000 . . . . . . . . . . . . .	Byte	 00000054 _DATA	
??0001 . . . . . . . . . . . . .	Byte	 00000025 _DATA	
??0002 . . . . . . . . . . . . .	Text   	 "
??0003 . . . . . . . . . . . . .	Byte	 00000024 _DATA	
??0006 . . . . . . . . . . . . .	Number	 00000000h   
??0007 . . . . . . . . . . . . .	Byte	 00000057 _DATA	
??0009 . . . . . . . . . . . . .	Byte	 00000186 _DATA	
??000A . . . . . . . . . . . . .	Byte	 0000005A _DATA	
??000B . . . . . . . . . . . . .	Text   	 o
??000C . . . . . . . . . . . . .	Byte	 00000059 _DATA	
??000F . . . . . . . . . . . . .	Byte	 000001AC _DATA	
??0010 . . . . . . . . . . . . .	Byte	 0000018A _DATA	
??0011 . . . . . . . . . . . . .	Text   	 "
??0012 . . . . . . . . . . . . .	Byte	 00000189 _DATA	
??0015 . . . . . . . . . . . . .	Number	 00000000h   
??0016 . . . . . . . . . . . . .	Byte	 000001AF _DATA	
??0018 . . . . . . . . . . . . .	Byte	 000002DE _DATA	
??0019 . . . . . . . . . . . . .	Byte	 000001B2 _DATA	
??001A . . . . . . . . . . . . .	Text   	 o
??001B . . . . . . . . . . . . .	Byte	 000001B1 _DATA	
??001E . . . . . . . . . . . . .	Word	 000002F8 _DATA	
??001F . . . . . . . . . . . . .	Byte	 00000310 _DATA	
??0020 . . . . . . . . . . . . .	Byte	 000002FD _DATA	
??0021 . . . . . . . . . . . . .	Text   	 "
??0022 . . . . . . . . . . . . .	Byte	 000002FC _DATA	
??0024 . . . . . . . . . . . . .	L Near	 00000436 _TEXT	
??0025 . . . . . . . . . . . . .	Number	 00000000h   
??0026 . . . . . . . . . . . . .	Byte	 00000313 _DATA	
??0028 . . . . . . . . . . . . .	Byte	 00000442 _DATA	
??0029 . . . . . . . . . . . . .	Byte	 00000316 _DATA	
??002A . . . . . . . . . . . . .	Text   	 o
??002B . . . . . . . . . . . . .	Byte	 00000315 _DATA	
??002C . . . . . . . . . . . . .	L Near	 00000476 _TEXT	
??002D . . . . . . . . . . . . .	L Near	 000004AA _TEXT	
??002E . . . . . . . . . . . . .	Byte	 00000446 _DATA	
??002F . . . . . . . . . . . . .	Text   	 "
??0030 . . . . . . . . . . . . .	Byte	 00000445 _DATA	
??0032 . . . . . . . . . . . . .	L Near	 000004EB _TEXT	
??0033 . . . . . . . . . . . . .	Number	 00000000h   
??0034 . . . . . . . . . . . . .	Byte	 00000471 _DATA	
??0036 . . . . . . . . . . . . .	Byte	 000005A0 _DATA	
??0037 . . . . . . . . . . . . .	Byte	 00000474 _DATA	
??0038 . . . . . . . . . . . . .	Text   	 o
??0039 . . . . . . . . . . . . .	Byte	 00000473 _DATA	
??003A . . . . . . . . . . . . .	L Near	 00000521 _TEXT	
??003B . . . . . . . . . . . . .	L Near	 00000555 _TEXT	
??003C . . . . . . . . . . . . .	Number	 00000000h   
??003D . . . . . . . . . . . . .	Byte	 000005A3 _DATA	
??003F . . . . . . . . . . . . .	Byte	 000006D2 _DATA	
??0040 . . . . . . . . . . . . .	Byte	 000005A6 _DATA	
??0041 . . . . . . . . . . . . .	Text   	 o
??0042 . . . . . . . . . . . . .	Byte	 000005A5 _DATA	
??0043 . . . . . . . . . . . . .	L Near	 00000584 _TEXT	
??0044 . . . . . . . . . . . . .	L Near	 000005B8 _TEXT	
??0045 . . . . . . . . . . . . .	Byte	 000006E7 _DATA	
??0046 . . . . . . . . . . . . .	Byte	 000006D6 _DATA	
??0047 . . . . . . . . . . . . .	Text   	 "
??0048 . . . . . . . . . . . . .	Byte	 000006D5 _DATA	
??004A . . . . . . . . . . . . .	L Near	 00000600 _TEXT	
??004B . . . . . . . . . . . . .	Number	 00000000h   
??004C . . . . . . . . . . . . .	DWord	 000006EA _DATA	
??004D . . . . . . . . . . . . .	Byte	 000006EE _DATA	
??004F . . . . . . . . . . . . .	L Near	 00000631 _TEXT	
??0050 . . . . . . . . . . . . .	Byte	 00000709 _DATA	
??0051 . . . . . . . . . . . . .	Byte	 000006F2 _DATA	
??0052 . . . . . . . . . . . . .	Text   	 "
??0053 . . . . . . . . . . . . .	Byte	 000006F1 _DATA	
??0055 . . . . . . . . . . . . .	L Near	 00000683 _TEXT	
??0056 . . . . . . . . . . . . .	Number	 00000000h   
??0057 . . . . . . . . . . . . .	Byte	 0000070C _DATA	
??0059 . . . . . . . . . . . . .	Byte	 0000083B _DATA	
??005A . . . . . . . . . . . . .	Byte	 0000070F _DATA	
??005B . . . . . . . . . . . . .	Text   	 o
??005C . . . . . . . . . . . . .	Byte	 0000070E _DATA	
??005D . . . . . . . . . . . . .	L Near	 000006B6 _TEXT	
??005E . . . . . . . . . . . . .	L Near	 000006EA _TEXT	
??005F . . . . . . . . . . . . .	Byte	 0000085A _DATA	
??0060 . . . . . . . . . . . . .	Byte	 0000083F _DATA	
??0061 . . . . . . . . . . . . .	Text   	 "
??0062 . . . . . . . . . . . . .	Byte	 0000083E _DATA	
??0064 . . . . . . . . . . . . .	L Near	 00000737 _TEXT	
??0065 . . . . . . . . . . . . .	Number	 00000000h   
??0066 . . . . . . . . . . . . .	Byte	 0000085D _DATA	
??0068 . . . . . . . . . . . . .	Byte	 0000098C _DATA	
??0069 . . . . . . . . . . . . .	Byte	 00000860 _DATA	
??006A . . . . . . . . . . . . .	Text   	 o
??006B . . . . . . . . . . . . .	Byte	 0000085F _DATA	
??006C . . . . . . . . . . . . .	L Near	 0000076A _TEXT	
??006D . . . . . . . . . . . . .	L Near	 0000079E _TEXT	
??006E . . . . . . . . . . . . .	Byte	 000009B3 _DATA	
??006F . . . . . . . . . . . . .	Byte	 00000990 _DATA	
??0070 . . . . . . . . . . . . .	Text   	 "
??0071 . . . . . . . . . . . . .	Byte	 0000098F _DATA	
??0073 . . . . . . . . . . . . .	L Near	 000007E6 _TEXT	
??0074 . . . . . . . . . . . . .	Number	 00000000h   
??0075 . . . . . . . . . . . . .	Byte	 000009B6 _DATA	
??0077 . . . . . . . . . . . . .	Byte	 00000AE5 _DATA	
??0078 . . . . . . . . . . . . .	Byte	 000009B9 _DATA	
??0079 . . . . . . . . . . . . .	Text   	 o
??007A . . . . . . . . . . . . .	Byte	 000009B8 _DATA	
??007B . . . . . . . . . . . . .	L Near	 00000819 _TEXT	
??007C . . . . . . . . . . . . .	L Near	 0000084D _TEXT	
??007D . . . . . . . . . . . . .	Number	 00000001h   
??007E . . . . . . . . . . . . .	Number	 00000002h   
??007F . . . . . . . . . . . . .	Number	 00000000h   
??0080 . . . . . . . . . . . . .	Byte	 00000AF8 _DATA	
??0088 . . . . . . . . . . . . .	Number	 00000001h   
??008A . . . . . . . . . . . . .	Byte	 00000AF5 _DATA	
??008B . . . . . . . . . . . . .	Byte	 00000AE9 _DATA	
??008C . . . . . . . . . . . . .	Text   	 "
??008D . . . . . . . . . . . . .	Byte	 00000AE8 _DATA	
??008F . . . . . . . . . . . . .	L Near	 000008AA _TEXT	
??0090 . . . . . . . . . . . . .	Number	 00000000h   
??0091 . . . . . . . . . . . . .	Byte	 00000AFB _DATA	
??0093 . . . . . . . . . . . . .	Byte	 00000C2A _DATA	
??0094 . . . . . . . . . . . . .	Byte	 00000AFE _DATA	
??0095 . . . . . . . . . . . . .	Text   	 o
??0096 . . . . . . . . . . . . .	Byte	 00000AFD _DATA	
??0097 . . . . . . . . . . . . .	L Near	 000008FB _TEXT	
??0098 . . . . . . . . . . . . .	L Near	 0000092F _TEXT	
??009F . . . . . . . . . . . . .	Byte	 00000C2E _DATA	
??00A0 . . . . . . . . . . . . .	Text   	 "
??00A1 . . . . . . . . . . . . .	Byte	 00000C2D _DATA	
??00A3 . . . . . . . . . . . . .	L Near	 00000976 _TEXT	
??00A4 . . . . . . . . . . . . .	Byte	 00000C3F _DATA	
??00A5 . . . . . . . . . . . . .	Text   	 "
??00A6 . . . . . . . . . . . . .	Byte	 00000C3E _DATA	
??00A8 . . . . . . . . . . . . .	L Near	 0000099C _TEXT	
??00A9 . . . . . . . . . . . . .	Number	 00000001h   
??00AA . . . . . . . . . . . . .	Number	 00000002h   
??00AB . . . . . . . . . . . . .	Number	 00000000h   
??00AC . . . . . . . . . . . . .	Byte	 00000C59 _DATA	
??00B4 . . . . . . . . . . . . .	Number	 00000004h   
??00B6 . . . . . . . . . . . . .	Byte	 00000C56 _DATA	
??00B7 . . . . . . . . . . . . .	Byte	 00000C51 _DATA	
??00B8 . . . . . . . . . . . . .	Text   	 "
??00B9 . . . . . . . . . . . . .	Byte	 00000C50 _DATA	
??00BB . . . . . . . . . . . . .	L Near	 000009E6 _TEXT	
??00BC . . . . . . . . . . . . .	Number	 00000000h   
??00BD . . . . . . . . . . . . .	Byte	 00000C5C _DATA	
??00BF . . . . . . . . . . . . .	Byte	 00000D8B _DATA	
??00C0 . . . . . . . . . . . . .	Byte	 00000C5F _DATA	
??00C1 . . . . . . . . . . . . .	Text   	 o
??00C2 . . . . . . . . . . . . .	Byte	 00000C5E _DATA	
??00C3 . . . . . . . . . . . . .	L Near	 00000A32 _TEXT	
??00C4 . . . . . . . . . . . . .	L Near	 00000A66 _TEXT	
??CommonHeapElemSize . . . . . .	DWord	 00000004 _DATA	
??ConsoleMode  . . . . . . . . .	Byte	 00000008 _DATA	
??TotalHeapAllocated . . . . . .	DWord	 00000000 _DATA	
??buf  . . . . . . . . . . . . .	Byte	 00000019 _DATA	
??sTime  . . . . . . . . . . . .	SystemTime  00000009 _DATA	
@CodeSize  . . . . . . . . . . .	Number	 00000000h   
@DOS . . . . . . . . . . . . . .	Text   	 DOS
@DataSize  . . . . . . . . . . .	Number	 00000000h   
@INCHAR  . . . . . . . . . . . .	Text   	 @inchar
@ININTLN . . . . . . . . . . . .	Text   	 @inintln
@ININT . . . . . . . . . . . . .	Text   	 @inint
@InChar  . . . . . . . . . . . .	Text   	 @inchar
@InInt . . . . . . . . . . . . .	Text   	 @inint
@Inchar  . . . . . . . . . . . .	Text   	 @inchar
@InintLn . . . . . . . . . . . .	Text   	 @inintln
@Inintln . . . . . . . . . . . .	Text   	 @inintln
@Inint . . . . . . . . . . . . .	Text   	 @inint
@Interface . . . . . . . . . . .	Number	 00000003h   
@Model . . . . . . . . . . . . .	Number	 00000007h   
@READKEY . . . . . . . . . . . .	Text   	 @readkey
@ReadKey . . . . . . . . . . . .	Text   	 @readkey
@code  . . . . . . . . . . . . .	Text   	 _TEXT
@data  . . . . . . . . . . . . .	Text   	 FLAT
@dos . . . . . . . . . . . . . .	Text   	 DOS
@fardata?  . . . . . . . . . . .	Text   	 FLAT
@fardata . . . . . . . . . . . .	Text   	 FLAT
@random  . . . . . . . . . . . .	Text   	 @Random
@stack . . . . . . . . . . . . .	Text   	 FLAT
AllocConsole@0 . . . . . . . . .	L Near	 00000000 FLAT	External STDCALL
Begin  . . . . . . . . . . . . .	L Near	 000004F5 _TEXT	
Black  . . . . . . . . . . . . .	Number	 00000000h   
Blue . . . . . . . . . . . . . .	Number	 00000001h   
Bright . . . . . . . . . . . . .	Number	 00000008h   
Brown  . . . . . . . . . . . . .	Number	 00000006h   
CLRSCR . . . . . . . . . . . . .	Text   	 ClrScr
CREATE_ALWAYS  . . . . . . . . .	Number	 00000002h   
CREATE_NEW . . . . . . . . . . .	Number	 00000001h   
CharToOem  . . . . . . . . . . .	Text   	 CharToOemA
Cls  . . . . . . . . . . . . . .	Text   	 ClrScr
CreateFile . . . . . . . . . . .	Text   	 CreateFileA
Cyan . . . . . . . . . . . . . .	Number	 00000003h   
DISPOSE  . . . . . . . . . . . .	Text   	 dispose
DarkGray . . . . . . . . . . . .	Number	 00000008h   
Dispose  . . . . . . . . . . . .	Text   	 dispose
EXIT . . . . . . . . . . . . . .	Text   	 exit
Exit . . . . . . . . . . . . . .	Text   	 exit
FCF  . . . . . . . . . . . . . .	Byte	 000002F6 _DATA	
FILE_ATTRIBUTE_ARCHIVE . . . . .	Number	 00000020h   
FILE_ATTRIBUTE_COMPRESSED  . . .	Number	 00000800h   
FILE_ATTRIBUTE_DIRECTORY . . . .	Number	 00000010h   
FILE_ATTRIBUTE_HIDDEN  . . . . .	Number	 00000002h   
FILE_ATTRIBUTE_NORMAL  . . . . .	Number	 00000080h   
FILE_ATTRIBUTE_READONLY  . . . .	Number	 00000001h   
FILE_ATTRIBUTE_SYSTEM  . . . . .	Number	 00000004h   
FILE_ATTRIBUTE_TEMPORARY . . . .	Number	 00000100h   
FLUSH  . . . . . . . . . . . . .	Text   	 flush
FOF  . . . . . . . . . . . . . .	Byte	 000002F7 _DATA	
FSF  . . . . . . . . . . . . . .	Byte	 000002F5 _DATA	
FZF  . . . . . . . . . . . . . .	Byte	 000002F4 _DATA	
Flush  . . . . . . . . . . . . .	Text   	 flush
FreeConsole@0  . . . . . . . . .	L Near	 00000000 FLAT	External STDCALL
GENERIC_ALL  . . . . . . . . . .	Number	 10000000h   
GENERIC_EXECUTE  . . . . . . . .	Number	 20000000h   
GENERIC_READ . . . . . . . . . .	Number	 -80000000h   
GENERIC_WRITE  . . . . . . . . .	Number	 40000000h   
GMEM_FIXED . . . . . . . . . . .	Number	 00000000h   
GMEM_ZEROINIT  . . . . . . . . .	Number	 00000040h   
GOTOXY . . . . . . . . . . . . .	Text   	 gotoXY
GetModuleHandle  . . . . . . . .	Text   	 GetModuleHandleA
GotoXY . . . . . . . . . . . . .	Text   	 gotoXY
Green  . . . . . . . . . . . . .	Number	 00000002h   
IDABORT  . . . . . . . . . . . .	Number	 00000003h   
IDCANCEL . . . . . . . . . . . .	Number	 00000002h   
IDIGNORE . . . . . . . . . . . .	Number	 00000005h   
IDNO . . . . . . . . . . . . . .	Number	 00000007h   
IDOK . . . . . . . . . . . . . .	Number	 00000001h   
IDRETRY  . . . . . . . . . . . .	Number	 00000004h   
IDYES  . . . . . . . . . . . . .	Number	 00000006h   
INCHAR . . . . . . . . . . . . .	Text   	 inchar
ININTLN  . . . . . . . . . . . .	Text   	 inintln
ININT  . . . . . . . . . . . . .	Text   	 inint
INPUTSTR . . . . . . . . . . . .	Text   	 InputStr
InChar . . . . . . . . . . . . .	Text   	 inchar
InInt  . . . . . . . . . . . . .	Text   	 inint
Inchar . . . . . . . . . . . . .	Text   	 inchar
InintLn  . . . . . . . . . . . .	Text   	 inintln
Inintln  . . . . . . . . . . . .	Text   	 inintln
Inint  . . . . . . . . . . . . .	Text   	 inint
L1 . . . . . . . . . . . . . . .	L Near	 00000872 _TEXT	
LANG_NEUTRAL . . . . . . . . . .	Number	 00000000h   
LightBlue  . . . . . . . . . . .	Number	 00000009h   
LightGray  . . . . . . . . . . .	Number	 00000007h   
LightGreen . . . . . . . . . . .	Number	 0000000Ah   
LightMagenta . . . . . . . . . .	Number	 0000000Dh   
LightRed . . . . . . . . . . . .	Number	 0000000Ch   
L  . . . . . . . . . . . . . . .	L Near	 0000086F _TEXT	
MB_ABORTRETRYIGNORE  . . . . . .	Number	 00000002h   
MB_CANCELTRYCONTINUE . . . . . .	Number	 00000006h   
MB_DEFBUTTON1  . . . . . . . . .	Number	 00000000h   
MB_DEFBUTTON2  . . . . . . . . .	Number	 00000100h   
MB_DEFBUTTON3  . . . . . . . . .	Number	 00000200h   
MB_DEFBUTTON4  . . . . . . . . .	Number	 00000300h   
MB_HELP  . . . . . . . . . . . .	Number	 00004000h   
MB_ICONASTERISK  . . . . . . . .	Number	 00000040h   
MB_ICONEXCLAMATION . . . . . . .	Number	 00000030h   
MB_ICONHAND  . . . . . . . . . .	Number	 00000008h   
MB_ICONQUESTION  . . . . . . . .	Number	 00000020h   
MB_ICONSTOP  . . . . . . . . . .	Number	 00000010h   
MB_OKCANCEL  . . . . . . . . . .	Number	 00000001h   
MB_OK  . . . . . . . . . . . . .	Number	 00000000h   
MB_RETRYCANCEL . . . . . . . . .	Number	 00000005h   
MB_RIGHT . . . . . . . . . . . .	Number	 00080000h   
MB_SYSTEMMODAL . . . . . . . . .	Number	 00001000h   
MB_USERICON  . . . . . . . . . .	Number	 00000080h   
MB_YESNOCANCEL . . . . . . . . .	Number	 00000003h   
MB_YESNO . . . . . . . . . . . .	Number	 00000004h   
MSGBOX . . . . . . . . . . . . .	Text   	 MsgBox
Magenta  . . . . . . . . . . . .	Number	 00000005h   
MaxLongint . . . . . . . . . . .	Number	 -80000000h   
MessageBoxIndirect . . . . . . .	Text   	 MessageBoxIndirectA
MessageBox . . . . . . . . . . .	Text   	 _imp__MessageBoxA@16
NEWLINE  . . . . . . . . . . . .	Text   	 newline
NEW  . . . . . . . . . . . . . .	Text   	 new
NULL . . . . . . . . . . . . . .	Number	 00000000h   
NewLine  . . . . . . . . . . . .	Text   	 newline
Newline  . . . . . . . . . . . .	Text   	 newline
New  . . . . . . . . . . . . . .	Text   	 new
Next . . . . . . . . . . . . . .	L Near	 00000947 _TEXT	
OPEN_ALWAYS  . . . . . . . . . .	Number	 00000004h   
OPEN_EXISTING  . . . . . . . . .	Number	 00000003h   
OUTCHARLN  . . . . . . . . . . .	Text   	 outcharln
OUTCHAR  . . . . . . . . . . . .	Text   	 outchar
OUTCH  . . . . . . . . . . . . .	Text   	 outchar
OUTCLN . . . . . . . . . . . . .	Text   	 outcharln
OUTDATELN  . . . . . . . . . . .	Text   	 outdateln
OUTDATE  . . . . . . . . . . . .	Text   	 outdate
OUTINTLN . . . . . . . . . . . .	Text   	 outintln
OUTINT . . . . . . . . . . . . .	Text   	 outint
OUTI . . . . . . . . . . . . . .	Text   	 outint
OUTSTRLN . . . . . . . . . . . .	Text   	 outstrln
OUTSTR . . . . . . . . . . . . .	Text   	 outstr
OUTTIMELN  . . . . . . . . . . .	Text   	 outtimeln
OUTTIME  . . . . . . . . . . . .	Text   	 outtime
OUTU . . . . . . . . . . . . . .	Text   	 outword
OUTWORDLN  . . . . . . . . . . .	Text   	 outwordln
OUTWORD  . . . . . . . . . . . .	Text   	 outword
OutCharLn  . . . . . . . . . . .	Text   	 outcharln
OutCharln  . . . . . . . . . . .	Text   	 outcharln
OutChar  . . . . . . . . . . . .	Text   	 outchar
OutDateLn  . . . . . . . . . . .	Text   	 outdateln
OutDateln  . . . . . . . . . . .	Text   	 outdateln
OutDate  . . . . . . . . . . . .	Text   	 outdate
OutILn . . . . . . . . . . . . .	Text   	 outintln
OutIln . . . . . . . . . . . . .	Text   	 outintln
OutIntLn . . . . . . . . . . . .	Text   	 outintln
OutInt . . . . . . . . . . . . .	Text   	 outint
OutI . . . . . . . . . . . . . .	Text   	 outint
OutNumLn . . . . . . . . . . . .	Text   	 outnumln
OutNumln . . . . . . . . . . . .	Text   	 outnumln
OutNum . . . . . . . . . . . . .	Text   	 outnum
OutStrLn . . . . . . . . . . . .	Text   	 outstrln
OutStr . . . . . . . . . . . . .	Text   	 outstr
OutTimeLn  . . . . . . . . . . .	Text   	 outtimeln
OutTimeln  . . . . . . . . . . .	Text   	 outtimeln
OutTime  . . . . . . . . . . . .	Text   	 outtime
OutULn . . . . . . . . . . . . .	Text   	 outwordln
OutUln . . . . . . . . . . . . .	Text   	 outwordln
OutUnsignedLn  . . . . . . . . .	Text   	 outwordln
OutUnsignedln  . . . . . . . . .	Text   	 outwordln
OutUnsigned  . . . . . . . . . .	Text   	 outword
OutU . . . . . . . . . . . . . .	Text   	 outword
OutWordLn  . . . . . . . . . . .	Text   	 outwordln
OutWord  . . . . . . . . . . . .	Text   	 outword
OutintLn . . . . . . . . . . . .	Text   	 outintln
Outintln . . . . . . . . . . . .	Text   	 outintln
Outint . . . . . . . . . . . . .	Text   	 outint
OutstrLn . . . . . . . . . . . .	Text   	 outstrln
OutwordLn  . . . . . . . . . . .	Text   	 outwordln
Outword  . . . . . . . . . . . .	Text   	 outword
PAGE_EXECUTE_READWRITE . . . . .	Number	 00000040h   
PAGE_EXECUTE_READ  . . . . . . .	Number	 00000020h   
PAGE_EXECUTE_WRITECOPY . . . . .	Number	 00000080h   
PAGE_EXECUTE . . . . . . . . . .	Number	 00000010h   
PAGE_NOACCESS  . . . . . . . . .	Number	 00000001h   
PAGE_READONLY  . . . . . . . . .	Number	 00000002h   
PAGE_READWRITE . . . . . . . . .	Number	 00000004h   
PAGE_WRITECOPY . . . . . . . . .	Number	 00000008h   
PAUSE  . . . . . . . . . . . . .	Text   	 pause
Pause  . . . . . . . . . . . . .	Text   	 pause
READKEY  . . . . . . . . . . . .	Text   	 readkey
ReadKey  . . . . . . . . . . . .	Text   	 readkey
Red  . . . . . . . . . . . . . .	Number	 00000004h   
STD_ERROR_HANDLE . . . . . . . .	Number	 -0000000Ch   
STD_INPUT_HANDLE . . . . . . . .	Number	 -0000000Ah   
STD_OUTPUT_HANDLE  . . . . . . .	Number	 -0000000Bh   
SetConsoleTitle  . . . . . . . .	Text   	 SetConsoleTitleA
Start  . . . . . . . . . . . . .	L Near	 000003C0 _TEXT	Public STDCALL
Sum  . . . . . . . . . . . . . .	Byte	 000002E5 _DATA	
TRUNCATE_EXISTING  . . . . . . .	Number	 00000005h   
T  . . . . . . . . . . . . . . .	Byte	 000002EA _DATA	
URLDownloadToFile  . . . . . . .	Text   	 URLDownloadToFileA
White  . . . . . . . . . . . . .	Number	 0000000Fh   
Xesp . . . . . . . . . . . . . .	Word	 000002E7 _DATA	
X  . . . . . . . . . . . . . . .	DWord	 000002E1 _DATA	
Yellow . . . . . . . . . . . . .	Number	 0000000Eh   
Y  . . . . . . . . . . . . . . .	Byte	 000002E6 _DATA	
Z  . . . . . . . . . . . . . . .	Byte	 000002E9 _DATA	
_10  . . . . . . . . . . . . . .	DWord	 0000001D _DATA	
_imp__MessageBoxA@16 . . . . . .	DWord	 00000000 FLAT	External STDCALL
_imp___exit  . . . . . . . . . .	DWord	 00000000 FLAT	External STDCALL
_imp__printf . . . . . . . . . .	DWord	 00000000 FLAT	External STDCALL
_imp__scanf  . . . . . . . . . .	DWord	 00000000 FLAT	External STDCALL
_imp__sprintf  . . . . . . . . .	DWord	 00000000 FLAT	External STDCALL
black  . . . . . . . . . . . . .	Number	 00000000h   
blue . . . . . . . . . . . . . .	Number	 00000001h   
bright . . . . . . . . . . . . .	Number	 00000008h   
brown  . . . . . . . . . . . . .	Number	 00000006h   
clrscr . . . . . . . . . . . . .	Text   	 ClrScr
crt__exit  . . . . . . . . . . .	Text   	 _imp___exit
crt_printf . . . . . . . . . . .	Text   	 _imp__printf
crt_scanf  . . . . . . . . . . .	Text   	 _imp__scanf
crt_sprintf  . . . . . . . . . .	Text   	 _imp__sprintf
cyan . . . . . . . . . . . . . .	Number	 00000003h   
darkgray . . . . . . . . . . . .	Number	 00000008h   
dos  . . . . . . . . . . . . . .	Text   	 DOS
downloadfile . . . . . . . . . .	Text   	 DownloadFile
fmt  . . . . . . . . . . . . . .	Byte	 00000021 _DATA	
gotoxy . . . . . . . . . . . . .	Text   	 gotoXY
green  . . . . . . . . . . . . .	Number	 00000002h   
heapblocksize  . . . . . . . . .	Text   	 HeapBlockSize
inputstr . . . . . . . . . . . .	Text   	 InputStr
lightblue  . . . . . . . . . . .	Number	 00000009h   
lightgray  . . . . . . . . . . .	Number	 00000007h   
lightgreen . . . . . . . . . . .	Number	 0000000Ah   
lightmagenta . . . . . . . . . .	Number	 0000000Dh   
lightred . . . . . . . . . . . .	Number	 0000000Ch   
magenta  . . . . . . . . . . . .	Number	 00000005h   
msgbox . . . . . . . . . . . . .	Text   	 MsgBox
nil  . . . . . . . . . . . . . .	DWord 	 00000000h   
outch  . . . . . . . . . . . . .	Text   	 outchar
outintLn . . . . . . . . . . . .	Text   	 outintln
outi . . . . . . . . . . . . . .	Text   	 outint
outu . . . . . . . . . . . . . .	Text   	 outword
outwordLn  . . . . . . . . . . .	Text   	 outwordln
randomize  . . . . . . . . . . .	Text   	 Randomize
red  . . . . . . . . . . . . . .	Number	 00000004h   
settextattr  . . . . . . . . . .	Text   	 SetTextAttr
whereX . . . . . . . . . . . . .	Text   	 WhereX
whereY . . . . . . . . . . . . .	Text   	 WhereY
wherex . . . . . . . . . . . . .	Text   	 WhereX
wherey . . . . . . . . . . . . .	Text   	 WhereY
white  . . . . . . . . . . . . .	Number	 0000000Fh   
yellow . . . . . . . . . . . . .	Number	 0000000Eh   

	   0 Warnings
	   0 Errors
