Microsoft (R) Macro Assembler Version 6.14.8444		    04/08/22 18:08:00
a.asm							     Page 1 - 1


				include console.inc
			      C .NOLIST
			      C .LIST
			      C ; Исключение из списка служебных слов
			      C option NoKeyWord: <c name str>
			      C 
			      C 
			      C 
			      C 
			      C ;include masm32.inc
			      C 
			      C    includelib masm32.lib
			      C    includelib user32.lib
			      C    includelib kernel32.lib
			      C    includelib msvcrt.lib
			      C    
			      C 

				COMMENT *
				   Ввод целых чисел до нуля.
				   Построение упорядоченного списка целых чисел.
				   Вывод полученного списка по 5 чисел в строку
				*

 00000008			Elem struc
 00000000  00000000		  next dd ?
 00000004  00000000		  num  dd ?
				Elem ends

 000002E1			.data
 000002E1 00000000		   List dd nil
 000002E5 00000000		   X    dd ?
 000002E9 00000000		   Leak dd ?

 000003C0			.code
 000003C0			InList proc uses eax ebx ecx edi, @List:dword, @N:sdword
				; procedure InList(var @List:RefList; @N: Longint);
 000003C7  8B 5D 08		     mov  ebx,@List;      ebx:=адрес @List (адрес АДРЕСА списка)
				     new  sizeof Elem;    eax=адрес new Elem
 000003E6  8B 4D 0C		     mov  ecx,@N
 000003E9  89 48 04		     mov  [eax].Elem.num,ecx;  eax^.num:=N
 000003EC  C7 00 00000000	     mov  [eax].Elem.next,nil; eax^.next:=nil
 000003F2  83 3B 00		     cmp  dword ptr [ebx],nil
 000003F5  75 04		     jne  @L1;            не пустой список -> @L1
 000003F7  89 03		     mov  [ebx],eax;      теперь один элемент
 000003F9  EB 2B		     jmp  @KOH
 000003FB  8B 1B		@L1: mov  ebx,[ebx];      ebx:=адрес начала списка !!!
 000003FD  39 4B 04		     cmp  [ebx].Elem.num,ecx
 00000400  7C 0A		     jl   @L2;            @N будет не первым в списке
 00000402  53			     push ebx
 00000403  8F 00		     pop  [eax].Elem.next;     eax^.next:=@List
 00000405  8B 7D 08		     mov  edi,@List
 00000408  89 07		     mov  [edi],eax;      вставка в начало списка
 0000040A  EB 1A		     jmp  @KOH
 0000040C  83 3B 00		@L2: cmp  [ebx].Elem.next,nil
 0000040F  75 04		     jne  @L3;            не последний эл-нт -> @L3      
 00000411  89 03		     mov  [ebx].Elem.next,eax; @N последний
 00000413  EB 11		     jmp  @KOH
 00000415  8B 3B		@L3: mov  edi,[ebx].Elem.next; edi на след. элемент
 00000417  39 4F 04		     cmp  [edi].Elem.num,ecx
 0000041A  7E 06		     jle  @L4
 0000041C  89 38		     mov  [eax].Elem.next,edi; включение @N перед edi     
 0000041E  89 03		     mov  [ebx].Elem.next,eax   
 00000420  EB 04		     jmp  @KOH
 00000422  8B DF		@L4: mov  ebx,edi;        на след. элемент
 00000424  EB E6		     jmp  @L2;            цикл по списку
 00000426			@KOH:
				     ret
 0000042E			InList endp
				;-------------------------------------------------
 0000042E			OutList proc uses eax ebx, @List:dword
				; procedure OutList(@List:RefList);
 00000433  8B 5D 08		     mov  ebx,@List;      ebx:=АДРЕС начала списка
 00000436  B8 00000000		     mov  eax,0;          счётчик чисел в строке
				assume ebx:ptr Elem
 0000043B  83 FB 00		     cmp  ebx,nil
 0000043E  0F 85 000000AD	     jne  @L1
				     outstrln "Список пуст !" 
 000004EC  E9 0000010B		     jmp  @KOH
 000004F1  83 FB 00		@L1: cmp  ebx,nil
 000004F4  0F 84 00000102	     je   @KOH
				;     outint [ebx].num,10
				     OutILn [ebx].num,10
 0000057F  40			     inc  eax
 00000580  83 F8 05		     cmp  eax,5
 00000583  75 70		     jne  @L2
				     newline
 000005F0  B8 00000000		     mov  eax,0
 000005F5  8B 1B		@L2: mov  ebx,[ebx].next
 000005F7  E9 FFFFFEF5		     jmp  @L1
				assume ebx:NOTHING
 000005FC			@KOH:
				     newline
				     ret
 0000066D			OutList endp
				;-------------------------------------------------
 0000066D			DeleteList proc uses eax ebx, @List:dword
				; procedure DeleteList(var @List:RefList);
 00000672  8B 5D 08		     mov     ebx,@List
 00000675  8B 1B		     mov     ebx,[ebx];      ebx:=АДРЕС начала списка
 00000677  83 FB 00		@L1: cmp     ebx,nil
 0000067A  74 1F		     je      @KOH
 0000067C  8B C3		     mov     eax,ebx
				assume ebx:ptr Elem
 0000067E  8B 1B		     mov     ebx,[ebx].Elem.next
				assume ebx:NOTHING
				     dispose eax
 00000699  EB DC		     jmp     @L1
 0000069B			@KOH:
 0000069B  8B 5D 08		     mov     ebx,@List
 0000069E  C7 03 00000000	     mov     dword ptr [ebx],nil; @List:=nil
				     ret
 000006AA			DeleteList endp
				;-------------------------------------------------
 000006AA			Start:
				    GotoXY 10,10
				    ConsoleTitle "   Построение упорядоченного списка целых чисел"
				    clrscr
				    newline 2

				    outstrln 'Ввод целых чисел до нуля:'
 000008AD			L1: inint   X
 000008C5  83 3D 000002E5 R	    cmp     X,0
	   00
 000008CC  74 12		    je      L2
				    invoke  InList,offset List,X
 000008DE  EB CD		    jmp     L1
 000008E0			L2: newline
				    outstrln 'Упорядоченный список по 5 чисел в строку:'
				    SetTextAttr Yellow
				    invoke  OutList,List
				    SetTextAttr
				    invoke  DeleteList,offset List
				    MsgBox  "  Конец задачи", \
				            <"Попробуем",13,10,"ещё раз ?">, \
				            MB_YESNO+MB_ICONQUESTION
 00000AA9  83 F8 06		    cmp     eax,IDYES
 00000AAC  0F 84 FFFFFBF8	    je      Start
				    TotalHeapAllocated
 00000AB7  83 F8 00		    cmp     eax,0
 00000ABA  0F 84 000000C1	    je      KOH
				    outwordln eax,,"Есть утечка памяти = "
 00000B81			KOH:
				    exit
				    end Start
Microsoft (R) Macro Assembler Version 6.14.8444		    04/08/22 18:08:00
a.asm							     Symbols 2 - 1




Macros:

                N a m e                 Type

??CheckStrToBuf  . . . . . . . .	Proc
??FindESP  . . . . . . . . . . .	Proc
??RestoreReg . . . . . . . . . .	Proc
??SaveReg  . . . . . . . . . . .	Proc
@GetCommandLine  . . . . . . . .	Func
@Random  . . . . . . . . . . . .	Func
@inchar  . . . . . . . . . . . .	Func
@inintln . . . . . . . . . . . .	Func
@inint . . . . . . . . . . . . .	Func
@readkey . . . . . . . . . . . .	Func
ChagePageAttr  . . . . . . . . .	Proc
ClrScr . . . . . . . . . . . . .	Proc
ConsoleMode  . . . . . . . . . .	Proc
ConsoleTitle . . . . . . . . . .	Proc
DOS  . . . . . . . . . . . . . .	Func
DownloadFile . . . . . . . . . .	Proc
GetConsoleTitle  . . . . . . . .	Proc
HeapBlockSize  . . . . . . . . .	Proc
InputStr . . . . . . . . . . . .	Proc
MsgBox . . . . . . . . . . . . .	Proc
NewConsole . . . . . . . . . . .	Proc
OpenFile . . . . . . . . . . . .	Proc
OutFlags . . . . . . . . . . . .	Proc
Randomize  . . . . . . . . . . .	Proc
RunExe . . . . . . . . . . . . .	Proc
SetScreenSize  . . . . . . . . .	Proc
SetTextAttr  . . . . . . . . . .	Proc
TotalHeapAllocated . . . . . . .	Proc
WhereX . . . . . . . . . . . . .	Proc
WhereY . . . . . . . . . . . . .	Proc
dispose  . . . . . . . . . . . .	Proc
exit . . . . . . . . . . . . . .	Proc
flush  . . . . . . . . . . . . .	Proc
gotoXY . . . . . . . . . . . . .	Proc
inchar . . . . . . . . . . . . .	Proc
inintln  . . . . . . . . . . . .	Proc
inint  . . . . . . . . . . . . .	Proc
newline  . . . . . . . . . . . .	Proc
new  . . . . . . . . . . . . . .	Proc
outcharln  . . . . . . . . . . .	Proc
outchar  . . . . . . . . . . . .	Proc
outdateln  . . . . . . . . . . .	Proc
outdate  . . . . . . . . . . . .	Proc
outintln . . . . . . . . . . . .	Proc
outint . . . . . . . . . . . . .	Proc
outnumln . . . . . . . . . . . .	Proc
outnum . . . . . . . . . . . . .	Proc
outstrln . . . . . . . . . . . .	Proc
outstr . . . . . . . . . . . . .	Proc
outtimeln  . . . . . . . . . . .	Proc
outtime  . . . . . . . . . . . .	Proc
outwordln  . . . . . . . . . . .	Proc
outword  . . . . . . . . . . . .	Proc
pause  . . . . . . . . . . . . .	Proc
readkey  . . . . . . . . . . . .	Proc


Structures and Unions:

                N a m e                  Size
                                         Offset      Type

CONSOLE_SCREEN_BUFFER_INFO . . .	 00000016
  dwSize . . . . . . . . . . . .	 00000000	 DWord
  dwCursorPosition . . . . . . .	 00000004	 DWord
  wAttributes  . . . . . . . . .	 00000008	 Word
  srWindow . . . . . . . . . . .	 0000000A	 QWord
  dwMaximumWindowSize  . . . . .	 00000012	 DWord
COORD  . . . . . . . . . . . . .	 00000004
  x  . . . . . . . . . . . . . .	 00000000	 Word
  y  . . . . . . . . . . . . . .	 00000002	 Word
Elem . . . . . . . . . . . . . .	 00000008
  next . . . . . . . . . . . . .	 00000000	 DWord
  num  . . . . . . . . . . . . .	 00000004	 DWord
SMALL_RECT . . . . . . . . . . .	 00000008
  Left . . . . . . . . . . . . .	 00000000	 Word
  Top  . . . . . . . . . . . . .	 00000002	 Word
  Right  . . . . . . . . . . . .	 00000004	 Word
  Bottom . . . . . . . . . . . .	 00000006	 Word
SystemTime . . . . . . . . . . .	 00000010
  wYear  . . . . . . . . . . . .	 00000000	 Word
  wMonth . . . . . . . . . . . .	 00000002	 Word
  wDayOfWeek . . . . . . . . . .	 00000004	 Word
  wDay . . . . . . . . . . . . .	 00000006	 Word
  wHour  . . . . . . . . . . . .	 00000008	 Word
  wMinute  . . . . . . . . . . .	 0000000A	 Word
  wSecond  . . . . . . . . . . .	 0000000C	 Word
  wMilliseconds  . . . . . . . .	 0000000E	 Word


Types:

                N a m e                  Size     Attr

c_msvcrt . . . . . . . . . . . .	 00000004     CODE 
params4  . . . . . . . . . . . .	 00000004     CODE 


Segments and Groups:

                N a m e                 Size     Length   Align   Combine Class

FLAT . . . . . . . . . . . . . .	GROUP
STACK  . . . . . . . . . . . . .	32 Bit	 00001000 Para	  Stack	  'STACK'	 
_DATA  . . . . . . . . . . . . .	32 Bit	 00000FC0 Para	  Public  'DATA'	
_TEXT  . . . . . . . . . . . . .	32 Bit	 00000B89 Para	  Public  'CODE'	


Procedures,  parameters and locals:

                N a m e                 Type     Value    Attr

CharToOemA . . . . . . . . . . .	P Near	 00000000 FLAT	Length= 00000000 External STDCALL
ClearScreen  . . . . . . . . . .	P Near	 00000000 FLAT	Length= 00000000 External STDCALL
CloseHandle  . . . . . . . . . .	P Near	 00000000 FLAT	Length= 00000000 External STDCALL
CreateFileA  . . . . . . . . . .	P Near	 00000000 FLAT	Length= 00000000 External STDCALL
DeleteList . . . . . . . . . . .	P Near	 0000066D _TEXT	Length= 0000003D Public STDCALL
  @List  . . . . . . . . . . . .	DWord	 bp + 00000008
  @L1  . . . . . . . . . . . . .	L Near	 00000677 _TEXT	
  @KOH . . . . . . . . . . . . .	L Near	 0000069B _TEXT	
ExitProcess  . . . . . . . . . .	P Near	 00000000 FLAT	Length= 00000000 External STDCALL
GetCommandLineA  . . . . . . . .	P Near	 00000000 FLAT	Length= 00000000 External STDCALL
GetConsoleScreenBufferInfo . . .	P Near	 00000000 FLAT	Length= 00000000 External STDCALL
GetConsoleTitleA . . . . . . . .	P Near	 00000000 FLAT	Length= 00000000 External STDCALL
GetModuleHandleA . . . . . . . .	P Near	 00000000 FLAT	Length= 00000000 External STDCALL
GetStdHandle . . . . . . . . . .	P Near	 00000000 FLAT	Length= 00000000 External STDCALL
GetSystemMetrics . . . . . . . .	P Near	 00000000 FLAT	Length= 00000000 External STDCALL
GetSystemTime  . . . . . . . . .	P Near	 00000000 FLAT	Length= 00000000 External STDCALL
GetTickCount . . . . . . . . . .	P Near	 00000000 FLAT	Length= 00000000 External STDCALL
GlobalAlloc  . . . . . . . . . .	P Near	 00000000 FLAT	Length= 00000000 External STDCALL
GlobalFree . . . . . . . . . . .	P Near	 00000000 FLAT	Length= 00000000 External STDCALL
GlobalSize . . . . . . . . . . .	P Near	 00000000 FLAT	Length= 00000000 External STDCALL
InList . . . . . . . . . . . . .	P Near	 000003C0 _TEXT	Length= 0000006E Public STDCALL
  @List  . . . . . . . . . . . .	DWord	 bp + 00000008
  @N . . . . . . . . . . . . . .	DWord	 bp + 0000000C
  @L1  . . . . . . . . . . . . .	L Near	 000003FB _TEXT	
  @L2  . . . . . . . . . . . . .	L Near	 0000040C _TEXT	
  @L3  . . . . . . . . . . . . .	L Near	 00000415 _TEXT	
  @L4  . . . . . . . . . . . . .	L Near	 00000422 _TEXT	
  @KOH . . . . . . . . . . . . .	L Near	 00000426 _TEXT	
InternetGetConnectedState  . . .	P Near	 00000000 FLAT	Length= 00000000 External STDCALL
MessageBoxIndirectA  . . . . . .	P Near	 00000000 FLAT	Length= 00000000 External STDCALL
OutList  . . . . . . . . . . . .	P Near	 0000042E _TEXT	Length= 0000023F Public STDCALL
  @List  . . . . . . . . . . . .	DWord	 bp + 00000008
  ??0023 . . . . . . . . . . . .	L Near	 0000046D _TEXT	
  ??002B . . . . . . . . . . . .	L Near	 000004A0 _TEXT	
  ??002C . . . . . . . . . . . .	L Near	 000004D4 _TEXT	
  @L1  . . . . . . . . . . . . .	L Near	 000004F1 _TEXT	
  ??0041 . . . . . . . . . . . .	L Near	 00000533 _TEXT	
  ??0042 . . . . . . . . . . . .	L Near	 00000567 _TEXT	
  ??004A . . . . . . . . . . . .	L Near	 000005A4 _TEXT	
  ??004B . . . . . . . . . . . .	L Near	 000005D8 _TEXT	
  @L2  . . . . . . . . . . . . .	L Near	 000005F5 _TEXT	
  @KOH . . . . . . . . . . . . .	L Near	 000005FC _TEXT	
  ??0053 . . . . . . . . . . . .	L Near	 0000061B _TEXT	
  ??0054 . . . . . . . . . . . .	L Near	 0000064F _TEXT	
SetConsoleCtrlHandler  . . . . .	P Near	 00000000 FLAT	Length= 00000000 External STDCALL
SetConsoleCursorPosition . . . .	P Near	 00000000 FLAT	Length= 00000000 External STDCALL
SetConsoleScreenBufferSize . . .	P Near	 00000000 FLAT	Length= 00000000 External STDCALL
SetConsoleTextAttribute  . . . .	P Near	 00000000 FLAT	Length= 00000000 External STDCALL
SetConsoleTitleA . . . . . . . .	P Near	 00000000 FLAT	Length= 00000000 External STDCALL
Sleep  . . . . . . . . . . . . .	P Near	 00000000 FLAT	Length= 00000000 External STDCALL
StdIn  . . . . . . . . . . . . .	P Near	 00000000 FLAT	Length= 00000000 External STDCALL
StdOut . . . . . . . . . . . . .	P Near	 00000000 FLAT	Length= 00000000 External STDCALL
URLDownloadToFileA . . . . . . .	P Near	 00000000 FLAT	Length= 00000000 External STDCALL
VirtualProtect . . . . . . . . .	P Near	 00000000 FLAT	Length= 00000000 External STDCALL
WinToDos . . . . . . . . . . . .	P Near	 00000000 _TEXT	Length= 00000032 Public STDCALL
  @L . . . . . . . . . . . . . .	L Near	 00000003 _TEXT	
  @L2  . . . . . . . . . . . . .	L Near	 0000002A _TEXT	
  @Voz . . . . . . . . . . . . .	L Near	 0000002F _TEXT	
inint_proc . . . . . . . . . . .	P Near	 00000032 _TEXT	Length= 0000038E Public STDCALL
  @MM  . . . . . . . . . . . . .	L Near	 0000004C _TEXT	
  @@KOH1 . . . . . . . . . . . .	L Near	 000001CB _TEXT	
  @@KOH  . . . . . . . . . . . .	L Near	 000001D2 _TEXT	
  @VOZ . . . . . . . . . . . . .	L Near	 000001FA _TEXT	
  @@Error  . . . . . . . . . . .	L Near	 000001FE _TEXT	
  ??0005 . . . . . . . . . . . .	L Near	 0000023E _TEXT	
  ??000D . . . . . . . . . . . .	L Near	 00000271 _TEXT	
  ??000E . . . . . . . . . . . .	L Near	 000002A5 _TEXT	
  @@Error1 . . . . . . . . . . .	L Near	 000002DF _TEXT	
  ??0014 . . . . . . . . . . . .	L Near	 0000031F _TEXT	
  ??001C . . . . . . . . . . . .	L Near	 00000352 _TEXT	
  ??001D . . . . . . . . . . . .	L Near	 00000386 _TEXT	
nrandom  . . . . . . . . . . . .	P Near	 00000000 FLAT	Length= 00000000 External STDCALL
nseed  . . . . . . . . . . . . .	P Near	 00000000 FLAT	Length= 00000000 External STDCALL
shell_ex . . . . . . . . . . . .	P Near	 00000000 FLAT	Length= 00000000 External STDCALL
shell  . . . . . . . . . . . . .	P Near	 00000000 FLAT	Length= 00000000 External STDCALL
wait_key . . . . . . . . . . . .	P Near	 00000000 FLAT	Length= 00000000 External STDCALL


Symbols:

                N a m e                 Type     Value    Attr

??0000 . . . . . . . . . . . . .	Byte	 00000054 _DATA	
??0001 . . . . . . . . . . . . .	Byte	 00000025 _DATA	
??0002 . . . . . . . . . . . . .	Text   	 "
??0003 . . . . . . . . . . . . .	Byte	 00000024 _DATA	
??0006 . . . . . . . . . . . . .	Number	 00000000h   
??0007 . . . . . . . . . . . . .	Byte	 00000057 _DATA	
??0009 . . . . . . . . . . . . .	Byte	 00000186 _DATA	
??000A . . . . . . . . . . . . .	Byte	 0000005A _DATA	
??000B . . . . . . . . . . . . .	Text   	 o
??000C . . . . . . . . . . . . .	Byte	 00000059 _DATA	
??000F . . . . . . . . . . . . .	Byte	 000001AC _DATA	
??0010 . . . . . . . . . . . . .	Byte	 0000018A _DATA	
??0011 . . . . . . . . . . . . .	Text   	 "
??0012 . . . . . . . . . . . . .	Byte	 00000189 _DATA	
??0015 . . . . . . . . . . . . .	Number	 00000000h   
??0016 . . . . . . . . . . . . .	Byte	 000001AF _DATA	
??0018 . . . . . . . . . . . . .	Byte	 000002DE _DATA	
??0019 . . . . . . . . . . . . .	Byte	 000001B2 _DATA	
??001A . . . . . . . . . . . . .	Text   	 o
??001B . . . . . . . . . . . . .	Byte	 000001B1 _DATA	
??001E . . . . . . . . . . . . .	Byte	 000002FC _DATA	
??001F . . . . . . . . . . . . .	Byte	 000002EE _DATA	
??0020 . . . . . . . . . . . . .	Text   	 "
??0021 . . . . . . . . . . . . .	Byte	 000002ED _DATA	
??0024 . . . . . . . . . . . . .	Number	 00000000h   
??0025 . . . . . . . . . . . . .	Byte	 000002FF _DATA	
??0027 . . . . . . . . . . . . .	Byte	 0000042E _DATA	
??0028 . . . . . . . . . . . . .	Byte	 00000302 _DATA	
??0029 . . . . . . . . . . . . .	Text   	 o
??002A . . . . . . . . . . . . .	Byte	 00000301 _DATA	
??002D . . . . . . . . . . . . .	Number	 00000007h   
??002E . . . . . . . . . . . . .	Number	 00000008h   
??002F . . . . . . . . . . . . .	Number	 00000000h   
??0030 . . . . . . . . . . . . .	Byte	 00000431 _DATA	
??0038 . . . . . . . . . . . . .	Number	 00000004h   
??003A . . . . . . . . . . . . .	Number	 00000000h   
??003B . . . . . . . . . . . . .	Byte	 00000436 _DATA	
??003D . . . . . . . . . . . . .	Byte	 00000565 _DATA	
??003E . . . . . . . . . . . . .	Byte	 00000439 _DATA	
??003F . . . . . . . . . . . . .	Text   	 o
??0040 . . . . . . . . . . . . .	Byte	 00000438 _DATA	
??0043 . . . . . . . . . . . . .	Number	 00000000h   
??0044 . . . . . . . . . . . . .	Byte	 00000568 _DATA	
??0046 . . . . . . . . . . . . .	Byte	 00000697 _DATA	
??0047 . . . . . . . . . . . . .	Byte	 0000056B _DATA	
??0048 . . . . . . . . . . . . .	Text   	 o
??0049 . . . . . . . . . . . . .	Byte	 0000056A _DATA	
??004C . . . . . . . . . . . . .	Number	 00000000h   
??004D . . . . . . . . . . . . .	Byte	 0000069A _DATA	
??004F . . . . . . . . . . . . .	Byte	 000007C9 _DATA	
??0050 . . . . . . . . . . . . .	Byte	 0000069D _DATA	
??0051 . . . . . . . . . . . . .	Text   	 o
??0052 . . . . . . . . . . . . .	Byte	 0000069C _DATA	
??0055 . . . . . . . . . . . . .	Word	 000007CC _DATA	
??0056 . . . . . . . . . . . . .	Byte	 000007D1 _DATA	
??0057 . . . . . . . . . . . . .	Text   	 "
??0058 . . . . . . . . . . . . .	Byte	 000007D0 _DATA	
??005A . . . . . . . . . . . . .	L Near	 00000720 _TEXT	
??005B . . . . . . . . . . . . .	Number	 00000000h   
??005C . . . . . . . . . . . . .	Byte	 00000801 _DATA	
??005E . . . . . . . . . . . . .	Byte	 00000930 _DATA	
??005F . . . . . . . . . . . . .	Byte	 00000804 _DATA	
??0060 . . . . . . . . . . . . .	Text   	 o
??0061 . . . . . . . . . . . . .	Byte	 00000803 _DATA	
??0062 . . . . . . . . . . . . .	L Near	 00000756 _TEXT	
??0063 . . . . . . . . . . . . .	L Near	 0000078A _TEXT	
??0064 . . . . . . . . . . . . .	Number	 00000000h   
??0065 . . . . . . . . . . . . .	Byte	 00000933 _DATA	
??0067 . . . . . . . . . . . . .	Byte	 00000A62 _DATA	
??0068 . . . . . . . . . . . . .	Byte	 00000936 _DATA	
??0069 . . . . . . . . . . . . .	Text   	 o
??006A . . . . . . . . . . . . .	Byte	 00000935 _DATA	
??006B . . . . . . . . . . . . .	L Near	 000007B9 _TEXT	
??006C . . . . . . . . . . . . .	L Near	 000007ED _TEXT	
??006D . . . . . . . . . . . . .	Byte	 00000A80 _DATA	
??006E . . . . . . . . . . . . .	Byte	 00000A66 _DATA	
??006F . . . . . . . . . . . . .	Text   	 "
??0070 . . . . . . . . . . . . .	Byte	 00000A65 _DATA	
??0072 . . . . . . . . . . . . .	L Near	 0000082E _TEXT	
??0073 . . . . . . . . . . . . .	Number	 00000000h   
??0074 . . . . . . . . . . . . .	Byte	 00000A83 _DATA	
??0076 . . . . . . . . . . . . .	Byte	 00000BB2 _DATA	
??0077 . . . . . . . . . . . . .	Byte	 00000A86 _DATA	
??0078 . . . . . . . . . . . . .	Text   	 o
??0079 . . . . . . . . . . . . .	Byte	 00000A85 _DATA	
??007A . . . . . . . . . . . . .	L Near	 00000861 _TEXT	
??007B . . . . . . . . . . . . .	L Near	 00000895 _TEXT	
??007C . . . . . . . . . . . . .	Number	 00000000h   
??007D . . . . . . . . . . . . .	DWord	 00000BB5 _DATA	
??007E . . . . . . . . . . . . .	Number	 00000000h   
??007F . . . . . . . . . . . . .	Byte	 00000BB9 _DATA	
??0081 . . . . . . . . . . . . .	Byte	 00000CE8 _DATA	
??0082 . . . . . . . . . . . . .	Byte	 00000BBC _DATA	
??0083 . . . . . . . . . . . . .	Text   	 o
??0084 . . . . . . . . . . . . .	Byte	 00000BBB _DATA	
??0085 . . . . . . . . . . . . .	L Near	 000008FF _TEXT	
??0086 . . . . . . . . . . . . .	L Near	 00000933 _TEXT	
??0087 . . . . . . . . . . . . .	Byte	 00000D16 _DATA	
??0088 . . . . . . . . . . . . .	Byte	 00000CEC _DATA	
??0089 . . . . . . . . . . . . .	Text   	 "
??008A . . . . . . . . . . . . .	Byte	 00000CEB _DATA	
??008C . . . . . . . . . . . . .	L Near	 00000974 _TEXT	
??008D . . . . . . . . . . . . .	Number	 00000000h   
??008E . . . . . . . . . . . . .	Byte	 00000D19 _DATA	
??0090 . . . . . . . . . . . . .	Byte	 00000E48 _DATA	
??0091 . . . . . . . . . . . . .	Byte	 00000D1C _DATA	
??0092 . . . . . . . . . . . . .	Text   	 o
??0093 . . . . . . . . . . . . .	Byte	 00000D1B _DATA	
??0094 . . . . . . . . . . . . .	L Near	 000009A7 _TEXT	
??0095 . . . . . . . . . . . . .	L Near	 000009DB _TEXT	
??009C . . . . . . . . . . . . .	Byte	 00000E4C _DATA	
??009D . . . . . . . . . . . . .	Text   	 "
??009E . . . . . . . . . . . . .	Byte	 00000E4B _DATA	
??00A0 . . . . . . . . . . . . .	L Near	 00000A65 _TEXT	
??00A1 . . . . . . . . . . . . .	Byte	 00000E5C _DATA	
??00A2 . . . . . . . . . . . . .	Text   	 "
??00A3 . . . . . . . . . . . . .	Byte	 00000E5B _DATA	
??00A5 . . . . . . . . . . . . .	L Near	 00000A8B _TEXT	
??00A6 . . . . . . . . . . . . .	Number	 00000001h   
??00A7 . . . . . . . . . . . . .	Number	 00000002h   
??00A8 . . . . . . . . . . . . .	Number	 00000000h   
??00A9 . . . . . . . . . . . . .	Byte	 00000E8B _DATA	
??00B1 . . . . . . . . . . . . .	Number	 00000004h   
??00B3 . . . . . . . . . . . . .	Byte	 00000E88 _DATA	
??00B4 . . . . . . . . . . . . .	Byte	 00000E72 _DATA	
??00B5 . . . . . . . . . . . . .	Text   	 "
??00B6 . . . . . . . . . . . . .	Byte	 00000E71 _DATA	
??00B8 . . . . . . . . . . . . .	L Near	 00000AE9 _TEXT	
??00B9 . . . . . . . . . . . . .	Number	 00000000h   
??00BA . . . . . . . . . . . . .	Byte	 00000E8E _DATA	
??00BC . . . . . . . . . . . . .	Byte	 00000FBD _DATA	
??00BD . . . . . . . . . . . . .	Byte	 00000E91 _DATA	
??00BE . . . . . . . . . . . . .	Text   	 o
??00BF . . . . . . . . . . . . .	Byte	 00000E90 _DATA	
??00C0 . . . . . . . . . . . . .	L Near	 00000B35 _TEXT	
??00C1 . . . . . . . . . . . . .	L Near	 00000B69 _TEXT	
??CommonHeapElemSize . . . . . .	DWord	 00000004 _DATA	
??ConsoleMode  . . . . . . . . .	Byte	 00000008 _DATA	
??TotalHeapAllocated . . . . . .	DWord	 00000000 _DATA	
??buf  . . . . . . . . . . . . .	Byte	 00000019 _DATA	
??sTime  . . . . . . . . . . . .	SystemTime  00000009 _DATA	
@CodeSize  . . . . . . . . . . .	Number	 00000000h   
@DOS . . . . . . . . . . . . . .	Text   	 DOS
@DataSize  . . . . . . . . . . .	Number	 00000000h   
@INCHAR  . . . . . . . . . . . .	Text   	 @inchar
@ININTLN . . . . . . . . . . . .	Text   	 @inintln
@ININT . . . . . . . . . . . . .	Text   	 @inint
@InChar  . . . . . . . . . . . .	Text   	 @inchar
@InInt . . . . . . . . . . . . .	Text   	 @inint
@Inchar  . . . . . . . . . . . .	Text   	 @inchar
@InintLn . . . . . . . . . . . .	Text   	 @inintln
@Inintln . . . . . . . . . . . .	Text   	 @inintln
@Inint . . . . . . . . . . . . .	Text   	 @inint
@Interface . . . . . . . . . . .	Number	 00000003h   
@Model . . . . . . . . . . . . .	Number	 00000007h   
@READKEY . . . . . . . . . . . .	Text   	 @readkey
@ReadKey . . . . . . . . . . . .	Text   	 @readkey
@code  . . . . . . . . . . . . .	Text   	 _TEXT
@data  . . . . . . . . . . . . .	Text   	 FLAT
@dos . . . . . . . . . . . . . .	Text   	 DOS
@fardata?  . . . . . . . . . . .	Text   	 FLAT
@fardata . . . . . . . . . . . .	Text   	 FLAT
@random  . . . . . . . . . . . .	Text   	 @Random
@stack . . . . . . . . . . . . .	Text   	 FLAT
AllocConsole@0 . . . . . . . . .	L Near	 00000000 FLAT	External STDCALL
Black  . . . . . . . . . . . . .	Number	 00000000h   
Blue . . . . . . . . . . . . . .	Number	 00000001h   
Bright . . . . . . . . . . . . .	Number	 00000008h   
Brown  . . . . . . . . . . . . .	Number	 00000006h   
CLRSCR . . . . . . . . . . . . .	Text   	 ClrScr
CREATE_ALWAYS  . . . . . . . . .	Number	 00000002h   
CREATE_NEW . . . . . . . . . . .	Number	 00000001h   
CharToOem  . . . . . . . . . . .	Text   	 CharToOemA
Cls  . . . . . . . . . . . . . .	Text   	 ClrScr
CreateFile . . . . . . . . . . .	Text   	 CreateFileA
Cyan . . . . . . . . . . . . . .	Number	 00000003h   
DISPOSE  . . . . . . . . . . . .	Text   	 dispose
DarkGray . . . . . . . . . . . .	Number	 00000008h   
Dispose  . . . . . . . . . . . .	Text   	 dispose
EXIT . . . . . . . . . . . . . .	Text   	 exit
Exit . . . . . . . . . . . . . .	Text   	 exit
FILE_ATTRIBUTE_ARCHIVE . . . . .	Number	 00000020h   
FILE_ATTRIBUTE_COMPRESSED  . . .	Number	 00000800h   
FILE_ATTRIBUTE_DIRECTORY . . . .	Number	 00000010h   
FILE_ATTRIBUTE_HIDDEN  . . . . .	Number	 00000002h   
FILE_ATTRIBUTE_NORMAL  . . . . .	Number	 00000080h   
FILE_ATTRIBUTE_READONLY  . . . .	Number	 00000001h   
FILE_ATTRIBUTE_SYSTEM  . . . . .	Number	 00000004h   
FILE_ATTRIBUTE_TEMPORARY . . . .	Number	 00000100h   
FLUSH  . . . . . . . . . . . . .	Text   	 flush
Flush  . . . . . . . . . . . . .	Text   	 flush
FreeConsole@0  . . . . . . . . .	L Near	 00000000 FLAT	External STDCALL
GENERIC_ALL  . . . . . . . . . .	Number	 10000000h   
GENERIC_EXECUTE  . . . . . . . .	Number	 20000000h   
GENERIC_READ . . . . . . . . . .	Number	 -80000000h   
GENERIC_WRITE  . . . . . . . . .	Number	 40000000h   
GMEM_FIXED . . . . . . . . . . .	Number	 00000000h   
GMEM_ZEROINIT  . . . . . . . . .	Number	 00000040h   
GOTOXY . . . . . . . . . . . . .	Text   	 gotoXY
GetModuleHandle  . . . . . . . .	Text   	 GetModuleHandleA
GotoXY . . . . . . . . . . . . .	Text   	 gotoXY
Green  . . . . . . . . . . . . .	Number	 00000002h   
IDABORT  . . . . . . . . . . . .	Number	 00000003h   
IDCANCEL . . . . . . . . . . . .	Number	 00000002h   
IDIGNORE . . . . . . . . . . . .	Number	 00000005h   
IDNO . . . . . . . . . . . . . .	Number	 00000007h   
IDOK . . . . . . . . . . . . . .	Number	 00000001h   
IDRETRY  . . . . . . . . . . . .	Number	 00000004h   
IDYES  . . . . . . . . . . . . .	Number	 00000006h   
INCHAR . . . . . . . . . . . . .	Text   	 inchar
ININTLN  . . . . . . . . . . . .	Text   	 inintln
ININT  . . . . . . . . . . . . .	Text   	 inint
INPUTSTR . . . . . . . . . . . .	Text   	 InputStr
InChar . . . . . . . . . . . . .	Text   	 inchar
InInt  . . . . . . . . . . . . .	Text   	 inint
Inchar . . . . . . . . . . . . .	Text   	 inchar
InintLn  . . . . . . . . . . . .	Text   	 inintln
Inintln  . . . . . . . . . . . .	Text   	 inintln
Inint  . . . . . . . . . . . . .	Text   	 inint
KOH  . . . . . . . . . . . . . .	L Near	 00000B81 _TEXT	
L1 . . . . . . . . . . . . . . .	L Near	 000008AD _TEXT	
L2 . . . . . . . . . . . . . . .	L Near	 000008E0 _TEXT	
LANG_NEUTRAL . . . . . . . . . .	Number	 00000000h   
Leak . . . . . . . . . . . . . .	DWord	 000002E9 _DATA	
LightBlue  . . . . . . . . . . .	Number	 00000009h   
LightGray  . . . . . . . . . . .	Number	 00000007h   
LightGreen . . . . . . . . . . .	Number	 0000000Ah   
LightMagenta . . . . . . . . . .	Number	 0000000Dh   
LightRed . . . . . . . . . . . .	Number	 0000000Ch   
List . . . . . . . . . . . . . .	DWord	 000002E1 _DATA	
MB_ABORTRETRYIGNORE  . . . . . .	Number	 00000002h   
MB_CANCELTRYCONTINUE . . . . . .	Number	 00000006h   
MB_DEFBUTTON1  . . . . . . . . .	Number	 00000000h   
MB_DEFBUTTON2  . . . . . . . . .	Number	 00000100h   
MB_DEFBUTTON3  . . . . . . . . .	Number	 00000200h   
MB_DEFBUTTON4  . . . . . . . . .	Number	 00000300h   
MB_HELP  . . . . . . . . . . . .	Number	 00004000h   
MB_ICONASTERISK  . . . . . . . .	Number	 00000040h   
MB_ICONEXCLAMATION . . . . . . .	Number	 00000030h   
MB_ICONHAND  . . . . . . . . . .	Number	 00000008h   
MB_ICONQUESTION  . . . . . . . .	Number	 00000020h   
MB_ICONSTOP  . . . . . . . . . .	Number	 00000010h   
MB_OKCANCEL  . . . . . . . . . .	Number	 00000001h   
MB_OK  . . . . . . . . . . . . .	Number	 00000000h   
MB_RETRYCANCEL . . . . . . . . .	Number	 00000005h   
MB_RIGHT . . . . . . . . . . . .	Number	 00080000h   
MB_SYSTEMMODAL . . . . . . . . .	Number	 00001000h   
MB_USERICON  . . . . . . . . . .	Number	 00000080h   
MB_YESNOCANCEL . . . . . . . . .	Number	 00000003h   
MB_YESNO . . . . . . . . . . . .	Number	 00000004h   
MSGBOX . . . . . . . . . . . . .	Text   	 MsgBox
Magenta  . . . . . . . . . . . .	Number	 00000005h   
MessageBoxIndirect . . . . . . .	Text   	 MessageBoxIndirectA
MessageBox . . . . . . . . . . .	Text   	 _imp__MessageBoxA@16
NEWLINE  . . . . . . . . . . . .	Text   	 newline
NEW  . . . . . . . . . . . . . .	Text   	 new
NULL . . . . . . . . . . . . . .	Number	 00000000h   
NewLine  . . . . . . . . . . . .	Text   	 newline
Newline  . . . . . . . . . . . .	Text   	 newline
New  . . . . . . . . . . . . . .	Text   	 new
OPEN_ALWAYS  . . . . . . . . . .	Number	 00000004h   
OPEN_EXISTING  . . . . . . . . .	Number	 00000003h   
OUTCHARLN  . . . . . . . . . . .	Text   	 outcharln
OUTCHAR  . . . . . . . . . . . .	Text   	 outchar
OUTCH  . . . . . . . . . . . . .	Text   	 outchar
OUTCLN . . . . . . . . . . . . .	Text   	 outcharln
OUTDATELN  . . . . . . . . . . .	Text   	 outdateln
OUTDATE  . . . . . . . . . . . .	Text   	 outdate
OUTINTLN . . . . . . . . . . . .	Text   	 outintln
OUTINT . . . . . . . . . . . . .	Text   	 outint
OUTI . . . . . . . . . . . . . .	Text   	 outint
OUTSTRLN . . . . . . . . . . . .	Text   	 outstrln
OUTSTR . . . . . . . . . . . . .	Text   	 outstr
OUTTIMELN  . . . . . . . . . . .	Text   	 outtimeln
OUTTIME  . . . . . . . . . . . .	Text   	 outtime
OUTU . . . . . . . . . . . . . .	Text   	 outword
OUTWORDLN  . . . . . . . . . . .	Text   	 outwordln
OUTWORD  . . . . . . . . . . . .	Text   	 outword
OutCharLn  . . . . . . . . . . .	Text   	 outcharln
OutCharln  . . . . . . . . . . .	Text   	 outcharln
OutChar  . . . . . . . . . . . .	Text   	 outchar
OutDateLn  . . . . . . . . . . .	Text   	 outdateln
OutDateln  . . . . . . . . . . .	Text   	 outdateln
OutDate  . . . . . . . . . . . .	Text   	 outdate
OutILn . . . . . . . . . . . . .	Text   	 outintln
OutIln . . . . . . . . . . . . .	Text   	 outintln
OutIntLn . . . . . . . . . . . .	Text   	 outintln
OutInt . . . . . . . . . . . . .	Text   	 outint
OutI . . . . . . . . . . . . . .	Text   	 outint
OutNumLn . . . . . . . . . . . .	Text   	 outnumln
OutNumln . . . . . . . . . . . .	Text   	 outnumln
OutNum . . . . . . . . . . . . .	Text   	 outnum
OutStrLn . . . . . . . . . . . .	Text   	 outstrln
OutStr . . . . . . . . . . . . .	Text   	 outstr
OutTimeLn  . . . . . . . . . . .	Text   	 outtimeln
OutTimeln  . . . . . . . . . . .	Text   	 outtimeln
OutTime  . . . . . . . . . . . .	Text   	 outtime
OutULn . . . . . . . . . . . . .	Text   	 outwordln
OutUln . . . . . . . . . . . . .	Text   	 outwordln
OutUnsignedLn  . . . . . . . . .	Text   	 outwordln
OutUnsignedln  . . . . . . . . .	Text   	 outwordln
OutUnsigned  . . . . . . . . . .	Text   	 outword
OutU . . . . . . . . . . . . . .	Text   	 outword
OutWordLn  . . . . . . . . . . .	Text   	 outwordln
OutWord  . . . . . . . . . . . .	Text   	 outword
OutintLn . . . . . . . . . . . .	Text   	 outintln
Outintln . . . . . . . . . . . .	Text   	 outintln
Outint . . . . . . . . . . . . .	Text   	 outint
OutstrLn . . . . . . . . . . . .	Text   	 outstrln
OutwordLn  . . . . . . . . . . .	Text   	 outwordln
Outword  . . . . . . . . . . . .	Text   	 outword
PAGE_EXECUTE_READWRITE . . . . .	Number	 00000040h   
PAGE_EXECUTE_READ  . . . . . . .	Number	 00000020h   
PAGE_EXECUTE_WRITECOPY . . . . .	Number	 00000080h   
PAGE_EXECUTE . . . . . . . . . .	Number	 00000010h   
PAGE_NOACCESS  . . . . . . . . .	Number	 00000001h   
PAGE_READONLY  . . . . . . . . .	Number	 00000002h   
PAGE_READWRITE . . . . . . . . .	Number	 00000004h   
PAGE_WRITECOPY . . . . . . . . .	Number	 00000008h   
PAUSE  . . . . . . . . . . . . .	Text   	 pause
Pause  . . . . . . . . . . . . .	Text   	 pause
READKEY  . . . . . . . . . . . .	Text   	 readkey
ReadKey  . . . . . . . . . . . .	Text   	 readkey
Red  . . . . . . . . . . . . . .	Number	 00000004h   
STD_ERROR_HANDLE . . . . . . . .	Number	 -0000000Ch   
STD_INPUT_HANDLE . . . . . . . .	Number	 -0000000Ah   
STD_OUTPUT_HANDLE  . . . . . . .	Number	 -0000000Bh   
SetConsoleTitle  . . . . . . . .	Text   	 SetConsoleTitleA
Start  . . . . . . . . . . . . .	L Near	 000006AA _TEXT	Public STDCALL
TRUNCATE_EXISTING  . . . . . . .	Number	 00000005h   
URLDownloadToFile  . . . . . . .	Text   	 URLDownloadToFileA
White  . . . . . . . . . . . . .	Number	 0000000Fh   
X  . . . . . . . . . . . . . . .	DWord	 000002E5 _DATA	
Yellow . . . . . . . . . . . . .	Number	 0000000Eh   
_10  . . . . . . . . . . . . . .	DWord	 0000001D _DATA	
_imp__MessageBoxA@16 . . . . . .	DWord	 00000000 FLAT	External STDCALL
_imp___exit  . . . . . . . . . .	DWord	 00000000 FLAT	External STDCALL
_imp__printf . . . . . . . . . .	DWord	 00000000 FLAT	External STDCALL
_imp__scanf  . . . . . . . . . .	DWord	 00000000 FLAT	External STDCALL
_imp__sprintf  . . . . . . . . .	DWord	 00000000 FLAT	External STDCALL
black  . . . . . . . . . . . . .	Number	 00000000h   
blue . . . . . . . . . . . . . .	Number	 00000001h   
bright . . . . . . . . . . . . .	Number	 00000008h   
brown  . . . . . . . . . . . . .	Number	 00000006h   
clrscr . . . . . . . . . . . . .	Text   	 ClrScr
crt__exit  . . . . . . . . . . .	Text   	 _imp___exit
crt_printf . . . . . . . . . . .	Text   	 _imp__printf
crt_scanf  . . . . . . . . . . .	Text   	 _imp__scanf
crt_sprintf  . . . . . . . . . .	Text   	 _imp__sprintf
cyan . . . . . . . . . . . . . .	Number	 00000003h   
darkgray . . . . . . . . . . . .	Number	 00000008h   
dos  . . . . . . . . . . . . . .	Text   	 DOS
downloadfile . . . . . . . . . .	Text   	 DownloadFile
fmt  . . . . . . . . . . . . . .	Byte	 00000021 _DATA	
gotoxy . . . . . . . . . . . . .	Text   	 gotoXY
green  . . . . . . . . . . . . .	Number	 00000002h   
heapblocksize  . . . . . . . . .	Text   	 HeapBlockSize
inputstr . . . . . . . . . . . .	Text   	 InputStr
lightblue  . . . . . . . . . . .	Number	 00000009h   
lightgray  . . . . . . . . . . .	Number	 00000007h   
lightgreen . . . . . . . . . . .	Number	 0000000Ah   
lightmagenta . . . . . . . . . .	Number	 0000000Dh   
lightred . . . . . . . . . . . .	Number	 0000000Ch   
magenta  . . . . . . . . . . . .	Number	 00000005h   
msgbox . . . . . . . . . . . . .	Text   	 MsgBox
nil  . . . . . . . . . . . . . .	DWord 	 00000000h   
outch  . . . . . . . . . . . . .	Text   	 outchar
outintLn . . . . . . . . . . . .	Text   	 outintln
outi . . . . . . . . . . . . . .	Text   	 outint
outu . . . . . . . . . . . . . .	Text   	 outword
outwordLn  . . . . . . . . . . .	Text   	 outwordln
randomize  . . . . . . . . . . .	Text   	 Randomize
red  . . . . . . . . . . . . . .	Number	 00000004h   
settextattr  . . . . . . . . . .	Text   	 SetTextAttr
whereX . . . . . . . . . . . . .	Text   	 WhereX
whereY . . . . . . . . . . . . .	Text   	 WhereY
wherex . . . . . . . . . . . . .	Text   	 WhereX
wherey . . . . . . . . . . . . .	Text   	 WhereY
white  . . . . . . . . . . . . .	Number	 0000000Fh   
yellow . . . . . . . . . . . . .	Number	 0000000Eh   

	   0 Warnings
	   0 Errors
