Microsoft (R) Macro Assembler Version 6.14.8444		    03/07/22 13:19:26
a.asm							     Page 1 - 1


				include console.inc
			      C .NOLIST
			      C .LIST
			      C ; Исключение из списка служебных слов
			      C option NoKeyWord: <c name str>
			      C 
			      C 
			      C 
			      C 
			      C ;include masm32.inc
			      C 
			      C    includelib masm32.lib
			      C    includelib user32.lib
			      C    includelib kernel32.lib
			      C    includelib msvcrt.lib
			      C    
			      C 

				COMMENT *
				   Ввод целого числа, вывод его зеркального вида,
				   например, -1234 => 4321-
				   работает даже при значении числа = MinLongint
				*

 000002E1			.data
 000002E1 00000000		   X   dd ?
 000002E5 00000000		   Y   dd ?
 000002E9 0000			Z dw ?
 000003C0			.code
 000003C0			Begin_of_program:
				   clrscr
				   GotoXY 10,3
				   ConsoleTitle "  Вывод зеркального вида целого числа"
				   newline 2
				   inintln X,' Введите целое  X = '
 00000598  0F 82 000002EE	   jc   Error
 0000059E  0F 89 000000AA	   jns  L0
 000005A4  9C			   pushfd
				   outstrln "Плохой конец лексемы целого числа!"
 0000064D  9D			   popfd
 0000064E  74 72		L0:jz   Minus
				   outstr ' Зеркальный вид X = '
 0000068D  BB 0000000A		   mov  ebx,10
 00000692  A1 000002E1 R	   mov  eax,X
 00000697  BA 00000000		M: mov  edx,0; беззнаковое число
 0000069C  F7 F3		   div  ebx
				   outword dl; Последняя цифра
 000006B8  83 F8 00		   cmp  eax,0
 000006BB  75 DA		   jne  M
 000006BD  E9 000000DE		   jmp  L2
 000006C2			Minus:
				   outstr ' Зеркальный вид X = '
 000006FF  BB 0000000A		   mov  ebx,10
 00000704  A1 000002E1 R	   mov  eax,X
 00000709  A3 000002E5 R	   mov  Y,eax
 0000070E  99			L: cdq
 0000070F  F7 FB		   idiv  ebx
 00000711  F7 DA		L1:neg  edx
 00000713  78 FC		   js   L1;    abs(Последняя цифра)
				   outword dl; Последняя цифра
 0000072F  83 F8 00		   cmp  eax,0
 00000732  75 DA		   jne  L
 00000734  83 3D 000002E5 R	   cmp  Y,0
	   00
 0000073B  7D 63		   jge  L2
				   outchar '-' 
 000007A0			L2:
				   newline
				   MsgBox "Конец задачи","Попробуем ещё одно число ?",MB_RETRYCANCEL+MB_ICONQUESTION
 0000087E  83 F8 04		   cmp  eax,IDRETRY
 00000881  0F 85 000000B2	   jne  KOH
				;   flush
 00000887  E9 FFFFFB34		   jmp  Begin_of_program
 0000088C			Error:
				   outstrln "Введено плохое целое число!"
 00000934  E9 FFFFFE67		   jmp  L2
 00000939			KOH:
				   exit
				   end Begin_of_program
Microsoft (R) Macro Assembler Version 6.14.8444		    03/07/22 13:19:26
a.asm							     Symbols 2 - 1




Macros:

                N a m e                 Type

??CheckStrToBuf  . . . . . . . .	Proc
??FindESP  . . . . . . . . . . .	Proc
??RestoreReg . . . . . . . . . .	Proc
??SaveReg  . . . . . . . . . . .	Proc
@GetCommandLine  . . . . . . . .	Func
@Random  . . . . . . . . . . . .	Func
@inchar  . . . . . . . . . . . .	Func
@inintln . . . . . . . . . . . .	Func
@inint . . . . . . . . . . . . .	Func
@readkey . . . . . . . . . . . .	Func
ChagePageAttr  . . . . . . . . .	Proc
ClrScr . . . . . . . . . . . . .	Proc
ConsoleMode  . . . . . . . . . .	Proc
ConsoleTitle . . . . . . . . . .	Proc
DOS  . . . . . . . . . . . . . .	Func
DownloadFile . . . . . . . . . .	Proc
GetConsoleTitle  . . . . . . . .	Proc
HeapBlockSize  . . . . . . . . .	Proc
InputStr . . . . . . . . . . . .	Proc
MsgBox . . . . . . . . . . . . .	Proc
NewConsole . . . . . . . . . . .	Proc
OpenFile . . . . . . . . . . . .	Proc
OutFlags . . . . . . . . . . . .	Proc
Randomize  . . . . . . . . . . .	Proc
RunExe . . . . . . . . . . . . .	Proc
SetScreenSize  . . . . . . . . .	Proc
SetTextAttr  . . . . . . . . . .	Proc
TotalHeapAllocated . . . . . . .	Proc
WhereX . . . . . . . . . . . . .	Proc
WhereY . . . . . . . . . . . . .	Proc
dispose  . . . . . . . . . . . .	Proc
exit . . . . . . . . . . . . . .	Proc
flush  . . . . . . . . . . . . .	Proc
gotoXY . . . . . . . . . . . . .	Proc
inchar . . . . . . . . . . . . .	Proc
inintln  . . . . . . . . . . . .	Proc
inint  . . . . . . . . . . . . .	Proc
newline  . . . . . . . . . . . .	Proc
new  . . . . . . . . . . . . . .	Proc
outcharln  . . . . . . . . . . .	Proc
outchar  . . . . . . . . . . . .	Proc
outdateln  . . . . . . . . . . .	Proc
outdate  . . . . . . . . . . . .	Proc
outintln . . . . . . . . . . . .	Proc
outint . . . . . . . . . . . . .	Proc
outnumln . . . . . . . . . . . .	Proc
outnum . . . . . . . . . . . . .	Proc
outstrln . . . . . . . . . . . .	Proc
outstr . . . . . . . . . . . . .	Proc
outtimeln  . . . . . . . . . . .	Proc
outtime  . . . . . . . . . . . .	Proc
outwordln  . . . . . . . . . . .	Proc
outword  . . . . . . . . . . . .	Proc
pause  . . . . . . . . . . . . .	Proc
readkey  . . . . . . . . . . . .	Proc


Structures and Unions:

                N a m e                  Size
                                         Offset      Type

CONSOLE_SCREEN_BUFFER_INFO . . .	 00000016
  dwSize . . . . . . . . . . . .	 00000000	 DWord
  dwCursorPosition . . . . . . .	 00000004	 DWord
  wAttributes  . . . . . . . . .	 00000008	 Word
  srWindow . . . . . . . . . . .	 0000000A	 QWord
  dwMaximumWindowSize  . . . . .	 00000012	 DWord
COORD  . . . . . . . . . . . . .	 00000004
  x  . . . . . . . . . . . . . .	 00000000	 Word
  y  . . . . . . . . . . . . . .	 00000002	 Word
SMALL_RECT . . . . . . . . . . .	 00000008
  Left . . . . . . . . . . . . .	 00000000	 Word
  Top  . . . . . . . . . . . . .	 00000002	 Word
  Right  . . . . . . . . . . . .	 00000004	 Word
  Bottom . . . . . . . . . . . .	 00000006	 Word
SystemTime . . . . . . . . . . .	 00000010
  wYear  . . . . . . . . . . . .	 00000000	 Word
  wMonth . . . . . . . . . . . .	 00000002	 Word
  wDayOfWeek . . . . . . . . . .	 00000004	 Word
  wDay . . . . . . . . . . . . .	 00000006	 Word
  wHour  . . . . . . . . . . . .	 00000008	 Word
  wMinute  . . . . . . . . . . .	 0000000A	 Word
  wSecond  . . . . . . . . . . .	 0000000C	 Word
  wMilliseconds  . . . . . . . .	 0000000E	 Word


Types:

                N a m e                  Size     Attr

c_msvcrt . . . . . . . . . . . .	 00000004     CODE 
params4  . . . . . . . . . . . .	 00000004     CODE 


Segments and Groups:

                N a m e                 Size     Length   Align   Combine Class

FLAT . . . . . . . . . . . . . .	GROUP
STACK  . . . . . . . . . . . . .	32 Bit	 00001000 Para	  Stack	  'STACK'	 
_DATA  . . . . . . . . . . . . .	32 Bit	 00000B0B Para	  Public  'DATA'	
_TEXT  . . . . . . . . . . . . .	32 Bit	 00000941 Para	  Public  'CODE'	


Procedures,  parameters and locals:

                N a m e                 Type     Value    Attr

CharToOemA . . . . . . . . . . .	P Near	 00000000 FLAT	Length= 00000000 External STDCALL
ClearScreen  . . . . . . . . . .	P Near	 00000000 FLAT	Length= 00000000 External STDCALL
CloseHandle  . . . . . . . . . .	P Near	 00000000 FLAT	Length= 00000000 External STDCALL
CreateFileA  . . . . . . . . . .	P Near	 00000000 FLAT	Length= 00000000 External STDCALL
ExitProcess  . . . . . . . . . .	P Near	 00000000 FLAT	Length= 00000000 External STDCALL
GetCommandLineA  . . . . . . . .	P Near	 00000000 FLAT	Length= 00000000 External STDCALL
GetConsoleScreenBufferInfo . . .	P Near	 00000000 FLAT	Length= 00000000 External STDCALL
GetConsoleTitleA . . . . . . . .	P Near	 00000000 FLAT	Length= 00000000 External STDCALL
GetModuleHandleA . . . . . . . .	P Near	 00000000 FLAT	Length= 00000000 External STDCALL
GetStdHandle . . . . . . . . . .	P Near	 00000000 FLAT	Length= 00000000 External STDCALL
GetSystemMetrics . . . . . . . .	P Near	 00000000 FLAT	Length= 00000000 External STDCALL
GetSystemTime  . . . . . . . . .	P Near	 00000000 FLAT	Length= 00000000 External STDCALL
GetTickCount . . . . . . . . . .	P Near	 00000000 FLAT	Length= 00000000 External STDCALL
GlobalAlloc  . . . . . . . . . .	P Near	 00000000 FLAT	Length= 00000000 External STDCALL
GlobalFree . . . . . . . . . . .	P Near	 00000000 FLAT	Length= 00000000 External STDCALL
GlobalSize . . . . . . . . . . .	P Near	 00000000 FLAT	Length= 00000000 External STDCALL
InternetGetConnectedState  . . .	P Near	 00000000 FLAT	Length= 00000000 External STDCALL
MessageBoxIndirectA  . . . . . .	P Near	 00000000 FLAT	Length= 00000000 External STDCALL
SetConsoleCtrlHandler  . . . . .	P Near	 00000000 FLAT	Length= 00000000 External STDCALL
SetConsoleCursorPosition . . . .	P Near	 00000000 FLAT	Length= 00000000 External STDCALL
SetConsoleScreenBufferSize . . .	P Near	 00000000 FLAT	Length= 00000000 External STDCALL
SetConsoleTextAttribute  . . . .	P Near	 00000000 FLAT	Length= 00000000 External STDCALL
SetConsoleTitleA . . . . . . . .	P Near	 00000000 FLAT	Length= 00000000 External STDCALL
Sleep  . . . . . . . . . . . . .	P Near	 00000000 FLAT	Length= 00000000 External STDCALL
StdIn  . . . . . . . . . . . . .	P Near	 00000000 FLAT	Length= 00000000 External STDCALL
StdOut . . . . . . . . . . . . .	P Near	 00000000 FLAT	Length= 00000000 External STDCALL
URLDownloadToFileA . . . . . . .	P Near	 00000000 FLAT	Length= 00000000 External STDCALL
VirtualProtect . . . . . . . . .	P Near	 00000000 FLAT	Length= 00000000 External STDCALL
WinToDos . . . . . . . . . . . .	P Near	 00000000 _TEXT	Length= 00000032 Public STDCALL
  @L . . . . . . . . . . . . . .	L Near	 00000003 _TEXT	
  @L2  . . . . . . . . . . . . .	L Near	 0000002A _TEXT	
  @Voz . . . . . . . . . . . . .	L Near	 0000002F _TEXT	
inint_proc . . . . . . . . . . .	P Near	 00000032 _TEXT	Length= 0000038E Public STDCALL
  @MM  . . . . . . . . . . . . .	L Near	 0000004C _TEXT	
  @@KOH1 . . . . . . . . . . . .	L Near	 000001CB _TEXT	
  @@KOH  . . . . . . . . . . . .	L Near	 000001D2 _TEXT	
  @VOZ . . . . . . . . . . . . .	L Near	 000001FA _TEXT	
  @@Error  . . . . . . . . . . .	L Near	 000001FE _TEXT	
  ??0005 . . . . . . . . . . . .	L Near	 0000023E _TEXT	
  ??000D . . . . . . . . . . . .	L Near	 00000271 _TEXT	
  ??000E . . . . . . . . . . . .	L Near	 000002A5 _TEXT	
  @@Error1 . . . . . . . . . . .	L Near	 000002DF _TEXT	
  ??0014 . . . . . . . . . . . .	L Near	 0000031F _TEXT	
  ??001C . . . . . . . . . . . .	L Near	 00000352 _TEXT	
  ??001D . . . . . . . . . . . .	L Near	 00000386 _TEXT	
nrandom  . . . . . . . . . . . .	P Near	 00000000 FLAT	Length= 00000000 External STDCALL
nseed  . . . . . . . . . . . . .	P Near	 00000000 FLAT	Length= 00000000 External STDCALL
shell_ex . . . . . . . . . . . .	P Near	 00000000 FLAT	Length= 00000000 External STDCALL
shell  . . . . . . . . . . . . .	P Near	 00000000 FLAT	Length= 00000000 External STDCALL
wait_key . . . . . . . . . . . .	P Near	 00000000 FLAT	Length= 00000000 External STDCALL


Symbols:

                N a m e                 Type     Value    Attr

??0000 . . . . . . . . . . . . .	Byte	 00000054 _DATA	
??0001 . . . . . . . . . . . . .	Byte	 00000025 _DATA	
??0002 . . . . . . . . . . . . .	Text   	 "
??0003 . . . . . . . . . . . . .	Byte	 00000024 _DATA	
??0006 . . . . . . . . . . . . .	Number	 00000000h   
??0007 . . . . . . . . . . . . .	Byte	 00000057 _DATA	
??0009 . . . . . . . . . . . . .	Byte	 00000186 _DATA	
??000A . . . . . . . . . . . . .	Byte	 0000005A _DATA	
??000B . . . . . . . . . . . . .	Text   	 o
??000C . . . . . . . . . . . . .	Byte	 00000059 _DATA	
??000F . . . . . . . . . . . . .	Byte	 000001AC _DATA	
??0010 . . . . . . . . . . . . .	Byte	 0000018A _DATA	
??0011 . . . . . . . . . . . . .	Text   	 "
??0012 . . . . . . . . . . . . .	Byte	 00000189 _DATA	
??0015 . . . . . . . . . . . . .	Number	 00000000h   
??0016 . . . . . . . . . . . . .	Byte	 000001AF _DATA	
??0018 . . . . . . . . . . . . .	Byte	 000002DE _DATA	
??0019 . . . . . . . . . . . . .	Byte	 000001B2 _DATA	
??001A . . . . . . . . . . . . .	Text   	 o
??001B . . . . . . . . . . . . .	Byte	 000001B1 _DATA	
??001E . . . . . . . . . . . . .	Word	 000002EB _DATA	
??001F . . . . . . . . . . . . .	Byte	 000002F0 _DATA	
??0020 . . . . . . . . . . . . .	Text   	 "
??0021 . . . . . . . . . . . . .	Byte	 000002EF _DATA	
??0023 . . . . . . . . . . . . .	L Near	 00000443 _TEXT	
??0024 . . . . . . . . . . . . .	Number	 00000000h   
??0025 . . . . . . . . . . . . .	Byte	 00000316 _DATA	
??0027 . . . . . . . . . . . . .	Byte	 00000445 _DATA	
??0028 . . . . . . . . . . . . .	Byte	 00000319 _DATA	
??0029 . . . . . . . . . . . . .	Text   	 o
??002A . . . . . . . . . . . . .	Byte	 00000318 _DATA	
??002B . . . . . . . . . . . . .	L Near	 0000046C _TEXT	
??002C . . . . . . . . . . . . .	L Near	 000004A0 _TEXT	
??002D . . . . . . . . . . . . .	Number	 00000000h   
??002E . . . . . . . . . . . . .	Byte	 00000448 _DATA	
??0030 . . . . . . . . . . . . .	Byte	 00000577 _DATA	
??0031 . . . . . . . . . . . . .	Byte	 0000044B _DATA	
??0032 . . . . . . . . . . . . .	Text   	 o
??0033 . . . . . . . . . . . . .	Byte	 0000044A _DATA	
??0034 . . . . . . . . . . . . .	L Near	 000004CF _TEXT	
??0035 . . . . . . . . . . . . .	L Near	 00000503 _TEXT	
??0036 . . . . . . . . . . . . .	Number	 00000000h   
??0037 . . . . . . . . . . . . .	DWord	 0000057A _DATA	
??0038 . . . . . . . . . . . . .	Byte	 00000594 _DATA	
??0039 . . . . . . . . . . . . .	Byte	 0000057F _DATA	
??003A . . . . . . . . . . . . .	Text   	 "
??003B . . . . . . . . . . . . .	Byte	 0000057E _DATA	
??003D . . . . . . . . . . . . .	L Near	 00000544 _TEXT	
??003E . . . . . . . . . . . . .	Byte	 00000597 _DATA	
??0040 . . . . . . . . . . . . .	L Near	 00000575 _TEXT	
??0041 . . . . . . . . . . . . .	Byte	 000005BE _DATA	
??0042 . . . . . . . . . . . . .	Byte	 0000059B _DATA	
??0043 . . . . . . . . . . . . .	Text   	 "
??0044 . . . . . . . . . . . . .	Byte	 0000059A _DATA	
??0046 . . . . . . . . . . . . .	L Near	 000005CE _TEXT	
??0047 . . . . . . . . . . . . .	Number	 00000000h   
??0048 . . . . . . . . . . . . .	Byte	 000005C1 _DATA	
??004A . . . . . . . . . . . . .	Byte	 000006F0 _DATA	
??004B . . . . . . . . . . . . .	Byte	 000005C4 _DATA	
??004C . . . . . . . . . . . . .	Text   	 o
??004D . . . . . . . . . . . . .	Byte	 000005C3 _DATA	
??004E . . . . . . . . . . . . .	L Near	 00000601 _TEXT	
??004F . . . . . . . . . . . . .	L Near	 00000635 _TEXT	
??0050 . . . . . . . . . . . . .	Byte	 00000709 _DATA	
??0051 . . . . . . . . . . . . .	Byte	 000006F4 _DATA	
??0052 . . . . . . . . . . . . .	Text   	 "
??0053 . . . . . . . . . . . . .	Byte	 000006F3 _DATA	
??0055 . . . . . . . . . . . . .	L Near	 00000679 _TEXT	
??0056 . . . . . . . . . . . . .	Number	 00000000h   
??0057 . . . . . . . . . . . . .	Number	 00000001h   
??0058 . . . . . . . . . . . . .	Number	 00000000h   
??0059 . . . . . . . . . . . . .	Byte	 0000070C _DATA	
??0061 . . . . . . . . . . . . .	Number	 00000001h   
??0063 . . . . . . . . . . . . .	Byte	 00000725 _DATA	
??0064 . . . . . . . . . . . . .	Byte	 00000710 _DATA	
??0065 . . . . . . . . . . . . .	Text   	 "
??0066 . . . . . . . . . . . . .	Byte	 0000070F _DATA	
??0068 . . . . . . . . . . . . .	L Near	 000006EB _TEXT	
??0069 . . . . . . . . . . . . .	Number	 00000000h   
??006A . . . . . . . . . . . . .	Number	 00000001h   
??006B . . . . . . . . . . . . .	Number	 00000000h   
??006C . . . . . . . . . . . . .	Byte	 00000728 _DATA	
??0074 . . . . . . . . . . . . .	Number	 00000001h   
??0076 . . . . . . . . . . . . .	Number	 00000000h   
??0077 . . . . . . . . . . . . .	Byte	 0000072B _DATA	
??0079 . . . . . . . . . . . . .	Byte	 0000085A _DATA	
??007A . . . . . . . . . . . . .	Byte	 0000072E _DATA	
??007B . . . . . . . . . . . . .	Text   	 o
??007C . . . . . . . . . . . . .	Byte	 0000072D _DATA	
??007D . . . . . . . . . . . . .	L Near	 00000758 _TEXT	
??007E . . . . . . . . . . . . .	L Near	 0000078C _TEXT	
??007F . . . . . . . . . . . . .	Number	 00000000h   
??0080 . . . . . . . . . . . . .	Byte	 0000085D _DATA	
??0082 . . . . . . . . . . . . .	Byte	 0000098C _DATA	
??0083 . . . . . . . . . . . . .	Byte	 00000860 _DATA	
??0084 . . . . . . . . . . . . .	Text   	 o
??0085 . . . . . . . . . . . . .	Byte	 0000085F _DATA	
??0086 . . . . . . . . . . . . .	L Near	 000007BF _TEXT	
??0087 . . . . . . . . . . . . .	L Near	 000007F3 _TEXT	
??008E . . . . . . . . . . . . .	Byte	 00000990 _DATA	
??008F . . . . . . . . . . . . .	Text   	 "
??0090 . . . . . . . . . . . . .	Byte	 0000098F _DATA	
??0092 . . . . . . . . . . . . .	L Near	 0000083A _TEXT	
??0093 . . . . . . . . . . . . .	Byte	 0000099E _DATA	
??0094 . . . . . . . . . . . . .	Text   	 "
??0095 . . . . . . . . . . . . .	Byte	 0000099D _DATA	
??0097 . . . . . . . . . . . . .	L Near	 00000860 _TEXT	
??0098 . . . . . . . . . . . . .	Byte	 000009D6 _DATA	
??0099 . . . . . . . . . . . . .	Byte	 000009BA _DATA	
??009A . . . . . . . . . . . . .	Text   	 "
??009B . . . . . . . . . . . . .	Byte	 000009B9 _DATA	
??009D . . . . . . . . . . . . .	L Near	 000008B5 _TEXT	
??009E . . . . . . . . . . . . .	Number	 00000000h   
??009F . . . . . . . . . . . . .	Byte	 000009D9 _DATA	
??00A1 . . . . . . . . . . . . .	Byte	 00000B08 _DATA	
??00A2 . . . . . . . . . . . . .	Byte	 000009DC _DATA	
??00A3 . . . . . . . . . . . . .	Text   	 o
??00A4 . . . . . . . . . . . . .	Byte	 000009DB _DATA	
??00A5 . . . . . . . . . . . . .	L Near	 000008E8 _TEXT	
??00A6 . . . . . . . . . . . . .	L Near	 0000091C _TEXT	
??CommonHeapElemSize . . . . . .	DWord	 00000004 _DATA	
??ConsoleMode  . . . . . . . . .	Byte	 00000008 _DATA	
??TotalHeapAllocated . . . . . .	DWord	 00000000 _DATA	
??buf  . . . . . . . . . . . . .	Byte	 00000019 _DATA	
??sTime  . . . . . . . . . . . .	SystemTime  00000009 _DATA	
@CodeSize  . . . . . . . . . . .	Number	 00000000h   
@DOS . . . . . . . . . . . . . .	Text   	 DOS
@DataSize  . . . . . . . . . . .	Number	 00000000h   
@INCHAR  . . . . . . . . . . . .	Text   	 @inchar
@ININTLN . . . . . . . . . . . .	Text   	 @inintln
@ININT . . . . . . . . . . . . .	Text   	 @inint
@InChar  . . . . . . . . . . . .	Text   	 @inchar
@InInt . . . . . . . . . . . . .	Text   	 @inint
@Inchar  . . . . . . . . . . . .	Text   	 @inchar
@InintLn . . . . . . . . . . . .	Text   	 @inintln
@Inintln . . . . . . . . . . . .	Text   	 @inintln
@Inint . . . . . . . . . . . . .	Text   	 @inint
@Interface . . . . . . . . . . .	Number	 00000003h   
@Model . . . . . . . . . . . . .	Number	 00000007h   
@READKEY . . . . . . . . . . . .	Text   	 @readkey
@ReadKey . . . . . . . . . . . .	Text   	 @readkey
@code  . . . . . . . . . . . . .	Text   	 _TEXT
@data  . . . . . . . . . . . . .	Text   	 FLAT
@dos . . . . . . . . . . . . . .	Text   	 DOS
@fardata?  . . . . . . . . . . .	Text   	 FLAT
@fardata . . . . . . . . . . . .	Text   	 FLAT
@random  . . . . . . . . . . . .	Text   	 @Random
@stack . . . . . . . . . . . . .	Text   	 FLAT
AllocConsole@0 . . . . . . . . .	L Near	 00000000 FLAT	External STDCALL
Begin_of_program . . . . . . . .	L Near	 000003C0 _TEXT	Public STDCALL
Black  . . . . . . . . . . . . .	Number	 00000000h   
Blue . . . . . . . . . . . . . .	Number	 00000001h   
Bright . . . . . . . . . . . . .	Number	 00000008h   
Brown  . . . . . . . . . . . . .	Number	 00000006h   
CLRSCR . . . . . . . . . . . . .	Text   	 ClrScr
CREATE_ALWAYS  . . . . . . . . .	Number	 00000002h   
CREATE_NEW . . . . . . . . . . .	Number	 00000001h   
CharToOem  . . . . . . . . . . .	Text   	 CharToOemA
Cls  . . . . . . . . . . . . . .	Text   	 ClrScr
CreateFile . . . . . . . . . . .	Text   	 CreateFileA
Cyan . . . . . . . . . . . . . .	Number	 00000003h   
DISPOSE  . . . . . . . . . . . .	Text   	 dispose
DarkGray . . . . . . . . . . . .	Number	 00000008h   
Dispose  . . . . . . . . . . . .	Text   	 dispose
EXIT . . . . . . . . . . . . . .	Text   	 exit
Error  . . . . . . . . . . . . .	L Near	 0000088C _TEXT	
Exit . . . . . . . . . . . . . .	Text   	 exit
FILE_ATTRIBUTE_ARCHIVE . . . . .	Number	 00000020h   
FILE_ATTRIBUTE_COMPRESSED  . . .	Number	 00000800h   
FILE_ATTRIBUTE_DIRECTORY . . . .	Number	 00000010h   
FILE_ATTRIBUTE_HIDDEN  . . . . .	Number	 00000002h   
FILE_ATTRIBUTE_NORMAL  . . . . .	Number	 00000080h   
FILE_ATTRIBUTE_READONLY  . . . .	Number	 00000001h   
FILE_ATTRIBUTE_SYSTEM  . . . . .	Number	 00000004h   
FILE_ATTRIBUTE_TEMPORARY . . . .	Number	 00000100h   
FLUSH  . . . . . . . . . . . . .	Text   	 flush
Flush  . . . . . . . . . . . . .	Text   	 flush
FreeConsole@0  . . . . . . . . .	L Near	 00000000 FLAT	External STDCALL
GENERIC_ALL  . . . . . . . . . .	Number	 10000000h   
GENERIC_EXECUTE  . . . . . . . .	Number	 20000000h   
GENERIC_READ . . . . . . . . . .	Number	 -80000000h   
GENERIC_WRITE  . . . . . . . . .	Number	 40000000h   
GMEM_FIXED . . . . . . . . . . .	Number	 00000000h   
GMEM_ZEROINIT  . . . . . . . . .	Number	 00000040h   
GOTOXY . . . . . . . . . . . . .	Text   	 gotoXY
GetModuleHandle  . . . . . . . .	Text   	 GetModuleHandleA
GotoXY . . . . . . . . . . . . .	Text   	 gotoXY
Green  . . . . . . . . . . . . .	Number	 00000002h   
IDABORT  . . . . . . . . . . . .	Number	 00000003h   
IDCANCEL . . . . . . . . . . . .	Number	 00000002h   
IDIGNORE . . . . . . . . . . . .	Number	 00000005h   
IDNO . . . . . . . . . . . . . .	Number	 00000007h   
IDOK . . . . . . . . . . . . . .	Number	 00000001h   
IDRETRY  . . . . . . . . . . . .	Number	 00000004h   
IDYES  . . . . . . . . . . . . .	Number	 00000006h   
INCHAR . . . . . . . . . . . . .	Text   	 inchar
ININTLN  . . . . . . . . . . . .	Text   	 inintln
ININT  . . . . . . . . . . . . .	Text   	 inint
INPUTSTR . . . . . . . . . . . .	Text   	 InputStr
InChar . . . . . . . . . . . . .	Text   	 inchar
InInt  . . . . . . . . . . . . .	Text   	 inint
Inchar . . . . . . . . . . . . .	Text   	 inchar
InintLn  . . . . . . . . . . . .	Text   	 inintln
Inintln  . . . . . . . . . . . .	Text   	 inintln
Inint  . . . . . . . . . . . . .	Text   	 inint
KOH  . . . . . . . . . . . . . .	L Near	 00000939 _TEXT	
L0 . . . . . . . . . . . . . . .	L Near	 0000064E _TEXT	
L1 . . . . . . . . . . . . . . .	L Near	 00000711 _TEXT	
L2 . . . . . . . . . . . . . . .	L Near	 000007A0 _TEXT	
LANG_NEUTRAL . . . . . . . . . .	Number	 00000000h   
LightBlue  . . . . . . . . . . .	Number	 00000009h   
LightGray  . . . . . . . . . . .	Number	 00000007h   
LightGreen . . . . . . . . . . .	Number	 0000000Ah   
LightMagenta . . . . . . . . . .	Number	 0000000Dh   
LightRed . . . . . . . . . . . .	Number	 0000000Ch   
L  . . . . . . . . . . . . . . .	L Near	 0000070E _TEXT	
MB_ABORTRETRYIGNORE  . . . . . .	Number	 00000002h   
MB_CANCELTRYCONTINUE . . . . . .	Number	 00000006h   
MB_DEFBUTTON1  . . . . . . . . .	Number	 00000000h   
MB_DEFBUTTON2  . . . . . . . . .	Number	 00000100h   
MB_DEFBUTTON3  . . . . . . . . .	Number	 00000200h   
MB_DEFBUTTON4  . . . . . . . . .	Number	 00000300h   
MB_HELP  . . . . . . . . . . . .	Number	 00004000h   
MB_ICONASTERISK  . . . . . . . .	Number	 00000040h   
MB_ICONEXCLAMATION . . . . . . .	Number	 00000030h   
MB_ICONHAND  . . . . . . . . . .	Number	 00000008h   
MB_ICONQUESTION  . . . . . . . .	Number	 00000020h   
MB_ICONSTOP  . . . . . . . . . .	Number	 00000010h   
MB_OKCANCEL  . . . . . . . . . .	Number	 00000001h   
MB_OK  . . . . . . . . . . . . .	Number	 00000000h   
MB_RETRYCANCEL . . . . . . . . .	Number	 00000005h   
MB_RIGHT . . . . . . . . . . . .	Number	 00080000h   
MB_SYSTEMMODAL . . . . . . . . .	Number	 00001000h   
MB_USERICON  . . . . . . . . . .	Number	 00000080h   
MB_YESNOCANCEL . . . . . . . . .	Number	 00000003h   
MB_YESNO . . . . . . . . . . . .	Number	 00000004h   
MSGBOX . . . . . . . . . . . . .	Text   	 MsgBox
Magenta  . . . . . . . . . . . .	Number	 00000005h   
MessageBoxIndirect . . . . . . .	Text   	 MessageBoxIndirectA
MessageBox . . . . . . . . . . .	Text   	 _imp__MessageBoxA@16
Minus  . . . . . . . . . . . . .	L Near	 000006C2 _TEXT	
M  . . . . . . . . . . . . . . .	L Near	 00000697 _TEXT	
NEWLINE  . . . . . . . . . . . .	Text   	 newline
NEW  . . . . . . . . . . . . . .	Text   	 new
NULL . . . . . . . . . . . . . .	Number	 00000000h   
NewLine  . . . . . . . . . . . .	Text   	 newline
Newline  . . . . . . . . . . . .	Text   	 newline
New  . . . . . . . . . . . . . .	Text   	 new
OPEN_ALWAYS  . . . . . . . . . .	Number	 00000004h   
OPEN_EXISTING  . . . . . . . . .	Number	 00000003h   
OUTCHARLN  . . . . . . . . . . .	Text   	 outcharln
OUTCHAR  . . . . . . . . . . . .	Text   	 outchar
OUTCH  . . . . . . . . . . . . .	Text   	 outchar
OUTCLN . . . . . . . . . . . . .	Text   	 outcharln
OUTDATELN  . . . . . . . . . . .	Text   	 outdateln
OUTDATE  . . . . . . . . . . . .	Text   	 outdate
OUTINTLN . . . . . . . . . . . .	Text   	 outintln
OUTINT . . . . . . . . . . . . .	Text   	 outint
OUTI . . . . . . . . . . . . . .	Text   	 outint
OUTSTRLN . . . . . . . . . . . .	Text   	 outstrln
OUTSTR . . . . . . . . . . . . .	Text   	 outstr
OUTTIMELN  . . . . . . . . . . .	Text   	 outtimeln
OUTTIME  . . . . . . . . . . . .	Text   	 outtime
OUTU . . . . . . . . . . . . . .	Text   	 outword
OUTWORDLN  . . . . . . . . . . .	Text   	 outwordln
OUTWORD  . . . . . . . . . . . .	Text   	 outword
OutCharLn  . . . . . . . . . . .	Text   	 outcharln
OutCharln  . . . . . . . . . . .	Text   	 outcharln
OutChar  . . . . . . . . . . . .	Text   	 outchar
OutDateLn  . . . . . . . . . . .	Text   	 outdateln
OutDateln  . . . . . . . . . . .	Text   	 outdateln
OutDate  . . . . . . . . . . . .	Text   	 outdate
OutILn . . . . . . . . . . . . .	Text   	 outintln
OutIln . . . . . . . . . . . . .	Text   	 outintln
OutIntLn . . . . . . . . . . . .	Text   	 outintln
OutInt . . . . . . . . . . . . .	Text   	 outint
OutI . . . . . . . . . . . . . .	Text   	 outint
OutNumLn . . . . . . . . . . . .	Text   	 outnumln
OutNumln . . . . . . . . . . . .	Text   	 outnumln
OutNum . . . . . . . . . . . . .	Text   	 outnum
OutStrLn . . . . . . . . . . . .	Text   	 outstrln
OutStr . . . . . . . . . . . . .	Text   	 outstr
OutTimeLn  . . . . . . . . . . .	Text   	 outtimeln
OutTimeln  . . . . . . . . . . .	Text   	 outtimeln
OutTime  . . . . . . . . . . . .	Text   	 outtime
OutULn . . . . . . . . . . . . .	Text   	 outwordln
OutUln . . . . . . . . . . . . .	Text   	 outwordln
OutUnsignedLn  . . . . . . . . .	Text   	 outwordln
OutUnsignedln  . . . . . . . . .	Text   	 outwordln
OutUnsigned  . . . . . . . . . .	Text   	 outword
OutU . . . . . . . . . . . . . .	Text   	 outword
OutWordLn  . . . . . . . . . . .	Text   	 outwordln
OutWord  . . . . . . . . . . . .	Text   	 outword
OutintLn . . . . . . . . . . . .	Text   	 outintln
Outintln . . . . . . . . . . . .	Text   	 outintln
Outint . . . . . . . . . . . . .	Text   	 outint
OutstrLn . . . . . . . . . . . .	Text   	 outstrln
OutwordLn  . . . . . . . . . . .	Text   	 outwordln
Outword  . . . . . . . . . . . .	Text   	 outword
PAGE_EXECUTE_READWRITE . . . . .	Number	 00000040h   
PAGE_EXECUTE_READ  . . . . . . .	Number	 00000020h   
PAGE_EXECUTE_WRITECOPY . . . . .	Number	 00000080h   
PAGE_EXECUTE . . . . . . . . . .	Number	 00000010h   
PAGE_NOACCESS  . . . . . . . . .	Number	 00000001h   
PAGE_READONLY  . . . . . . . . .	Number	 00000002h   
PAGE_READWRITE . . . . . . . . .	Number	 00000004h   
PAGE_WRITECOPY . . . . . . . . .	Number	 00000008h   
PAUSE  . . . . . . . . . . . . .	Text   	 pause
Pause  . . . . . . . . . . . . .	Text   	 pause
READKEY  . . . . . . . . . . . .	Text   	 readkey
ReadKey  . . . . . . . . . . . .	Text   	 readkey
Red  . . . . . . . . . . . . . .	Number	 00000004h   
STD_ERROR_HANDLE . . . . . . . .	Number	 -0000000Ch   
STD_INPUT_HANDLE . . . . . . . .	Number	 -0000000Ah   
STD_OUTPUT_HANDLE  . . . . . . .	Number	 -0000000Bh   
SetConsoleTitle  . . . . . . . .	Text   	 SetConsoleTitleA
TRUNCATE_EXISTING  . . . . . . .	Number	 00000005h   
URLDownloadToFile  . . . . . . .	Text   	 URLDownloadToFileA
White  . . . . . . . . . . . . .	Number	 0000000Fh   
X  . . . . . . . . . . . . . . .	DWord	 000002E1 _DATA	
Yellow . . . . . . . . . . . . .	Number	 0000000Eh   
Y  . . . . . . . . . . . . . . .	DWord	 000002E5 _DATA	
Z  . . . . . . . . . . . . . . .	Word	 000002E9 _DATA	
_10  . . . . . . . . . . . . . .	DWord	 0000001D _DATA	
_imp__MessageBoxA@16 . . . . . .	DWord	 00000000 FLAT	External STDCALL
_imp___exit  . . . . . . . . . .	DWord	 00000000 FLAT	External STDCALL
_imp__printf . . . . . . . . . .	DWord	 00000000 FLAT	External STDCALL
_imp__scanf  . . . . . . . . . .	DWord	 00000000 FLAT	External STDCALL
_imp__sprintf  . . . . . . . . .	DWord	 00000000 FLAT	External STDCALL
black  . . . . . . . . . . . . .	Number	 00000000h   
blue . . . . . . . . . . . . . .	Number	 00000001h   
bright . . . . . . . . . . . . .	Number	 00000008h   
brown  . . . . . . . . . . . . .	Number	 00000006h   
clrscr . . . . . . . . . . . . .	Text   	 ClrScr
crt__exit  . . . . . . . . . . .	Text   	 _imp___exit
crt_printf . . . . . . . . . . .	Text   	 _imp__printf
crt_scanf  . . . . . . . . . . .	Text   	 _imp__scanf
crt_sprintf  . . . . . . . . . .	Text   	 _imp__sprintf
cyan . . . . . . . . . . . . . .	Number	 00000003h   
darkgray . . . . . . . . . . . .	Number	 00000008h   
dos  . . . . . . . . . . . . . .	Text   	 DOS
downloadfile . . . . . . . . . .	Text   	 DownloadFile
fmt  . . . . . . . . . . . . . .	Byte	 00000021 _DATA	
gotoxy . . . . . . . . . . . . .	Text   	 gotoXY
green  . . . . . . . . . . . . .	Number	 00000002h   
heapblocksize  . . . . . . . . .	Text   	 HeapBlockSize
inputstr . . . . . . . . . . . .	Text   	 InputStr
lightblue  . . . . . . . . . . .	Number	 00000009h   
lightgray  . . . . . . . . . . .	Number	 00000007h   
lightgreen . . . . . . . . . . .	Number	 0000000Ah   
lightmagenta . . . . . . . . . .	Number	 0000000Dh   
lightred . . . . . . . . . . . .	Number	 0000000Ch   
magenta  . . . . . . . . . . . .	Number	 00000005h   
msgbox . . . . . . . . . . . . .	Text   	 MsgBox
nil  . . . . . . . . . . . . . .	DWord 	 00000000h   
outch  . . . . . . . . . . . . .	Text   	 outchar
outintLn . . . . . . . . . . . .	Text   	 outintln
outi . . . . . . . . . . . . . .	Text   	 outint
outu . . . . . . . . . . . . . .	Text   	 outword
outwordLn  . . . . . . . . . . .	Text   	 outwordln
randomize  . . . . . . . . . . .	Text   	 Randomize
red  . . . . . . . . . . . . . .	Number	 00000004h   
settextattr  . . . . . . . . . .	Text   	 SetTextAttr
whereX . . . . . . . . . . . . .	Text   	 WhereX
whereY . . . . . . . . . . . . .	Text   	 WhereY
wherex . . . . . . . . . . . . .	Text   	 WhereX
wherey . . . . . . . . . . . . .	Text   	 WhereY
white  . . . . . . . . . . . . .	Number	 0000000Fh   
yellow . . . . . . . . . . . . .	Number	 0000000Eh   

	   0 Warnings
	   0 Errors
