Microsoft (R) Macro Assembler Version 6.14.8444		    02/19/18 10:35:28
a.asm							     Page 1 - 1


				include console.inc
			      C .NOLIST
			      C .LIST
			      C 
			      C 
			      C ;include masm32.inc
			      C 
			      C    includelib masm32.lib
			      C    includelib user32.lib
			      C    includelib kernel32.lib
			      C    includelib msvcrt.lib
			      C    includelib io_proc.lib
			      C    
			      C 

				includelib wininet.lib
				COMMENT * 
				         Загрузка файла из сети
				*

				InternetGetConnectedState PROTO :DWORD,:DWORD
				 
 00000019			.data
 00000019 00000000		  lpdwFlags  dd ?
 0000001D 00000000		  dwReserved dd 0

 00000000			.code
 00000000			Start:
				   ClrScr
				   ConsoleTitle "   Загрузка файла из сети"
				   invoke InternetGetConnectedState,offset lpdwFlags,dwReserved
 00000048  83 F8 00		   cmp eax,0
 0000004B  0F 85 000000ED	   jne @F
				   outstrln "Нет соединения с Интернетом !"
				   exit
 0000013E			@@:outstrln "Есть соединение с Интернетом"
				   outnumln lpdwFlags,,X,"Статус Интернета="
				   outstrln "10h (INTERNET_RAS_INSTALLED) + 02h (INTERNET_CONNECTION_LAN)"
				   outstrln "Имя файла=http://arch32.cs.msu.su/semestr2/Programm.pdf"
				   outstrln "Загрузка в каталог=c:\temp\"
				   DownloadFile "http://arch32.cs.msu.su/semestr2/Programm.pdf","c:\temp\Programm.pdf" 
				   exit
				   end Start
Microsoft (R) Macro Assembler Version 6.14.8444		    02/19/18 10:35:28
a.asm							     Symbols 2 - 1




Macros:

                N a m e                 Type

??CheckStrToBuf  . . . . . . . .	Proc
??RestoreReg . . . . . . . . . .	Proc
??SaveReg  . . . . . . . . . . .	Proc
@inchar  . . . . . . . . . . . .	Func
@inintln . . . . . . . . . . . .	Func
@inint . . . . . . . . . . . . .	Func
@readkey . . . . . . . . . . . .	Func
ChagePageAttr  . . . . . . . . .	Proc
ClrScr . . . . . . . . . . . . .	Proc
ConsoleMode  . . . . . . . . . .	Proc
ConsoleTitle . . . . . . . . . .	Proc
DOS  . . . . . . . . . . . . . .	Func
DownloadFile . . . . . . . . . .	Proc
GetConsoleTitle  . . . . . . . .	Proc
HeapBlockSize  . . . . . . . . .	Proc
InputStr . . . . . . . . . . . .	Proc
MsgBox . . . . . . . . . . . . .	Proc
NewConsole . . . . . . . . . . .	Proc
OpenFile . . . . . . . . . . . .	Proc
RunExe . . . . . . . . . . . . .	Proc
SetScreenSize  . . . . . . . . .	Proc
SetTextAttr  . . . . . . . . . .	Proc
TotalHeapAllocated . . . . . . .	Proc
WhereX . . . . . . . . . . . . .	Proc
WhereY . . . . . . . . . . . . .	Proc
dispose  . . . . . . . . . . . .	Proc
exit . . . . . . . . . . . . . .	Proc
flush  . . . . . . . . . . . . .	Proc
gotoXY . . . . . . . . . . . . .	Proc
inchar . . . . . . . . . . . . .	Proc
inintln  . . . . . . . . . . . .	Proc
inint  . . . . . . . . . . . . .	Proc
newline  . . . . . . . . . . . .	Proc
new  . . . . . . . . . . . . . .	Proc
outcharln  . . . . . . . . . . .	Proc
outchar  . . . . . . . . . . . .	Proc
outdateln  . . . . . . . . . . .	Proc
outdate  . . . . . . . . . . . .	Proc
outintln . . . . . . . . . . . .	Proc
outint . . . . . . . . . . . . .	Proc
outnumln . . . . . . . . . . . .	Proc
outnum . . . . . . . . . . . . .	Proc
outstrln . . . . . . . . . . . .	Proc
outstr . . . . . . . . . . . . .	Proc
outtimeln  . . . . . . . . . . .	Proc
outtime  . . . . . . . . . . . .	Proc
outwordln  . . . . . . . . . . .	Proc
outword  . . . . . . . . . . . .	Proc
pause  . . . . . . . . . . . . .	Proc
readkey  . . . . . . . . . . . .	Proc


Structures and Unions:

                N a m e                  Size
                                         Offset      Type

CONSOLE_SCREEN_BUFFER_INFO . . .	 00000016
  dwSize . . . . . . . . . . . .	 00000000	 DWord
  dwCursorPosition . . . . . . .	 00000004	 DWord
  wAttributes  . . . . . . . . .	 00000008	 Word
  srWindow . . . . . . . . . . .	 0000000A	 QWord
  dwMaximumWindowSize  . . . . .	 00000012	 DWord
COORD  . . . . . . . . . . . . .	 00000004
  x  . . . . . . . . . . . . . .	 00000000	 Word
  y  . . . . . . . . . . . . . .	 00000002	 Word
SMALL_RECT . . . . . . . . . . .	 00000008
  Left . . . . . . . . . . . . .	 00000000	 Word
  Top  . . . . . . . . . . . . .	 00000002	 Word
  Right  . . . . . . . . . . . .	 00000004	 Word
  Bottom . . . . . . . . . . . .	 00000006	 Word
SystemTime . . . . . . . . . . .	 00000010
  wYear  . . . . . . . . . . . .	 00000000	 Word
  wMonth . . . . . . . . . . . .	 00000002	 Word
  wDayOfWeek . . . . . . . . . .	 00000004	 Word
  wDay . . . . . . . . . . . . .	 00000006	 Word
  wHour  . . . . . . . . . . . .	 00000008	 Word
  wMinute  . . . . . . . . . . .	 0000000A	 Word
  wSecond  . . . . . . . . . . .	 0000000C	 Word
  wMilliseconds  . . . . . . . .	 0000000E	 Word


Types:

                N a m e                  Size     Attr

c_msvcrt . . . . . . . . . . . .	 00000004     CODE 


Segments and Groups:

                N a m e                 Size     Length   Align   Combine Class

FLAT . . . . . . . . . . . . . .	GROUP
STACK  . . . . . . . . . . . . .	32 Bit	 00001000 Para	  Stack	  'STACK'	 
_DATA  . . . . . . . . . . . . .	32 Bit	 00000D74 Para	  Public  'DATA'	
_TEXT  . . . . . . . . . . . . .	32 Bit	 00000795 Para	  Public  'CODE'	


Procedures,  parameters and locals:

                N a m e                 Type     Value    Attr

CharToOemA . . . . . . . . . . .	P Near	 00000000 FLAT	Length= 00000000 External STDCALL
ClearScreen  . . . . . . . . . .	P Near	 00000000 FLAT	Length= 00000000 External STDCALL
CloseHandle  . . . . . . . . . .	P Near	 00000000 FLAT	Length= 00000000 External STDCALL
CreateFileA  . . . . . . . . . .	P Near	 00000000 FLAT	Length= 00000000 External STDCALL
ExitProcess  . . . . . . . . . .	P Near	 00000000 FLAT	Length= 00000000 External STDCALL
GetCommandLineA  . . . . . . . .	P Near	 00000000 FLAT	Length= 00000000 External STDCALL
GetConsoleScreenBufferInfo . . .	P Near	 00000000 FLAT	Length= 00000000 External STDCALL
GetConsoleTitleA . . . . . . . .	P Near	 00000000 FLAT	Length= 00000000 External STDCALL
GetModuleHandleA . . . . . . . .	P Near	 00000000 FLAT	Length= 00000000 External STDCALL
GetStdHandle . . . . . . . . . .	P Near	 00000000 FLAT	Length= 00000000 External STDCALL
GetSystemMetrics . . . . . . . .	P Near	 00000000 FLAT	Length= 00000000 External STDCALL
GetSystemTime  . . . . . . . . .	P Near	 00000000 FLAT	Length= 00000000 External STDCALL
GlobalAlloc  . . . . . . . . . .	P Near	 00000000 FLAT	Length= 00000000 External STDCALL
GlobalFree . . . . . . . . . . .	P Near	 00000000 FLAT	Length= 00000000 External STDCALL
GlobalSize . . . . . . . . . . .	P Near	 00000000 FLAT	Length= 00000000 External STDCALL
InternetGetConnectedState  . . .	P Near	 00000000 FLAT	Length= 00000000 External STDCALL
MessageBoxA  . . . . . . . . . .	P Near	 00000000 FLAT	Length= 00000000 External STDCALL
MessageBoxIndirectA  . . . . . .	P Near	 00000000 FLAT	Length= 00000000 External STDCALL
SetConsoleCursorPosition . . . .	P Near	 00000000 FLAT	Length= 00000000 External STDCALL
SetConsoleScreenBufferSize . . .	P Near	 00000000 FLAT	Length= 00000000 External STDCALL
SetConsoleTextAttribute  . . . .	P Near	 00000000 FLAT	Length= 00000000 External STDCALL
SetConsoleTitleA . . . . . . . .	P Near	 00000000 FLAT	Length= 00000000 External STDCALL
StdIn  . . . . . . . . . . . . .	P Near	 00000000 FLAT	Length= 00000000 External STDCALL
StdOut . . . . . . . . . . . . .	P Near	 00000000 FLAT	Length= 00000000 External STDCALL
URLDownloadToFileA . . . . . . .	P Near	 00000000 FLAT	Length= 00000000 External STDCALL
VirtualProtect . . . . . . . . .	P Near	 00000000 FLAT	Length= 00000000 External STDCALL
shell_ex . . . . . . . . . . . .	P Near	 00000000 FLAT	Length= 00000000 External STDCALL
shell  . . . . . . . . . . . . .	P Near	 00000000 FLAT	Length= 00000000 External STDCALL
wait_key . . . . . . . . . . . .	P Near	 00000000 FLAT	Length= 00000000 External STDCALL


Symbols:

                N a m e                 Type     Value    Attr

??0000 . . . . . . . . . . . . .	Byte	 00000022 _DATA	
??0001 . . . . . . . . . . . . .	Text   	 "
??0002 . . . . . . . . . . . . .	Byte	 00000021 _DATA	
??0004 . . . . . . . . . . . . .	L Near	 0000002F _TEXT	
??0005 . . . . . . . . . . . . .	Byte	 0000003D _DATA	
??0006 . . . . . . . . . . . . .	Text   	 "
??0007 . . . . . . . . . . . . .	Byte	 0000003C _DATA	
??0009 . . . . . . . . . . . . .	L Near	 0000007B _TEXT	
??000A . . . . . . . . . . . . .	Number	 00000000h   
??000B . . . . . . . . . . . . .	Byte	 0000005B _DATA	
??000D . . . . . . . . . . . . .	Byte	 0000005E _DATA	
??000E . . . . . . . . . . . . .	Text   	 o
??000F . . . . . . . . . . . . .	Byte	 0000005D _DATA	
??0010 . . . . . . . . . . . . .	L Near	 0000009E _TEXT	
??0011 . . . . . . . . . . . . .	L Near	 000000D4 _TEXT	
??0012 . . . . . . . . . . . . .	Number	 00000000h   
??0013 . . . . . . . . . . . . .	Byte	 00000126 _DATA	
??0015 . . . . . . . . . . . . .	Byte	 00000129 _DATA	
??0016 . . . . . . . . . . . . .	Text   	 o
??0017 . . . . . . . . . . . . .	Byte	 00000128 _DATA	
??0018 . . . . . . . . . . . . .	L Near	 000000F7 _TEXT	
??0019 . . . . . . . . . . . . .	L Near	 0000012D _TEXT	
??001A . . . . . . . . . . . . .	Byte	 000001F2 _DATA	
??001B . . . . . . . . . . . . .	Text   	 "
??001C . . . . . . . . . . . . .	Byte	 000001F1 _DATA	
??001E . . . . . . . . . . . . .	L Near	 00000168 _TEXT	
??001F . . . . . . . . . . . . .	Number	 00000000h   
??0020 . . . . . . . . . . . . .	Byte	 0000020F _DATA	
??0022 . . . . . . . . . . . . .	Byte	 00000212 _DATA	
??0023 . . . . . . . . . . . . .	Text   	 o
??0024 . . . . . . . . . . . . .	Byte	 00000211 _DATA	
??0025 . . . . . . . . . . . . .	L Near	 0000018B _TEXT	
??0026 . . . . . . . . . . . . .	L Near	 000001C1 _TEXT	
??0027 . . . . . . . . . . . . .	Number	 00000000h   
??0028 . . . . . . . . . . . . .	Byte	 000002DA _DATA	
??002A . . . . . . . . . . . . .	Byte	 000002DD _DATA	
??002B . . . . . . . . . . . . .	Text   	 o
??002C . . . . . . . . . . . . .	Byte	 000002DC _DATA	
??002D . . . . . . . . . . . . .	L Near	 000001E4 _TEXT	
??002E . . . . . . . . . . . . .	L Near	 0000021A _TEXT	
??002F . . . . . . . . . . . . .	Number	 00000000h   
??0030 . . . . . . . . . . . . .	Byte	 000003B8 _DATA	
??0038 . . . . . . . . . . . . .	Number	 00000004h   
??0039 . . . . . . . . . . . . .	Byte	 000003A6 _DATA	
??003A . . . . . . . . . . . . .	Text   	 "
??003B . . . . . . . . . . . . .	Byte	 000003A5 _DATA	
??003D . . . . . . . . . . . . .	L Near	 0000024D _TEXT	
??003E . . . . . . . . . . . . .	Number	 00000000h   
??003F . . . . . . . . . . . . .	Byte	 000003BB _DATA	
??0041 . . . . . . . . . . . . .	Byte	 000003BE _DATA	
??0042 . . . . . . . . . . . . .	Text   	 o
??0043 . . . . . . . . . . . . .	Byte	 000003BD _DATA	
??0044 . . . . . . . . . . . . .	L Near	 00000287 _TEXT	
??0045 . . . . . . . . . . . . .	L Near	 000002BD _TEXT	
??0046 . . . . . . . . . . . . .	Number	 00000000h   
??0047 . . . . . . . . . . . . .	Byte	 00000486 _DATA	
??0049 . . . . . . . . . . . . .	Byte	 00000489 _DATA	
??004A . . . . . . . . . . . . .	Text   	 o
??004B . . . . . . . . . . . . .	Byte	 00000488 _DATA	
??004C . . . . . . . . . . . . .	L Near	 000002E3 _TEXT	
??004D . . . . . . . . . . . . .	L Near	 00000319 _TEXT	
??004E . . . . . . . . . . . . .	Number	 00000000h   
??004F . . . . . . . . . . . . .	Byte	 00000551 _DATA	
??0051 . . . . . . . . . . . . .	Byte	 00000554 _DATA	
??0052 . . . . . . . . . . . . .	Text   	 o
??0053 . . . . . . . . . . . . .	Byte	 00000553 _DATA	
??0054 . . . . . . . . . . . . .	L Near	 0000033C _TEXT	
??0055 . . . . . . . . . . . . .	L Near	 00000372 _TEXT	
??0056 . . . . . . . . . . . . .	Byte	 0000061D _DATA	
??0057 . . . . . . . . . . . . .	Text   	 "
??0058 . . . . . . . . . . . . .	Byte	 0000061C _DATA	
??005A . . . . . . . . . . . . .	L Near	 000003A5 _TEXT	
??005B . . . . . . . . . . . . .	Number	 00000000h   
??005C . . . . . . . . . . . . .	Byte	 0000065A _DATA	
??005E . . . . . . . . . . . . .	Byte	 0000065D _DATA	
??005F . . . . . . . . . . . . .	Text   	 o
??0060 . . . . . . . . . . . . .	Byte	 0000065C _DATA	
??0061 . . . . . . . . . . . . .	L Near	 000003C8 _TEXT	
??0062 . . . . . . . . . . . . .	L Near	 000003FE _TEXT	
??0063 . . . . . . . . . . . . .	Number	 00000000h   
??0064 . . . . . . . . . . . . .	Byte	 00000725 _DATA	
??0066 . . . . . . . . . . . . .	Byte	 00000728 _DATA	
??0067 . . . . . . . . . . . . .	Text   	 o
??0068 . . . . . . . . . . . . .	Byte	 00000727 _DATA	
??0069 . . . . . . . . . . . . .	L Near	 00000421 _TEXT	
??006A . . . . . . . . . . . . .	L Near	 00000457 _TEXT	
??006B . . . . . . . . . . . . .	Byte	 000007F1 _DATA	
??006C . . . . . . . . . . . . .	Text   	 "
??006D . . . . . . . . . . . . .	Byte	 000007F0 _DATA	
??006F . . . . . . . . . . . . .	L Near	 0000048A _TEXT	
??0070 . . . . . . . . . . . . .	Number	 00000000h   
??0071 . . . . . . . . . . . . .	Byte	 00000829 _DATA	
??0073 . . . . . . . . . . . . .	Byte	 0000082C _DATA	
??0074 . . . . . . . . . . . . .	Text   	 o
??0075 . . . . . . . . . . . . .	Byte	 0000082B _DATA	
??0076 . . . . . . . . . . . . .	L Near	 000004AD _TEXT	
??0077 . . . . . . . . . . . . .	L Near	 000004E3 _TEXT	
??0078 . . . . . . . . . . . . .	Number	 00000000h   
??0079 . . . . . . . . . . . . .	Byte	 000008F4 _DATA	
??007B . . . . . . . . . . . . .	Byte	 000008F7 _DATA	
??007C . . . . . . . . . . . . .	Text   	 o
??007D . . . . . . . . . . . . .	Byte	 000008F6 _DATA	
??007E . . . . . . . . . . . . .	L Near	 00000506 _TEXT	
??007F . . . . . . . . . . . . .	L Near	 0000053C _TEXT	
??0080 . . . . . . . . . . . . .	Byte	 000009C0 _DATA	
??0081 . . . . . . . . . . . . .	Text   	 "
??0082 . . . . . . . . . . . . .	Byte	 000009BF _DATA	
??0084 . . . . . . . . . . . . .	L Near	 0000056F _TEXT	
??0085 . . . . . . . . . . . . .	Number	 00000000h   
??0086 . . . . . . . . . . . . .	Byte	 000009DC _DATA	
??0088 . . . . . . . . . . . . .	Byte	 000009DF _DATA	
??0089 . . . . . . . . . . . . .	Text   	 o
??008A . . . . . . . . . . . . .	Byte	 000009DE _DATA	
??008B . . . . . . . . . . . . .	L Near	 00000592 _TEXT	
??008C . . . . . . . . . . . . .	L Near	 000005C8 _TEXT	
??008D . . . . . . . . . . . . .	Number	 00000000h   
??008E . . . . . . . . . . . . .	Byte	 00000AA7 _DATA	
??0090 . . . . . . . . . . . . .	Byte	 00000AAA _DATA	
??0091 . . . . . . . . . . . . .	Text   	 o
??0092 . . . . . . . . . . . . .	Byte	 00000AA9 _DATA	
??0093 . . . . . . . . . . . . .	L Near	 000005EB _TEXT	
??0094 . . . . . . . . . . . . .	L Near	 00000621 _TEXT	
??0095 . . . . . . . . . . . . .	DWord	 00000B72 _DATA	
??0096 . . . . . . . . . . . . .	DWord	 00000B76 _DATA	
??0097 . . . . . . . . . . . . .	L Near	 0000072D _TEXT	
??0098 . . . . . . . . . . . . .	L Near	 0000078A _TEXT	
??0099 . . . . . . . . . . . . .	Byte	 00000B7B _DATA	
??009A . . . . . . . . . . . . .	Text   	 "
??009B . . . . . . . . . . . . .	Byte	 00000B7A _DATA	
??009D . . . . . . . . . . . . .	L Near	 00000670 _TEXT	
??009E . . . . . . . . . . . . .	Number	 00000000h   
??009F . . . . . . . . . . . . .	Byte	 00000B99 _DATA	
??00A1 . . . . . . . . . . . . .	Byte	 00000B9C _DATA	
??00A2 . . . . . . . . . . . . .	Text   	 o
??00A3 . . . . . . . . . . . . .	Byte	 00000B9B _DATA	
??00A4 . . . . . . . . . . . . .	L Near	 00000693 _TEXT	
??00A5 . . . . . . . . . . . . .	L Near	 000006C9 _TEXT	
??00A6 . . . . . . . . . . . . .	Number	 00000000h   
??00A7 . . . . . . . . . . . . .	Byte	 00000C64 _DATA	
??00A9 . . . . . . . . . . . . .	Byte	 00000C67 _DATA	
??00AA . . . . . . . . . . . . .	Text   	 o
??00AB . . . . . . . . . . . . .	Byte	 00000C66 _DATA	
??00AC . . . . . . . . . . . . .	L Near	 000006EC _TEXT	
??00AD . . . . . . . . . . . . .	L Near	 00000722 _TEXT	
??00AE . . . . . . . . . . . . .	Byte	 00000D30 _DATA	
??00AF . . . . . . . . . . . . .	Text   	 "
??00B0 . . . . . . . . . . . . .	Byte	 00000D2F _DATA	
??00B2 . . . . . . . . . . . . .	L Near	 00000754 _TEXT	
??00B3 . . . . . . . . . . . . .	Byte	 00000D5F _DATA	
??00B4 . . . . . . . . . . . . .	Text   	 "
??00B5 . . . . . . . . . . . . .	Byte	 00000D5E _DATA	
??00B7 . . . . . . . . . . . . .	L Near	 0000077D _TEXT	
??CommonHeapElemSize . . . . . .	DWord	 00000004 _DATA	
??ConsoleMode  . . . . . . . . .	Byte	 00000008 _DATA	
??TotalHeapAllocated . . . . . .	DWord	 00000000 _DATA	
??sTime  . . . . . . . . . . . .	SystemTime  00000009 _DATA	
@CodeSize  . . . . . . . . . . .	Number	 00000000h   
@DataSize  . . . . . . . . . . .	Number	 00000000h   
@InChar  . . . . . . . . . . . .	Text   	 @inchar
@InInt . . . . . . . . . . . . .	Text   	 @inint
@Inchar  . . . . . . . . . . . .	Text   	 @inchar
@InintLn . . . . . . . . . . . .	Text   	 @inintln
@Inintln . . . . . . . . . . . .	Text   	 @inintln
@Inint . . . . . . . . . . . . .	Text   	 @inint
@Interface . . . . . . . . . . .	Number	 00000003h   
@Model . . . . . . . . . . . . .	Number	 00000007h   
@ReadKey . . . . . . . . . . . .	Text   	 @readkey
@code  . . . . . . . . . . . . .	Text   	 _TEXT
@data  . . . . . . . . . . . . .	Text   	 FLAT
@fardata?  . . . . . . . . . . .	Text   	 FLAT
@fardata . . . . . . . . . . . .	Text   	 FLAT
@stack . . . . . . . . . . . . .	Text   	 FLAT
AllocConsole@0 . . . . . . . . .	L Near	 00000000 FLAT	External STDCALL
Black  . . . . . . . . . . . . .	Number	 00000000h   
Blue . . . . . . . . . . . . . .	Number	 00000001h   
Bright . . . . . . . . . . . . .	Number	 00000008h   
Brown  . . . . . . . . . . . . .	Number	 00000006h   
CREATE_ALWAYS  . . . . . . . . .	Number	 00000002h   
CREATE_NEW . . . . . . . . . . .	Number	 00000001h   
CharToOem  . . . . . . . . . . .	Text   	 CharToOemA
Cls  . . . . . . . . . . . . . .	Text   	 ClrScr
CreateFile . . . . . . . . . . .	Text   	 CreateFileA
Cyan . . . . . . . . . . . . . .	Number	 00000003h   
DarkGray . . . . . . . . . . . .	Number	 00000008h   
Dispose  . . . . . . . . . . . .	Text   	 dispose
Exit . . . . . . . . . . . . . .	Text   	 exit
FILE_ATTRIBUTE_ARCHIVE . . . . .	Number	 00000020h   
FILE_ATTRIBUTE_COMPRESSED  . . .	Number	 00000800h   
FILE_ATTRIBUTE_DIRECTORY . . . .	Number	 00000010h   
FILE_ATTRIBUTE_HIDDEN  . . . . .	Number	 00000002h   
FILE_ATTRIBUTE_NORMAL  . . . . .	Number	 00000080h   
FILE_ATTRIBUTE_READONLY  . . . .	Number	 00000001h   
FILE_ATTRIBUTE_SYSTEM  . . . . .	Number	 00000004h   
FILE_ATTRIBUTE_TEMPORARY . . . .	Number	 00000100h   
Flush  . . . . . . . . . . . . .	Text   	 flush
FreeConsole@0  . . . . . . . . .	L Near	 00000000 FLAT	External STDCALL
GENERIC_ALL  . . . . . . . . . .	Number	 10000000h   
GENERIC_EXECUTE  . . . . . . . .	Number	 20000000h   
GENERIC_READ . . . . . . . . . .	Number	 -80000000h   
GENERIC_WRITE  . . . . . . . . .	Number	 40000000h   
GMEM_FIXED . . . . . . . . . . .	Number	 00000000h   
GMEM_ZEROINIT  . . . . . . . . .	Number	 00000040h   
GetCommandLine . . . . . . . . .	Text   	 GetCommandLineA
GetModuleHandle  . . . . . . . .	Text   	 GetModuleHandleA
GotoXY . . . . . . . . . . . . .	Text   	 gotoXY
Green  . . . . . . . . . . . . .	Number	 00000002h   
IDABORT  . . . . . . . . . . . .	Number	 00000003h   
IDCANCEL . . . . . . . . . . . .	Number	 00000002h   
IDIGNORE . . . . . . . . . . . .	Number	 00000005h   
IDNO . . . . . . . . . . . . . .	Number	 00000007h   
IDOK . . . . . . . . . . . . . .	Number	 00000001h   
IDRETRY  . . . . . . . . . . . .	Number	 00000004h   
IDYES  . . . . . . . . . . . . .	Number	 00000006h   
InChar . . . . . . . . . . . . .	Text   	 inchar
InInt  . . . . . . . . . . . . .	Text   	 inint
Inchar . . . . . . . . . . . . .	Text   	 inchar
InintLn  . . . . . . . . . . . .	Text   	 inintln
Inintln  . . . . . . . . . . . .	Text   	 inintln
Inint  . . . . . . . . . . . . .	Text   	 inint
LANG_NEUTRAL . . . . . . . . . .	Number	 00000000h   
LightBlue  . . . . . . . . . . .	Number	 00000009h   
LightGray  . . . . . . . . . . .	Number	 00000007h   
LightGreen . . . . . . . . . . .	Number	 0000000Ah   
LightMagenta . . . . . . . . . .	Number	 0000000Dh   
LightRed . . . . . . . . . . . .	Number	 0000000Ch   
MB_ABORTRETRYIGNORE  . . . . . .	Number	 00000002h   
MB_CANCELTRYCONTINUE . . . . . .	Number	 00000006h   
MB_DEFBUTTON1  . . . . . . . . .	Number	 00000000h   
MB_DEFBUTTON2  . . . . . . . . .	Number	 00000100h   
MB_DEFBUTTON3  . . . . . . . . .	Number	 00000200h   
MB_DEFBUTTON4  . . . . . . . . .	Number	 00000300h   
MB_HELP  . . . . . . . . . . . .	Number	 00004000h   
MB_ICONASTERISK  . . . . . . . .	Number	 00000040h   
MB_ICONEXCLAMATION . . . . . . .	Number	 00000030h   
MB_ICONHAND  . . . . . . . . . .	Number	 00000008h   
MB_ICONQUESTION  . . . . . . . .	Number	 00000020h   
MB_ICONSTOP  . . . . . . . . . .	Number	 00000010h   
MB_OKCANCEL  . . . . . . . . . .	Number	 00000001h   
MB_OK  . . . . . . . . . . . . .	Number	 00000000h   
MB_RETRYCANCEL . . . . . . . . .	Number	 00000005h   
MB_RIGHT . . . . . . . . . . . .	Number	 00080000h   
MB_SYSTEMMODAL . . . . . . . . .	Number	 00001000h   
MB_USERICON  . . . . . . . . . .	Number	 00000080h   
MB_YESNOCANCEL . . . . . . . . .	Number	 00000003h   
MB_YESNO . . . . . . . . . . . .	Number	 00000004h   
Magenta  . . . . . . . . . . . .	Number	 00000005h   
MessageBoxIndirect . . . . . . .	Text   	 MessageBoxIndirectA
MessageBox . . . . . . . . . . .	Text   	 MessageBoxA
NULL . . . . . . . . . . . . . .	Number	 00000000h   
NewLine  . . . . . . . . . . . .	Text   	 newline
Newline  . . . . . . . . . . . .	Text   	 newline
New  . . . . . . . . . . . . . .	Text   	 new
OPEN_ALWAYS  . . . . . . . . . .	Number	 00000004h   
OPEN_EXISTING  . . . . . . . . .	Number	 00000003h   
OutCharLn  . . . . . . . . . . .	Text   	 outcharln
OutCharln  . . . . . . . . . . .	Text   	 outcharln
OutChar  . . . . . . . . . . . .	Text   	 outchar,prompt:VARARG
OutDateLn  . . . . . . . . . . .	Text   	 outdateln
OutDateln  . . . . . . . . . . .	Text   	 outdateln
OutDate  . . . . . . . . . . . .	Text   	 outdate
OutILn . . . . . . . . . . . . .	Text   	 outintln
OutIln . . . . . . . . . . . . .	Text   	 outintln
OutIntLn . . . . . . . . . . . .	Text   	 outintln
OutInt . . . . . . . . . . . . .	Text   	 outint
OutI . . . . . . . . . . . . . .	Text   	 outint
OutNumLn . . . . . . . . . . . .	Text   	 outnumln
OutNumln . . . . . . . . . . . .	Text   	 outnumln
OutNum . . . . . . . . . . . . .	Text   	 outnum
OutStrLn . . . . . . . . . . . .	Text   	 outstrln
OutStr . . . . . . . . . . . . .	Text   	 outstr
OutTimeLn  . . . . . . . . . . .	Text   	 outtimeln
OutTimeln  . . . . . . . . . . .	Text   	 outtimeln
OutTime  . . . . . . . . . . . .	Text   	 outtime
OutULn . . . . . . . . . . . . .	Text   	 outwordln
OutUln . . . . . . . . . . . . .	Text   	 outwordln
OutUnsignedLn  . . . . . . . . .	Text   	 outwordln
OutUnsignedln  . . . . . . . . .	Text   	 outwordln
OutUnsigned  . . . . . . . . . .	Text   	 outword
OutU . . . . . . . . . . . . . .	Text   	 outword
OutWordLn  . . . . . . . . . . .	Text   	 outwordln
OutWord  . . . . . . . . . . . .	Text   	 outword
OutintLn . . . . . . . . . . . .	Text   	 outintln
Outintln . . . . . . . . . . . .	Text   	 outintln
Outint . . . . . . . . . . . . .	Text   	 outint
OutstrLn . . . . . . . . . . . .	Text   	 outstrln
OutwordLn  . . . . . . . . . . .	Text   	 outwordln
Outword  . . . . . . . . . . . .	Text   	 outword
PAGE_EXECUTE_READWRITE . . . . .	Number	 00000040h   
PAGE_EXECUTE_READ  . . . . . . .	Number	 00000020h   
PAGE_EXECUTE_WRITECOPY . . . . .	Number	 00000080h   
PAGE_EXECUTE . . . . . . . . . .	Number	 00000010h   
PAGE_NOACCESS  . . . . . . . . .	Number	 00000001h   
PAGE_READONLY  . . . . . . . . .	Number	 00000002h   
PAGE_READWRITE . . . . . . . . .	Number	 00000004h   
PAGE_WRITECOPY . . . . . . . . .	Number	 00000008h   
Pause  . . . . . . . . . . . . .	Text   	 pause
ReadKey  . . . . . . . . . . . .	Text   	 readkey
Red  . . . . . . . . . . . . . .	Number	 00000004h   
STD_ERROR_HANDLE . . . . . . . .	Number	 -0000000Ch   
STD_INPUT_HANDLE . . . . . . . .	Number	 -0000000Ah   
STD_OUTPUT_HANDLE  . . . . . . .	Number	 -0000000Bh   
SetConsoleTitle  . . . . . . . .	Text   	 SetConsoleTitleA
Start  . . . . . . . . . . . . .	L Near	 00000000 _TEXT	Public STDCALL
TRUNCATE_EXISTING  . . . . . . .	Number	 00000005h   
URLDownloadToFile  . . . . . . .	Text   	 URLDownloadToFileA
White  . . . . . . . . . . . . .	Number	 0000000Fh   
Yellow . . . . . . . . . . . . .	Number	 0000000Eh   
_imp__printf . . . . . . . . . .	DWord	 00000000 FLAT	External STDCALL
_imp__sprintf  . . . . . . . . .	DWord	 00000000 FLAT	External STDCALL
black  . . . . . . . . . . . . .	Number	 00000000h   
blue . . . . . . . . . . . . . .	Number	 00000001h   
bright . . . . . . . . . . . . .	Number	 00000008h   
brown  . . . . . . . . . . . . .	Number	 00000006h   
clrscr . . . . . . . . . . . . .	Text   	 ClrScr
crt_printf . . . . . . . . . . .	Text   	 _imp__printf
crt_sprintf  . . . . . . . . . .	Text   	 _imp__sprintf
cyan . . . . . . . . . . . . . .	Number	 00000003h   
darkgray . . . . . . . . . . . .	Number	 00000008h   
dos  . . . . . . . . . . . . . .	Text   	 DOS
downloadfile . . . . . . . . . .	Text   	 DownloadFile
dwReserved . . . . . . . . . . .	DWord	 0000001D _DATA	
gotoxy . . . . . . . . . . . . .	Text   	 gotoXY
green  . . . . . . . . . . . . .	Number	 00000002h   
heapblocksize  . . . . . . . . .	Text   	 HeapBlockSize
inint_proc@0 . . . . . . . . . .	L Near	 00000000 FLAT	External STDCALL
inputstr . . . . . . . . . . . .	Text   	 InputStr
lightblue  . . . . . . . . . . .	Number	 00000009h   
lightgray  . . . . . . . . . . .	Number	 00000007h   
lightgreen . . . . . . . . . . .	Number	 0000000Ah   
lightmagenta . . . . . . . . . .	Number	 0000000Dh   
lightred . . . . . . . . . . . .	Number	 0000000Ch   
lpdwFlags  . . . . . . . . . . .	DWord	 00000019 _DATA	
magenta  . . . . . . . . . . . .	Number	 00000005h   
nil  . . . . . . . . . . . . . .	DWord 	 00000000h   
outintLn . . . . . . . . . . . .	Text   	 outintln
outwordLn  . . . . . . . . . . .	Text   	 outwordln
red  . . . . . . . . . . . . . .	Number	 00000004h   
settextattr  . . . . . . . . . .	Text   	 SetTextAttr
whereX . . . . . . . . . . . . .	Text   	 WhereX
whereY . . . . . . . . . . . . .	Text   	 WhereY
wherex . . . . . . . . . . . . .	Text   	 WhereX
wherey . . . . . . . . . . . . .	Text   	 WhereY
white  . . . . . . . . . . . . .	Number	 0000000Fh   
yellow . . . . . . . . . . . . .	Number	 0000000Eh   

	   0 Warnings
	   0 Errors
