Microsoft (R) Macro Assembler Version 6.14.8444		    02/19/18 16:13:36
a.asm							     Page 1 - 1


				include console.inc
			      C .NOLIST
			      C .LIST
			      C 
			      C 
			      C ;include masm32.inc
			      C 
			      C    includelib masm32.lib
			      C    includelib user32.lib
			      C    includelib kernel32.lib
			      C    includelib msvcrt.lib
			      C    includelib io_proc.lib
			      C    
			      C 

				COMMENT *
				   Отладочный модуль
				*
 00000001			tRec struc
 00000000  00			  a  db ?
				Name db ?
				tRec ends

 00000019			.data
 00000019 00000000		  X dd ?
 0000001D 000000000000		  Y df ?

				@Info MACRO
				%echo
				%echo Compiler version : @Version
				%echo Compilation date : @Date, @Time
				%echo
				ENDM

 00000000			.code
 00000000			Start:
				@Info
				clrscr
				    Newline 3
				    OutFlafs
 00000433  B8 C0000000		    mov   eax,0C0000000h
 00000438  D1 E0		    shl   eax,1
				    OutFlafs
				exit

 0000065A  B0 FF		    mov  al,-1
				    outnumln al,,b
 0000089D  F8			    clc
 0000089E  D6			    db   0d6h;    setalc
				    outnumln al,,b
 00000AE0  F9			    stc
 00000AE1  D6			    db   0d6h
				    outnumln al,,b
				    exit
				    end Start
Microsoft (R) Macro Assembler Version 6.14.8444		    02/19/18 16:13:36
a.asm							     Symbols 2 - 1




Macros:

                N a m e                 Type

??CheckStrToBuf  . . . . . . . .	Proc
??RestoreReg . . . . . . . . . .	Proc
??SaveReg  . . . . . . . . . . .	Proc
@Info  . . . . . . . . . . . . .	Proc
@inchar  . . . . . . . . . . . .	Func
@inintln . . . . . . . . . . . .	Func
@inint . . . . . . . . . . . . .	Func
@readkey . . . . . . . . . . . .	Func
ChagePageAttr  . . . . . . . . .	Proc
ClrScr . . . . . . . . . . . . .	Proc
ConsoleMode  . . . . . . . . . .	Proc
ConsoleTitle . . . . . . . . . .	Proc
DOS  . . . . . . . . . . . . . .	Func
DownloadFile . . . . . . . . . .	Proc
GetConsoleTitle  . . . . . . . .	Proc
HeapBlockSize  . . . . . . . . .	Proc
InputStr . . . . . . . . . . . .	Proc
MsgBox . . . . . . . . . . . . .	Proc
NewConsole . . . . . . . . . . .	Proc
OpenFile . . . . . . . . . . . .	Proc
OutFlafs . . . . . . . . . . . .	Proc
OutF . . . . . . . . . . . . . .	Proc
RunExe . . . . . . . . . . . . .	Proc
SetScreenSize  . . . . . . . . .	Proc
SetTextAttr  . . . . . . . . . .	Proc
TotalHeapAllocated . . . . . . .	Proc
WhereX . . . . . . . . . . . . .	Proc
WhereY . . . . . . . . . . . . .	Proc
dispose  . . . . . . . . . . . .	Proc
exit . . . . . . . . . . . . . .	Proc
flush  . . . . . . . . . . . . .	Proc
gotoXY . . . . . . . . . . . . .	Proc
inchar . . . . . . . . . . . . .	Proc
inintln  . . . . . . . . . . . .	Proc
inint  . . . . . . . . . . . . .	Proc
newline  . . . . . . . . . . . .	Proc
new  . . . . . . . . . . . . . .	Proc
outcharln  . . . . . . . . . . .	Proc
outchar  . . . . . . . . . . . .	Proc
outdateln  . . . . . . . . . . .	Proc
outdate  . . . . . . . . . . . .	Proc
outintln . . . . . . . . . . . .	Proc
outint . . . . . . . . . . . . .	Proc
outnumln . . . . . . . . . . . .	Proc
outnum . . . . . . . . . . . . .	Proc
outstrln . . . . . . . . . . . .	Proc
outstr . . . . . . . . . . . . .	Proc
outtimeln  . . . . . . . . . . .	Proc
outtime  . . . . . . . . . . . .	Proc
outwordln  . . . . . . . . . . .	Proc
outword  . . . . . . . . . . . .	Proc
pause  . . . . . . . . . . . . .	Proc
readkey  . . . . . . . . . . . .	Proc


Structures and Unions:

                N a m e                  Size
                                         Offset      Type

CONSOLE_SCREEN_BUFFER_INFO . . .	 00000016
  dwSize . . . . . . . . . . . .	 00000000	 DWord
  dwCursorPosition . . . . . . .	 00000004	 DWord
  wAttributes  . . . . . . . . .	 00000008	 Word
  srWindow . . . . . . . . . . .	 0000000A	 QWord
  dwMaximumWindowSize  . . . . .	 00000012	 DWord
COORD  . . . . . . . . . . . . .	 00000004
  x  . . . . . . . . . . . . . .	 00000000	 Word
  y  . . . . . . . . . . . . . .	 00000002	 Word
SMALL_RECT . . . . . . . . . . .	 00000008
  Left . . . . . . . . . . . . .	 00000000	 Word
  Top  . . . . . . . . . . . . .	 00000002	 Word
  Right  . . . . . . . . . . . .	 00000004	 Word
  Bottom . . . . . . . . . . . .	 00000006	 Word
SystemTime . . . . . . . . . . .	 00000010
  wYear  . . . . . . . . . . . .	 00000000	 Word
  wMonth . . . . . . . . . . . .	 00000002	 Word
  wDayOfWeek . . . . . . . . . .	 00000004	 Word
  wDay . . . . . . . . . . . . .	 00000006	 Word
  wHour  . . . . . . . . . . . .	 00000008	 Word
  wMinute  . . . . . . . . . . .	 0000000A	 Word
  wSecond  . . . . . . . . . . .	 0000000C	 Word
  wMilliseconds  . . . . . . . .	 0000000E	 Word
tRec . . . . . . . . . . . . . .	 00000001
  a  . . . . . . . . . . . . . .	 00000000	 Byte


Types:

                N a m e                  Size     Attr

c_msvcrt . . . . . . . . . . . .	 00000004     CODE 


Segments and Groups:

                N a m e                 Size     Length   Align   Combine Class

FLAT . . . . . . . . . . . . . .	GROUP
STACK  . . . . . . . . . . . . .	32 Bit	 00001000 Para	  Stack	  'STACK'	 
_DATA  . . . . . . . . . . . . .	32 Bit	 000016A7 Para	  Public  'DATA'	
_TEXT  . . . . . . . . . . . . .	32 Bit	 00000D2B Para	  Public  'CODE'	


Procedures,  parameters and locals:

                N a m e                 Type     Value    Attr

CharToOemA . . . . . . . . . . .	P Near	 00000000 FLAT	Length= 00000000 External STDCALL
ClearScreen  . . . . . . . . . .	P Near	 00000000 FLAT	Length= 00000000 External STDCALL
CloseHandle  . . . . . . . . . .	P Near	 00000000 FLAT	Length= 00000000 External STDCALL
CreateFileA  . . . . . . . . . .	P Near	 00000000 FLAT	Length= 00000000 External STDCALL
ExitProcess  . . . . . . . . . .	P Near	 00000000 FLAT	Length= 00000000 External STDCALL
GetCommandLineA  . . . . . . . .	P Near	 00000000 FLAT	Length= 00000000 External STDCALL
GetConsoleScreenBufferInfo . . .	P Near	 00000000 FLAT	Length= 00000000 External STDCALL
GetConsoleTitleA . . . . . . . .	P Near	 00000000 FLAT	Length= 00000000 External STDCALL
GetModuleHandleA . . . . . . . .	P Near	 00000000 FLAT	Length= 00000000 External STDCALL
GetStdHandle . . . . . . . . . .	P Near	 00000000 FLAT	Length= 00000000 External STDCALL
GetSystemMetrics . . . . . . . .	P Near	 00000000 FLAT	Length= 00000000 External STDCALL
GetSystemTime  . . . . . . . . .	P Near	 00000000 FLAT	Length= 00000000 External STDCALL
GlobalAlloc  . . . . . . . . . .	P Near	 00000000 FLAT	Length= 00000000 External STDCALL
GlobalFree . . . . . . . . . . .	P Near	 00000000 FLAT	Length= 00000000 External STDCALL
GlobalSize . . . . . . . . . . .	P Near	 00000000 FLAT	Length= 00000000 External STDCALL
InternetGetConnectedState  . . .	P Near	 00000000 FLAT	Length= 00000000 External STDCALL
MessageBoxA  . . . . . . . . . .	P Near	 00000000 FLAT	Length= 00000000 External STDCALL
MessageBoxIndirectA  . . . . . .	P Near	 00000000 FLAT	Length= 00000000 External STDCALL
SetConsoleCursorPosition . . . .	P Near	 00000000 FLAT	Length= 00000000 External STDCALL
SetConsoleScreenBufferSize . . .	P Near	 00000000 FLAT	Length= 00000000 External STDCALL
SetConsoleTextAttribute  . . . .	P Near	 00000000 FLAT	Length= 00000000 External STDCALL
SetConsoleTitleA . . . . . . . .	P Near	 00000000 FLAT	Length= 00000000 External STDCALL
StdIn  . . . . . . . . . . . . .	P Near	 00000000 FLAT	Length= 00000000 External STDCALL
StdOut . . . . . . . . . . . . .	P Near	 00000000 FLAT	Length= 00000000 External STDCALL
URLDownloadToFileA . . . . . . .	P Near	 00000000 FLAT	Length= 00000000 External STDCALL
VirtualProtect . . . . . . . . .	P Near	 00000000 FLAT	Length= 00000000 External STDCALL
shell_ex . . . . . . . . . . . .	P Near	 00000000 FLAT	Length= 00000000 External STDCALL
shell  . . . . . . . . . . . . .	P Near	 00000000 FLAT	Length= 00000000 External STDCALL
wait_key . . . . . . . . . . . .	P Near	 00000000 FLAT	Length= 00000000 External STDCALL


Symbols:

                N a m e                 Type     Value    Attr

??0000 . . . . . . . . . . . . .	Number	 00000000h   
??0001 . . . . . . . . . . . . .	Byte	 00000023 _DATA	
??0003 . . . . . . . . . . . . .	Byte	 00000026 _DATA	
??0004 . . . . . . . . . . . . .	Text   	 o
??0005 . . . . . . . . . . . . .	Byte	 00000025 _DATA	
??0006 . . . . . . . . . . . . .	L Near	 0000001F _TEXT	
??0007 . . . . . . . . . . . . .	L Near	 00000055 _TEXT	
??0008 . . . . . . . . . . . . .	Number	 00000000h   
??0009 . . . . . . . . . . . . .	Byte	 000000EE _DATA	
??000B . . . . . . . . . . . . .	Byte	 000000F1 _DATA	
??000C . . . . . . . . . . . . .	Text   	 o
??000D . . . . . . . . . . . . .	Byte	 000000F0 _DATA	
??000E . . . . . . . . . . . . .	L Near	 00000078 _TEXT	
??000F . . . . . . . . . . . . .	L Near	 000000AE _TEXT	
??0010 . . . . . . . . . . . . .	Number	 00000000h   
??0011 . . . . . . . . . . . . .	Byte	 000001B9 _DATA	
??0013 . . . . . . . . . . . . .	Byte	 000001BC _DATA	
??0014 . . . . . . . . . . . . .	Text   	 o
??0015 . . . . . . . . . . . . .	Byte	 000001BB _DATA	
??0016 . . . . . . . . . . . . .	L Near	 000000D1 _TEXT	
??0017 . . . . . . . . . . . . .	L Near	 00000107 _TEXT	
??0018 . . . . . . . . . . . . .	Number	 00000000h   
??0019 . . . . . . . . . . . . .	Byte	 00000284 _DATA	
??001B . . . . . . . . . . . . .	Byte	 00000287 _DATA	
??001C . . . . . . . . . . . . .	Text   	 o
??001D . . . . . . . . . . . . .	Byte	 00000286 _DATA	
??001E . . . . . . . . . . . . .	L Near	 0000012A _TEXT	
??001F . . . . . . . . . . . . .	L Near	 00000160 _TEXT	
??0020 . . . . . . . . . . . . .	Number	 00000000h   
??0021 . . . . . . . . . . . . .	Byte	 0000034F _DATA	
??0023 . . . . . . . . . . . . .	Byte	 00000352 _DATA	
??0024 . . . . . . . . . . . . .	Text   	 o
??0025 . . . . . . . . . . . . .	Byte	 00000351 _DATA	
??0026 . . . . . . . . . . . . .	L Near	 00000183 _TEXT	
??0027 . . . . . . . . . . . . .	L Near	 000001B9 _TEXT	
??0028 . . . . . . . . . . . . .	Number	 00000000h   
??0029 . . . . . . . . . . . . .	Byte	 0000041A _DATA	
??002B . . . . . . . . . . . . .	Byte	 0000041D _DATA	
??002C . . . . . . . . . . . . .	Text   	 o
??002D . . . . . . . . . . . . .	Byte	 0000041C _DATA	
??002E . . . . . . . . . . . . .	L Near	 000001DC _TEXT	
??002F . . . . . . . . . . . . .	L Near	 00000212 _TEXT	
??0030 . . . . . . . . . . . . .	Number	 00000000h   
??0031 . . . . . . . . . . . . .	Byte	 000004EC _DATA	
??0039 . . . . . . . . . . . . .	Number	 00000004h   
??003A . . . . . . . . . . . . .	Byte	 000004E6 _DATA	
??003B . . . . . . . . . . . . .	Text   	 "
??003C . . . . . . . . . . . . .	Byte	 000004E5 _DATA	
??003E . . . . . . . . . . . . .	L Near	 00000255 _TEXT	
??003F . . . . . . . . . . . . .	Number	 00000000h   
??0040 . . . . . . . . . . . . .	Byte	 000004F6 _DATA	
??0048 . . . . . . . . . . . . .	Number	 00000004h   
??0049 . . . . . . . . . . . . .	Byte	 000004F0 _DATA	
??004A . . . . . . . . . . . . .	Text   	 "
??004B . . . . . . . . . . . . .	Byte	 000004EF _DATA	
??004D . . . . . . . . . . . . .	L Near	 000002AD _TEXT	
??004E . . . . . . . . . . . . .	Number	 00000000h   
??004F . . . . . . . . . . . . .	Byte	 00000500 _DATA	
??0057 . . . . . . . . . . . . .	Number	 00000004h   
??0058 . . . . . . . . . . . . .	Byte	 000004FA _DATA	
??0059 . . . . . . . . . . . . .	Text   	 "
??005A . . . . . . . . . . . . .	Byte	 000004F9 _DATA	
??005C . . . . . . . . . . . . .	L Near	 00000305 _TEXT	
??005D . . . . . . . . . . . . .	Number	 00000000h   
??005E . . . . . . . . . . . . .	Byte	 0000050A _DATA	
??0066 . . . . . . . . . . . . .	Number	 00000004h   
??0067 . . . . . . . . . . . . .	Byte	 00000504 _DATA	
??0068 . . . . . . . . . . . . .	Text   	 "
??0069 . . . . . . . . . . . . .	Byte	 00000503 _DATA	
??006B . . . . . . . . . . . . .	L Near	 0000035D _TEXT	
??006C . . . . . . . . . . . . .	Number	 00000000h   
??006D . . . . . . . . . . . . .	Byte	 0000050D _DATA	
??006F . . . . . . . . . . . . .	Byte	 00000510 _DATA	
??0070 . . . . . . . . . . . . .	Text   	 o
??0071 . . . . . . . . . . . . .	Byte	 0000050F _DATA	
??0072 . . . . . . . . . . . . .	L Near	 00000398 _TEXT	
??0073 . . . . . . . . . . . . .	L Near	 000003CE _TEXT	
??0074 . . . . . . . . . . . . .	Number	 00000000h   
??0075 . . . . . . . . . . . . .	Byte	 000005D8 _DATA	
??0077 . . . . . . . . . . . . .	Byte	 000005DB _DATA	
??0078 . . . . . . . . . . . . .	Text   	 o
??0079 . . . . . . . . . . . . .	Byte	 000005DA _DATA	
??007A . . . . . . . . . . . . .	L Near	 000003F1 _TEXT	
??007B . . . . . . . . . . . . .	L Near	 00000427 _TEXT	
??007C . . . . . . . . . . . . .	Number	 00000000h   
??007D . . . . . . . . . . . . .	Byte	 000006AA _DATA	
??0085 . . . . . . . . . . . . .	Number	 00000004h   
??0086 . . . . . . . . . . . . .	Byte	 000006A4 _DATA	
??0087 . . . . . . . . . . . . .	Text   	 "
??0088 . . . . . . . . . . . . .	Byte	 000006A3 _DATA	
??008A . . . . . . . . . . . . .	L Near	 00000474 _TEXT	
??008B . . . . . . . . . . . . .	Number	 00000000h   
??008C . . . . . . . . . . . . .	Byte	 000006B4 _DATA	
??0094 . . . . . . . . . . . . .	Number	 00000004h   
??0095 . . . . . . . . . . . . .	Byte	 000006AE _DATA	
??0096 . . . . . . . . . . . . .	Text   	 "
??0097 . . . . . . . . . . . . .	Byte	 000006AD _DATA	
??0099 . . . . . . . . . . . . .	L Near	 000004CC _TEXT	
??009A . . . . . . . . . . . . .	Number	 00000000h   
??009B . . . . . . . . . . . . .	Byte	 000006BE _DATA	
??00A3 . . . . . . . . . . . . .	Number	 00000004h   
??00A4 . . . . . . . . . . . . .	Byte	 000006B8 _DATA	
??00A5 . . . . . . . . . . . . .	Text   	 "
??00A6 . . . . . . . . . . . . .	Byte	 000006B7 _DATA	
??00A8 . . . . . . . . . . . . .	L Near	 00000524 _TEXT	
??00A9 . . . . . . . . . . . . .	Number	 00000000h   
??00AA . . . . . . . . . . . . .	Byte	 000006C8 _DATA	
??00B2 . . . . . . . . . . . . .	Number	 00000004h   
??00B3 . . . . . . . . . . . . .	Byte	 000006C2 _DATA	
??00B4 . . . . . . . . . . . . .	Text   	 "
??00B5 . . . . . . . . . . . . .	Byte	 000006C1 _DATA	
??00B7 . . . . . . . . . . . . .	L Near	 0000057C _TEXT	
??00B8 . . . . . . . . . . . . .	Number	 00000000h   
??00B9 . . . . . . . . . . . . .	Byte	 000006CB _DATA	
??00BB . . . . . . . . . . . . .	Byte	 000006CE _DATA	
??00BC . . . . . . . . . . . . .	Text   	 o
??00BD . . . . . . . . . . . . .	Byte	 000006CD _DATA	
??00BE . . . . . . . . . . . . .	L Near	 000005B7 _TEXT	
??00BF . . . . . . . . . . . . .	L Near	 000005ED _TEXT	
??00C0 . . . . . . . . . . . . .	Number	 00000000h   
??00C1 . . . . . . . . . . . . .	Byte	 00000796 _DATA	
??00C3 . . . . . . . . . . . . .	Byte	 00000799 _DATA	
??00C4 . . . . . . . . . . . . .	Text   	 o
??00C5 . . . . . . . . . . . . .	Byte	 00000798 _DATA	
??00C6 . . . . . . . . . . . . .	L Near	 00000610 _TEXT	
??00C7 . . . . . . . . . . . . .	L Near	 00000646 _TEXT	
??00C8 . . . . . . . . . . . . .	Number	 00000000h   
??00CA . . . . . . . . . . . . .	L Near	 00000669 _TEXT	
??00CB . . . . . . . . . . . . .	L Near	 000006D1 _TEXT	
??00CC . . . . . . . . . . . . .	L Near	 0000072B _TEXT	
??00CD . . . . . . . . . . . . .	L Near	 0000078F _TEXT	
??00D1 . . . . . . . . . . . . .	Number	 00000001h   
??00D2 . . . . . . . . . . . . .	Number	 00000000h   
??00D3 . . . . . . . . . . . . .	Byte	 00000861 _DATA	
??00D5 . . . . . . . . . . . . .	Byte	 00000864 _DATA	
??00D6 . . . . . . . . . . . . .	Text   	 o
??00D7 . . . . . . . . . . . . .	Byte	 00000863 _DATA	
??00D8 . . . . . . . . . . . . .	L Near	 00000690 _TEXT	
??00D9 . . . . . . . . . . . . .	L Near	 000006C6 _TEXT	
??00DA . . . . . . . . . . . . .	Number	 00000000h   
??00DB . . . . . . . . . . . . .	Byte	 0000092C _DATA	
??00DD . . . . . . . . . . . . .	Byte	 0000092F _DATA	
??00DE . . . . . . . . . . . . .	Text   	 o
??00DF . . . . . . . . . . . . .	Byte	 0000092E _DATA	
??00E0 . . . . . . . . . . . . .	L Near	 000006EB _TEXT	
??00E1 . . . . . . . . . . . . .	L Near	 00000721 _TEXT	
??00E2 . . . . . . . . . . . . .	Number	 00000000h   
??00E3 . . . . . . . . . . . . .	Byte	 000009F7 _DATA	
??00E5 . . . . . . . . . . . . .	Byte	 000009FA _DATA	
??00E6 . . . . . . . . . . . . .	Text   	 o
??00E7 . . . . . . . . . . . . .	Byte	 000009F9 _DATA	
??00E8 . . . . . . . . . . . . .	L Near	 00000750 _TEXT	
??00E9 . . . . . . . . . . . . .	L Near	 00000786 _TEXT	
??00EA . . . . . . . . . . . . .	Number	 00000000h   
??00EB . . . . . . . . . . . . .	Byte	 00000AC2 _DATA	
??00ED . . . . . . . . . . . . .	Byte	 00000AC5 _DATA	
??00EE . . . . . . . . . . . . .	Text   	 o
??00EF . . . . . . . . . . . . .	Byte	 00000AC4 _DATA	
??00F0 . . . . . . . . . . . . .	L Near	 000007A9 _TEXT	
??00F1 . . . . . . . . . . . . .	L Near	 000007DF _TEXT	
??00F2 . . . . . . . . . . . . .	Number	 00000000h   
??00F3 . . . . . . . . . . . . .	Byte	 00000B8D _DATA	
??00F5 . . . . . . . . . . . . .	Byte	 00000B90 _DATA	
??00F6 . . . . . . . . . . . . .	Text   	 o
??00F7 . . . . . . . . . . . . .	Byte	 00000B8F _DATA	
??00F8 . . . . . . . . . . . . .	L Near	 00000805 _TEXT	
??00F9 . . . . . . . . . . . . .	L Near	 0000083B _TEXT	
??00FA . . . . . . . . . . . . .	Number	 00000000h   
??00FB . . . . . . . . . . . . .	Byte	 00000C58 _DATA	
??00FD . . . . . . . . . . . . .	Byte	 00000C5B _DATA	
??00FE . . . . . . . . . . . . .	Text   	 o
??00FF . . . . . . . . . . . . .	Byte	 00000C5A _DATA	
??0100 . . . . . . . . . . . . .	L Near	 0000085E _TEXT	
??0101 . . . . . . . . . . . . .	L Near	 00000894 _TEXT	
??0102 . . . . . . . . . . . . .	Number	 00000000h   
??0104 . . . . . . . . . . . . .	L Near	 000008AC _TEXT	
??0105 . . . . . . . . . . . . .	L Near	 00000914 _TEXT	
??0106 . . . . . . . . . . . . .	L Near	 0000096E _TEXT	
??0107 . . . . . . . . . . . . .	L Near	 000009D2 _TEXT	
??010B . . . . . . . . . . . . .	Number	 00000001h   
??010C . . . . . . . . . . . . .	Number	 00000000h   
??010D . . . . . . . . . . . . .	Byte	 00000D23 _DATA	
??010F . . . . . . . . . . . . .	Byte	 00000D26 _DATA	
??0110 . . . . . . . . . . . . .	Text   	 o
??0111 . . . . . . . . . . . . .	Byte	 00000D25 _DATA	
??0112 . . . . . . . . . . . . .	L Near	 000008D3 _TEXT	
??0113 . . . . . . . . . . . . .	L Near	 00000909 _TEXT	
??0114 . . . . . . . . . . . . .	Number	 00000000h   
??0115 . . . . . . . . . . . . .	Byte	 00000DEE _DATA	
??0117 . . . . . . . . . . . . .	Byte	 00000DF1 _DATA	
??0118 . . . . . . . . . . . . .	Text   	 o
??0119 . . . . . . . . . . . . .	Byte	 00000DF0 _DATA	
??011A . . . . . . . . . . . . .	L Near	 0000092E _TEXT	
??011B . . . . . . . . . . . . .	L Near	 00000964 _TEXT	
??011C . . . . . . . . . . . . .	Number	 00000000h   
??011D . . . . . . . . . . . . .	Byte	 00000EB9 _DATA	
??011F . . . . . . . . . . . . .	Byte	 00000EBC _DATA	
??0120 . . . . . . . . . . . . .	Text   	 o
??0121 . . . . . . . . . . . . .	Byte	 00000EBB _DATA	
??0122 . . . . . . . . . . . . .	L Near	 00000993 _TEXT	
??0123 . . . . . . . . . . . . .	L Near	 000009C9 _TEXT	
??0124 . . . . . . . . . . . . .	Number	 00000000h   
??0125 . . . . . . . . . . . . .	Byte	 00000F84 _DATA	
??0127 . . . . . . . . . . . . .	Byte	 00000F87 _DATA	
??0128 . . . . . . . . . . . . .	Text   	 o
??0129 . . . . . . . . . . . . .	Byte	 00000F86 _DATA	
??012A . . . . . . . . . . . . .	L Near	 000009EC _TEXT	
??012B . . . . . . . . . . . . .	L Near	 00000A22 _TEXT	
??012C . . . . . . . . . . . . .	Number	 00000000h   
??012D . . . . . . . . . . . . .	Byte	 0000104F _DATA	
??012F . . . . . . . . . . . . .	Byte	 00001052 _DATA	
??0130 . . . . . . . . . . . . .	Text   	 o
??0131 . . . . . . . . . . . . .	Byte	 00001051 _DATA	
??0132 . . . . . . . . . . . . .	L Near	 00000A48 _TEXT	
??0133 . . . . . . . . . . . . .	L Near	 00000A7E _TEXT	
??0134 . . . . . . . . . . . . .	Number	 00000000h   
??0135 . . . . . . . . . . . . .	Byte	 0000111A _DATA	
??0137 . . . . . . . . . . . . .	Byte	 0000111D _DATA	
??0138 . . . . . . . . . . . . .	Text   	 o
??0139 . . . . . . . . . . . . .	Byte	 0000111C _DATA	
??013A . . . . . . . . . . . . .	L Near	 00000AA1 _TEXT	
??013B . . . . . . . . . . . . .	L Near	 00000AD7 _TEXT	
??013C . . . . . . . . . . . . .	Number	 00000000h   
??013E . . . . . . . . . . . . .	L Near	 00000AEF _TEXT	
??013F . . . . . . . . . . . . .	L Near	 00000B57 _TEXT	
??0140 . . . . . . . . . . . . .	L Near	 00000BB1 _TEXT	
??0141 . . . . . . . . . . . . .	L Near	 00000C15 _TEXT	
??0145 . . . . . . . . . . . . .	Number	 00000001h   
??0146 . . . . . . . . . . . . .	Number	 00000000h   
??0147 . . . . . . . . . . . . .	Byte	 000011E5 _DATA	
??0149 . . . . . . . . . . . . .	Byte	 000011E8 _DATA	
??014A . . . . . . . . . . . . .	Text   	 o
??014B . . . . . . . . . . . . .	Byte	 000011E7 _DATA	
??014C . . . . . . . . . . . . .	L Near	 00000B16 _TEXT	
??014D . . . . . . . . . . . . .	L Near	 00000B4C _TEXT	
??014E . . . . . . . . . . . . .	Number	 00000000h   
??014F . . . . . . . . . . . . .	Byte	 000012B0 _DATA	
??0151 . . . . . . . . . . . . .	Byte	 000012B3 _DATA	
??0152 . . . . . . . . . . . . .	Text   	 o
??0153 . . . . . . . . . . . . .	Byte	 000012B2 _DATA	
??0154 . . . . . . . . . . . . .	L Near	 00000B71 _TEXT	
??0155 . . . . . . . . . . . . .	L Near	 00000BA7 _TEXT	
??0156 . . . . . . . . . . . . .	Number	 00000000h   
??0157 . . . . . . . . . . . . .	Byte	 0000137B _DATA	
??0159 . . . . . . . . . . . . .	Byte	 0000137E _DATA	
??015A . . . . . . . . . . . . .	Text   	 o
??015B . . . . . . . . . . . . .	Byte	 0000137D _DATA	
??015C . . . . . . . . . . . . .	L Near	 00000BD6 _TEXT	
??015D . . . . . . . . . . . . .	L Near	 00000C0C _TEXT	
??015E . . . . . . . . . . . . .	Number	 00000000h   
??015F . . . . . . . . . . . . .	Byte	 00001446 _DATA	
??0161 . . . . . . . . . . . . .	Byte	 00001449 _DATA	
??0162 . . . . . . . . . . . . .	Text   	 o
??0163 . . . . . . . . . . . . .	Byte	 00001448 _DATA	
??0164 . . . . . . . . . . . . .	L Near	 00000C2F _TEXT	
??0165 . . . . . . . . . . . . .	L Near	 00000C65 _TEXT	
??0166 . . . . . . . . . . . . .	Number	 00000000h   
??0167 . . . . . . . . . . . . .	Byte	 00001511 _DATA	
??0169 . . . . . . . . . . . . .	Byte	 00001514 _DATA	
??016A . . . . . . . . . . . . .	Text   	 o
??016B . . . . . . . . . . . . .	Byte	 00001513 _DATA	
??016C . . . . . . . . . . . . .	L Near	 00000C8B _TEXT	
??016D . . . . . . . . . . . . .	L Near	 00000CC1 _TEXT	
??016E . . . . . . . . . . . . .	Number	 00000000h   
??016F . . . . . . . . . . . . .	Byte	 000015DC _DATA	
??0171 . . . . . . . . . . . . .	Byte	 000015DF _DATA	
??0172 . . . . . . . . . . . . .	Text   	 o
??0173 . . . . . . . . . . . . .	Byte	 000015DE _DATA	
??0174 . . . . . . . . . . . . .	L Near	 00000CE4 _TEXT	
??0175 . . . . . . . . . . . . .	L Near	 00000D1A _TEXT	
??CommonHeapElemSize . . . . . .	DWord	 00000004 _DATA	
??ConsoleMode  . . . . . . . . .	Byte	 00000008 _DATA	
??TotalHeapAllocated . . . . . .	DWord	 00000000 _DATA	
??sTime  . . . . . . . . . . . .	SystemTime  00000009 _DATA	
@CodeSize  . . . . . . . . . . .	Number	 00000000h   
@DataSize  . . . . . . . . . . .	Number	 00000000h   
@InChar  . . . . . . . . . . . .	Text   	 @inchar
@InInt . . . . . . . . . . . . .	Text   	 @inint
@Inchar  . . . . . . . . . . . .	Text   	 @inchar
@InintLn . . . . . . . . . . . .	Text   	 @inintln
@Inintln . . . . . . . . . . . .	Text   	 @inintln
@Inint . . . . . . . . . . . . .	Text   	 @inint
@Interface . . . . . . . . . . .	Number	 00000003h   
@Model . . . . . . . . . . . . .	Number	 00000007h   
@ReadKey . . . . . . . . . . . .	Text   	 @readkey
@code  . . . . . . . . . . . . .	Text   	 _TEXT
@data  . . . . . . . . . . . . .	Text   	 FLAT
@fardata?  . . . . . . . . . . .	Text   	 FLAT
@fardata . . . . . . . . . . . .	Text   	 FLAT
@stack . . . . . . . . . . . . .	Text   	 FLAT
AllocConsole@0 . . . . . . . . .	L Near	 00000000 FLAT	External STDCALL
Black  . . . . . . . . . . . . .	Number	 00000000h   
Blue . . . . . . . . . . . . . .	Number	 00000001h   
Bright . . . . . . . . . . . . .	Number	 00000008h   
Brown  . . . . . . . . . . . . .	Number	 00000006h   
CREATE_ALWAYS  . . . . . . . . .	Number	 00000002h   
CREATE_NEW . . . . . . . . . . .	Number	 00000001h   
CharToOem  . . . . . . . . . . .	Text   	 CharToOemA
Cls  . . . . . . . . . . . . . .	Text   	 ClrScr
CreateFile . . . . . . . . . . .	Text   	 CreateFileA
Cyan . . . . . . . . . . . . . .	Number	 00000003h   
DarkGray . . . . . . . . . . . .	Number	 00000008h   
Dispose  . . . . . . . . . . . .	Text   	 dispose
Exit . . . . . . . . . . . . . .	Text   	 exit
FILE_ATTRIBUTE_ARCHIVE . . . . .	Number	 00000020h   
FILE_ATTRIBUTE_COMPRESSED  . . .	Number	 00000800h   
FILE_ATTRIBUTE_DIRECTORY . . . .	Number	 00000010h   
FILE_ATTRIBUTE_HIDDEN  . . . . .	Number	 00000002h   
FILE_ATTRIBUTE_NORMAL  . . . . .	Number	 00000080h   
FILE_ATTRIBUTE_READONLY  . . . .	Number	 00000001h   
FILE_ATTRIBUTE_SYSTEM  . . . . .	Number	 00000004h   
FILE_ATTRIBUTE_TEMPORARY . . . .	Number	 00000100h   
Flush  . . . . . . . . . . . . .	Text   	 flush
FreeConsole@0  . . . . . . . . .	L Near	 00000000 FLAT	External STDCALL
GENERIC_ALL  . . . . . . . . . .	Number	 10000000h   
GENERIC_EXECUTE  . . . . . . . .	Number	 20000000h   
GENERIC_READ . . . . . . . . . .	Number	 -80000000h   
GENERIC_WRITE  . . . . . . . . .	Number	 40000000h   
GMEM_FIXED . . . . . . . . . . .	Number	 00000000h   
GMEM_ZEROINIT  . . . . . . . . .	Number	 00000040h   
GetCommandLine . . . . . . . . .	Text   	 GetCommandLineA
GetModuleHandle  . . . . . . . .	Text   	 GetModuleHandleA
GotoXY . . . . . . . . . . . . .	Text   	 gotoXY
Green  . . . . . . . . . . . . .	Number	 00000002h   
IDABORT  . . . . . . . . . . . .	Number	 00000003h   
IDCANCEL . . . . . . . . . . . .	Number	 00000002h   
IDIGNORE . . . . . . . . . . . .	Number	 00000005h   
IDNO . . . . . . . . . . . . . .	Number	 00000007h   
IDOK . . . . . . . . . . . . . .	Number	 00000001h   
IDRETRY  . . . . . . . . . . . .	Number	 00000004h   
IDYES  . . . . . . . . . . . . .	Number	 00000006h   
InChar . . . . . . . . . . . . .	Text   	 inchar
InInt  . . . . . . . . . . . . .	Text   	 inint
Inchar . . . . . . . . . . . . .	Text   	 inchar
InintLn  . . . . . . . . . . . .	Text   	 inintln
Inintln  . . . . . . . . . . . .	Text   	 inintln
Inint  . . . . . . . . . . . . .	Text   	 inint
LANG_NEUTRAL . . . . . . . . . .	Number	 00000000h   
LightBlue  . . . . . . . . . . .	Number	 00000009h   
LightGray  . . . . . . . . . . .	Number	 00000007h   
LightGreen . . . . . . . . . . .	Number	 0000000Ah   
LightMagenta . . . . . . . . . .	Number	 0000000Dh   
LightRed . . . . . . . . . . . .	Number	 0000000Ch   
MB_ABORTRETRYIGNORE  . . . . . .	Number	 00000002h   
MB_CANCELTRYCONTINUE . . . . . .	Number	 00000006h   
MB_DEFBUTTON1  . . . . . . . . .	Number	 00000000h   
MB_DEFBUTTON2  . . . . . . . . .	Number	 00000100h   
MB_DEFBUTTON3  . . . . . . . . .	Number	 00000200h   
MB_DEFBUTTON4  . . . . . . . . .	Number	 00000300h   
MB_HELP  . . . . . . . . . . . .	Number	 00004000h   
MB_ICONASTERISK  . . . . . . . .	Number	 00000040h   
MB_ICONEXCLAMATION . . . . . . .	Number	 00000030h   
MB_ICONHAND  . . . . . . . . . .	Number	 00000008h   
MB_ICONQUESTION  . . . . . . . .	Number	 00000020h   
MB_ICONSTOP  . . . . . . . . . .	Number	 00000010h   
MB_OKCANCEL  . . . . . . . . . .	Number	 00000001h   
MB_OK  . . . . . . . . . . . . .	Number	 00000000h   
MB_RETRYCANCEL . . . . . . . . .	Number	 00000005h   
MB_RIGHT . . . . . . . . . . . .	Number	 00080000h   
MB_SYSTEMMODAL . . . . . . . . .	Number	 00001000h   
MB_USERICON  . . . . . . . . . .	Number	 00000080h   
MB_YESNOCANCEL . . . . . . . . .	Number	 00000003h   
MB_YESNO . . . . . . . . . . . .	Number	 00000004h   
Magenta  . . . . . . . . . . . .	Number	 00000005h   
MessageBoxIndirect . . . . . . .	Text   	 MessageBoxIndirectA
MessageBox . . . . . . . . . . .	Text   	 MessageBoxA
NULL . . . . . . . . . . . . . .	Number	 00000000h   
NewLine  . . . . . . . . . . . .	Text   	 newline
Newline  . . . . . . . . . . . .	Text   	 newline
New  . . . . . . . . . . . . . .	Text   	 new
OPEN_ALWAYS  . . . . . . . . . .	Number	 00000004h   
OPEN_EXISTING  . . . . . . . . .	Number	 00000003h   
OutCharLn  . . . . . . . . . . .	Text   	 outcharln
OutCharln  . . . . . . . . . . .	Text   	 outcharln
OutChar  . . . . . . . . . . . .	Text   	 outchar,prompt:VARARG
OutDateLn  . . . . . . . . . . .	Text   	 outdateln
OutDateln  . . . . . . . . . . .	Text   	 outdateln
OutDate  . . . . . . . . . . . .	Text   	 outdate
OutILn . . . . . . . . . . . . .	Text   	 outintln
OutIln . . . . . . . . . . . . .	Text   	 outintln
OutIntLn . . . . . . . . . . . .	Text   	 outintln
OutInt . . . . . . . . . . . . .	Text   	 outint
OutI . . . . . . . . . . . . . .	Text   	 outint
OutNumLn . . . . . . . . . . . .	Text   	 outnumln
OutNumln . . . . . . . . . . . .	Text   	 outnumln
OutNum . . . . . . . . . . . . .	Text   	 outnum
OutStrLn . . . . . . . . . . . .	Text   	 outstrln
OutStr . . . . . . . . . . . . .	Text   	 outstr
OutTimeLn  . . . . . . . . . . .	Text   	 outtimeln
OutTimeln  . . . . . . . . . . .	Text   	 outtimeln
OutTime  . . . . . . . . . . . .	Text   	 outtime
OutULn . . . . . . . . . . . . .	Text   	 outwordln
OutUln . . . . . . . . . . . . .	Text   	 outwordln
OutUnsignedLn  . . . . . . . . .	Text   	 outwordln
OutUnsignedln  . . . . . . . . .	Text   	 outwordln
OutUnsigned  . . . . . . . . . .	Text   	 outword
OutU . . . . . . . . . . . . . .	Text   	 outword
OutWordLn  . . . . . . . . . . .	Text   	 outwordln
OutWord  . . . . . . . . . . . .	Text   	 outword
OutintLn . . . . . . . . . . . .	Text   	 outintln
Outintln . . . . . . . . . . . .	Text   	 outintln
Outint . . . . . . . . . . . . .	Text   	 outint
OutstrLn . . . . . . . . . . . .	Text   	 outstrln
OutwordLn  . . . . . . . . . . .	Text   	 outwordln
Outword  . . . . . . . . . . . .	Text   	 outword
PAGE_EXECUTE_READWRITE . . . . .	Number	 00000040h   
PAGE_EXECUTE_READ  . . . . . . .	Number	 00000020h   
PAGE_EXECUTE_WRITECOPY . . . . .	Number	 00000080h   
PAGE_EXECUTE . . . . . . . . . .	Number	 00000010h   
PAGE_NOACCESS  . . . . . . . . .	Number	 00000001h   
PAGE_READONLY  . . . . . . . . .	Number	 00000002h   
PAGE_READWRITE . . . . . . . . .	Number	 00000004h   
PAGE_WRITECOPY . . . . . . . . .	Number	 00000008h   
Pause  . . . . . . . . . . . . .	Text   	 pause
ReadKey  . . . . . . . . . . . .	Text   	 readkey
Red  . . . . . . . . . . . . . .	Number	 00000004h   
STD_ERROR_HANDLE . . . . . . . .	Number	 -0000000Ch   
STD_INPUT_HANDLE . . . . . . . .	Number	 -0000000Ah   
STD_OUTPUT_HANDLE  . . . . . . .	Number	 -0000000Bh   
SetConsoleTitle  . . . . . . . .	Text   	 SetConsoleTitleA
Start  . . . . . . . . . . . . .	L Near	 00000000 _TEXT	Public STDCALL
TRUNCATE_EXISTING  . . . . . . .	Number	 00000005h   
URLDownloadToFile  . . . . . . .	Text   	 URLDownloadToFileA
White  . . . . . . . . . . . . .	Number	 0000000Fh   
X  . . . . . . . . . . . . . . .	DWord	 00000019 _DATA	
Yellow . . . . . . . . . . . . .	Number	 0000000Eh   
Y  . . . . . . . . . . . . . . .	FWord	 0000001D _DATA	
_imp__printf . . . . . . . . . .	DWord	 00000000 FLAT	External STDCALL
_imp__sprintf  . . . . . . . . .	DWord	 00000000 FLAT	External STDCALL
black  . . . . . . . . . . . . .	Number	 00000000h   
blue . . . . . . . . . . . . . .	Number	 00000001h   
bright . . . . . . . . . . . . .	Number	 00000008h   
brown  . . . . . . . . . . . . .	Number	 00000006h   
clrscr . . . . . . . . . . . . .	Text   	 ClrScr
crt_printf . . . . . . . . . . .	Text   	 _imp__printf
crt_sprintf  . . . . . . . . . .	Text   	 _imp__sprintf
cyan . . . . . . . . . . . . . .	Number	 00000003h   
darkgray . . . . . . . . . . . .	Number	 00000008h   
dos  . . . . . . . . . . . . . .	Text   	 DOS
downloadfile . . . . . . . . . .	Text   	 DownloadFile
gotoxy . . . . . . . . . . . . .	Text   	 gotoXY
green  . . . . . . . . . . . . .	Number	 00000002h   
heapblocksize  . . . . . . . . .	Text   	 HeapBlockSize
inint_proc@0 . . . . . . . . . .	L Near	 00000000 FLAT	External STDCALL
inputstr . . . . . . . . . . . .	Text   	 InputStr
lightblue  . . . . . . . . . . .	Number	 00000009h   
lightgray  . . . . . . . . . . .	Number	 00000007h   
lightgreen . . . . . . . . . . .	Number	 0000000Ah   
lightmagenta . . . . . . . . . .	Number	 0000000Dh   
lightred . . . . . . . . . . . .	Number	 0000000Ch   
magenta  . . . . . . . . . . . .	Number	 00000005h   
nil  . . . . . . . . . . . . . .	DWord 	 00000000h   
outintLn . . . . . . . . . . . .	Text   	 outintln
outwordLn  . . . . . . . . . . .	Text   	 outwordln
red  . . . . . . . . . . . . . .	Number	 00000004h   
settextattr  . . . . . . . . . .	Text   	 SetTextAttr
whereX . . . . . . . . . . . . .	Text   	 WhereX
whereY . . . . . . . . . . . . .	Text   	 WhereY
wherex . . . . . . . . . . . . .	Text   	 WhereX
wherey . . . . . . . . . . . . .	Text   	 WhereY
white  . . . . . . . . . . . . .	Number	 0000000Fh   
yellow . . . . . . . . . . . . .	Number	 0000000Eh   

	   0 Warnings
	   0 Errors
