Microsoft (R) Macro Assembler Version 6.14.8444		    02/19/18 19:44:42
a.asm							     Page 1 - 1


				include console.inc
			      C .NOLIST
			      C .LIST
			      C 
			      C 
			      C ;include masm32.inc
			      C 
			      C    includelib masm32.lib
			      C    includelib user32.lib
			      C    includelib kernel32.lib
			      C    includelib msvcrt.lib
			      C    includelib io_proc.lib
			      C    
			      C 

				COMMENT *
				   Выдача марки процессора
				   http://www.manhunter.ru/assembler/773_kak_na_assemblere_poluchit_stroku_nazvaniya_processora.html
				*

 00000019			.data
 00000019  00000080 [		   buf db 128 dup (?) 
	    00
	   ]
 00000000			.code
 00000000			Start:
				   ClrScr
				   ConsoleTitle "   Выдача марки процессора"
				   Newline 3

 0000024E  BE 00000019 R	   mov   esi,offset buf
 00000253  8B FE		   mov   edi,esi
 00000255  FC			   cld
				; Прочитать информацию о процессоре
 00000256  B8 80000002		   mov   eax,80000002h
 0000025B			@@:
 0000025B  50			   push  eax
 0000025C  0F A2		   cpuid
 0000025E  AB			   stosd
 0000025F  93			   xchg  eax,ebx
 00000260  AB			   stosd
 00000261  91			   xchg  eax,ecx
 00000262  AB			   stosd
 00000263  92			   xchg  eax,edx
 00000264  AB			   stosd
 00000265  58			   pop   eax
 00000266  40			   inc   eax
 00000267  3D 80000004		   cmp   eax,80000004h
 0000026C  76 ED		   jbe   @b
				; Привести строку к формату ASCIIZ
 0000026E  33 C0		   xor   eax,eax 
 00000270  AA			   stosb
				   outstr "Процессор = "
				   SetTextAttr Yellow
				   outstrln offset buf
				   SetTextAttr

				   MsgBox " Конец программы", \
				          <"Выключить монитор ?">, \
				          MB_YESNO+MB_ICONQUESTION
 0000043E  83 F8 07		   cmp eax,IDNO
 00000441  74 16		   je  KON

				; Выключить монитор (до кнопкм или мышки)
 = 0000FFFF			HWND_BROADCAST  equ 0FFFFh
 = 00000112			WM_SYSCOMMAND   equ 112h
 = 0000F170			SC_MONITORPOWER equ 0F170h
				SendMessageA PROTO :DWORD,:DWORD,:DWORD,:DWORD
 = SendMessageA			SendMessage equ <SendMessageA>
				   invoke  SendMessage,HWND_BROADCAST,WM_SYSCOMMAND,SC_MONITORPOWER,2

 00000459			KON:
				   exit

				   MsgBox " Конец программы", \
				          <"Повторить",13,10,"программу",13,10,"с начала ?">, \
				          MB_YESNO+MB_ICONQUESTION
 000004CF  83 F8 06		   cmp eax,IDYES
 000004D2  0F 84 FFFFFB28	   je  Start
				   
 000004D8			KOH:   
				   exit
				   end Start
Microsoft (R) Macro Assembler Version 6.14.8444		    02/19/18 19:44:42
a.asm							     Symbols 2 - 1




Macros:

                N a m e                 Type

??CheckStrToBuf  . . . . . . . .	Proc
??RestoreReg . . . . . . . . . .	Proc
??SaveReg  . . . . . . . . . . .	Proc
@inchar  . . . . . . . . . . . .	Func
@inintln . . . . . . . . . . . .	Func
@inint . . . . . . . . . . . . .	Func
@readkey . . . . . . . . . . . .	Func
ChagePageAttr  . . . . . . . . .	Proc
ClrScr . . . . . . . . . . . . .	Proc
ConsoleMode  . . . . . . . . . .	Proc
ConsoleTitle . . . . . . . . . .	Proc
DOS  . . . . . . . . . . . . . .	Func
DownloadFile . . . . . . . . . .	Proc
GetConsoleTitle  . . . . . . . .	Proc
HeapBlockSize  . . . . . . . . .	Proc
InputStr . . . . . . . . . . . .	Proc
MsgBox . . . . . . . . . . . . .	Proc
NewConsole . . . . . . . . . . .	Proc
OpenFile . . . . . . . . . . . .	Proc
OutFlafs . . . . . . . . . . . .	Proc
RunExe . . . . . . . . . . . . .	Proc
SetScreenSize  . . . . . . . . .	Proc
SetTextAttr  . . . . . . . . . .	Proc
TotalHeapAllocated . . . . . . .	Proc
WhereX . . . . . . . . . . . . .	Proc
WhereY . . . . . . . . . . . . .	Proc
dispose  . . . . . . . . . . . .	Proc
exit . . . . . . . . . . . . . .	Proc
flush  . . . . . . . . . . . . .	Proc
gotoXY . . . . . . . . . . . . .	Proc
inchar . . . . . . . . . . . . .	Proc
inintln  . . . . . . . . . . . .	Proc
inint  . . . . . . . . . . . . .	Proc
newline  . . . . . . . . . . . .	Proc
new  . . . . . . . . . . . . . .	Proc
outcharln  . . . . . . . . . . .	Proc
outchar  . . . . . . . . . . . .	Proc
outdateln  . . . . . . . . . . .	Proc
outdate  . . . . . . . . . . . .	Proc
outintln . . . . . . . . . . . .	Proc
outint . . . . . . . . . . . . .	Proc
outnumln . . . . . . . . . . . .	Proc
outnum . . . . . . . . . . . . .	Proc
outstrln . . . . . . . . . . . .	Proc
outstr . . . . . . . . . . . . .	Proc
outtimeln  . . . . . . . . . . .	Proc
outtime  . . . . . . . . . . . .	Proc
outwordln  . . . . . . . . . . .	Proc
outword  . . . . . . . . . . . .	Proc
pause  . . . . . . . . . . . . .	Proc
readkey  . . . . . . . . . . . .	Proc


Structures and Unions:

                N a m e                  Size
                                         Offset      Type

CONSOLE_SCREEN_BUFFER_INFO . . .	 00000016
  dwSize . . . . . . . . . . . .	 00000000	 DWord
  dwCursorPosition . . . . . . .	 00000004	 DWord
  wAttributes  . . . . . . . . .	 00000008	 Word
  srWindow . . . . . . . . . . .	 0000000A	 QWord
  dwMaximumWindowSize  . . . . .	 00000012	 DWord
COORD  . . . . . . . . . . . . .	 00000004
  x  . . . . . . . . . . . . . .	 00000000	 Word
  y  . . . . . . . . . . . . . .	 00000002	 Word
SMALL_RECT . . . . . . . . . . .	 00000008
  Left . . . . . . . . . . . . .	 00000000	 Word
  Top  . . . . . . . . . . . . .	 00000002	 Word
  Right  . . . . . . . . . . . .	 00000004	 Word
  Bottom . . . . . . . . . . . .	 00000006	 Word
SystemTime . . . . . . . . . . .	 00000010
  wYear  . . . . . . . . . . . .	 00000000	 Word
  wMonth . . . . . . . . . . . .	 00000002	 Word
  wDayOfWeek . . . . . . . . . .	 00000004	 Word
  wDay . . . . . . . . . . . . .	 00000006	 Word
  wHour  . . . . . . . . . . . .	 00000008	 Word
  wMinute  . . . . . . . . . . .	 0000000A	 Word
  wSecond  . . . . . . . . . . .	 0000000C	 Word
  wMilliseconds  . . . . . . . .	 0000000E	 Word


Types:

                N a m e                  Size     Attr

c_msvcrt . . . . . . . . . . . .	 00000004     CODE 


Segments and Groups:

                N a m e                 Size     Length   Align   Combine Class

FLAT . . . . . . . . . . . . . .	GROUP
STACK  . . . . . . . . . . . . .	32 Bit	 00001000 Para	  Stack	  'STACK'	 
_DATA  . . . . . . . . . . . . .	32 Bit	 0000083F Para	  Public  'DATA'	
_TEXT  . . . . . . . . . . . . .	32 Bit	 000004E0 Para	  Public  'CODE'	


Procedures,  parameters and locals:

                N a m e                 Type     Value    Attr

CharToOemA . . . . . . . . . . .	P Near	 00000000 FLAT	Length= 00000000 External STDCALL
ClearScreen  . . . . . . . . . .	P Near	 00000000 FLAT	Length= 00000000 External STDCALL
CloseHandle  . . . . . . . . . .	P Near	 00000000 FLAT	Length= 00000000 External STDCALL
CreateFileA  . . . . . . . . . .	P Near	 00000000 FLAT	Length= 00000000 External STDCALL
ExitProcess  . . . . . . . . . .	P Near	 00000000 FLAT	Length= 00000000 External STDCALL
GetCommandLineA  . . . . . . . .	P Near	 00000000 FLAT	Length= 00000000 External STDCALL
GetConsoleScreenBufferInfo . . .	P Near	 00000000 FLAT	Length= 00000000 External STDCALL
GetConsoleTitleA . . . . . . . .	P Near	 00000000 FLAT	Length= 00000000 External STDCALL
GetModuleHandleA . . . . . . . .	P Near	 00000000 FLAT	Length= 00000000 External STDCALL
GetStdHandle . . . . . . . . . .	P Near	 00000000 FLAT	Length= 00000000 External STDCALL
GetSystemMetrics . . . . . . . .	P Near	 00000000 FLAT	Length= 00000000 External STDCALL
GetSystemTime  . . . . . . . . .	P Near	 00000000 FLAT	Length= 00000000 External STDCALL
GlobalAlloc  . . . . . . . . . .	P Near	 00000000 FLAT	Length= 00000000 External STDCALL
GlobalFree . . . . . . . . . . .	P Near	 00000000 FLAT	Length= 00000000 External STDCALL
GlobalSize . . . . . . . . . . .	P Near	 00000000 FLAT	Length= 00000000 External STDCALL
InternetGetConnectedState  . . .	P Near	 00000000 FLAT	Length= 00000000 External STDCALL
MessageBoxA  . . . . . . . . . .	P Near	 00000000 FLAT	Length= 00000000 External STDCALL
MessageBoxIndirectA  . . . . . .	P Near	 00000000 FLAT	Length= 00000000 External STDCALL
SendMessageA . . . . . . . . . .	P Near	 00000000 FLAT	Length= 00000000 External STDCALL
SetConsoleCursorPosition . . . .	P Near	 00000000 FLAT	Length= 00000000 External STDCALL
SetConsoleScreenBufferSize . . .	P Near	 00000000 FLAT	Length= 00000000 External STDCALL
SetConsoleTextAttribute  . . . .	P Near	 00000000 FLAT	Length= 00000000 External STDCALL
SetConsoleTitleA . . . . . . . .	P Near	 00000000 FLAT	Length= 00000000 External STDCALL
StdIn  . . . . . . . . . . . . .	P Near	 00000000 FLAT	Length= 00000000 External STDCALL
StdOut . . . . . . . . . . . . .	P Near	 00000000 FLAT	Length= 00000000 External STDCALL
URLDownloadToFileA . . . . . . .	P Near	 00000000 FLAT	Length= 00000000 External STDCALL
VirtualProtect . . . . . . . . .	P Near	 00000000 FLAT	Length= 00000000 External STDCALL
shell_ex . . . . . . . . . . . .	P Near	 00000000 FLAT	Length= 00000000 External STDCALL
shell  . . . . . . . . . . . . .	P Near	 00000000 FLAT	Length= 00000000 External STDCALL
wait_key . . . . . . . . . . . .	P Near	 00000000 FLAT	Length= 00000000 External STDCALL


Symbols:

                N a m e                 Type     Value    Attr

??0000 . . . . . . . . . . . . .	Byte	 0000009A _DATA	
??0001 . . . . . . . . . . . . .	Text   	 "
??0002 . . . . . . . . . . . . .	Byte	 00000099 _DATA	
??0004 . . . . . . . . . . . . .	L Near	 0000002F _TEXT	
??0005 . . . . . . . . . . . . .	Number	 00000000h   
??0006 . . . . . . . . . . . . .	Byte	 000000B5 _DATA	
??0008 . . . . . . . . . . . . .	Byte	 000000B8 _DATA	
??0009 . . . . . . . . . . . . .	Text   	 o
??000A . . . . . . . . . . . . .	Byte	 000000B7 _DATA	
??000B . . . . . . . . . . . . .	L Near	 00000052 _TEXT	
??000C . . . . . . . . . . . . .	L Near	 00000088 _TEXT	
??000D . . . . . . . . . . . . .	Number	 00000000h   
??000E . . . . . . . . . . . . .	Byte	 00000180 _DATA	
??0010 . . . . . . . . . . . . .	Byte	 00000183 _DATA	
??0011 . . . . . . . . . . . . .	Text   	 o
??0012 . . . . . . . . . . . . .	Byte	 00000182 _DATA	
??0013 . . . . . . . . . . . . .	L Near	 000000AB _TEXT	
??0014 . . . . . . . . . . . . .	L Near	 000000E1 _TEXT	
??0015 . . . . . . . . . . . . .	Number	 00000000h   
??0016 . . . . . . . . . . . . .	Byte	 0000024B _DATA	
??0018 . . . . . . . . . . . . .	Byte	 0000024E _DATA	
??0019 . . . . . . . . . . . . .	Text   	 o
??001A . . . . . . . . . . . . .	Byte	 0000024D _DATA	
??001B . . . . . . . . . . . . .	L Near	 00000104 _TEXT	
??001C . . . . . . . . . . . . .	L Near	 0000013A _TEXT	
??001D . . . . . . . . . . . . .	Number	 00000000h   
??001E . . . . . . . . . . . . .	Byte	 00000316 _DATA	
??0020 . . . . . . . . . . . . .	Byte	 00000319 _DATA	
??0021 . . . . . . . . . . . . .	Text   	 o
??0022 . . . . . . . . . . . . .	Byte	 00000318 _DATA	
??0023 . . . . . . . . . . . . .	L Near	 0000015D _TEXT	
??0024 . . . . . . . . . . . . .	L Near	 00000193 _TEXT	
??0025 . . . . . . . . . . . . .	Number	 00000000h   
??0026 . . . . . . . . . . . . .	Byte	 000003E1 _DATA	
??0028 . . . . . . . . . . . . .	Byte	 000003E4 _DATA	
??0029 . . . . . . . . . . . . .	Text   	 o
??002A . . . . . . . . . . . . .	Byte	 000003E3 _DATA	
??002B . . . . . . . . . . . . .	L Near	 000001B6 _TEXT	
??002C . . . . . . . . . . . . .	L Near	 000001EC _TEXT	
??002D . . . . . . . . . . . . .	Number	 00000000h   
??002E . . . . . . . . . . . . .	Byte	 000004AC _DATA	
??0030 . . . . . . . . . . . . .	Byte	 000004AF _DATA	
??0031 . . . . . . . . . . . . .	Text   	 o
??0032 . . . . . . . . . . . . .	Byte	 000004AE _DATA	
??0033 . . . . . . . . . . . . .	L Near	 0000020F _TEXT	
??0034 . . . . . . . . . . . . .	L Near	 00000245 _TEXT	
??0035 . . . . . . . . . . . . .	Byte	 00000578 _DATA	
??0036 . . . . . . . . . . . . .	Text   	 "
??0037 . . . . . . . . . . . . .	Byte	 00000577 _DATA	
??0039 . . . . . . . . . . . . .	L Near	 0000029B _TEXT	
??003A . . . . . . . . . . . . .	Byte	 00000586 _DATA	
??003B . . . . . . . . . . . . .	Text   	 o
??003C . . . . . . . . . . . . .	Byte	 00000585 _DATA	
??003D . . . . . . . . . . . . .	L Near	 000002CA _TEXT	
??003E . . . . . . . . . . . . .	L Near	 00000300 _TEXT	
??003F . . . . . . . . . . . . .	Number	 00000000h   
??0040 . . . . . . . . . . . . .	Byte	 0000064E _DATA	
??0042 . . . . . . . . . . . . .	Byte	 00000651 _DATA	
??0043 . . . . . . . . . . . . .	Text   	 o
??0044 . . . . . . . . . . . . .	Byte	 00000650 _DATA	
??0045 . . . . . . . . . . . . .	L Near	 00000323 _TEXT	
??0046 . . . . . . . . . . . . .	L Near	 00000359 _TEXT	
??0047 . . . . . . . . . . . . .	Number	 00000000h   
??0048 . . . . . . . . . . . . .	Byte	 00000719 _DATA	
??004A . . . . . . . . . . . . .	Byte	 0000071C _DATA	
??004B . . . . . . . . . . . . .	Text   	 o
??004C . . . . . . . . . . . . .	Byte	 0000071B _DATA	
??004D . . . . . . . . . . . . .	L Near	 0000037C _TEXT	
??004E . . . . . . . . . . . . .	L Near	 000003B2 _TEXT	
??0055 . . . . . . . . . . . . .	Byte	 000007E5 _DATA	
??0056 . . . . . . . . . . . . .	Text   	 "
??0057 . . . . . . . . . . . . .	Byte	 000007E4 _DATA	
??0059 . . . . . . . . . . . . .	L Near	 000003FF _TEXT	
??005A . . . . . . . . . . . . .	Byte	 000007F7 _DATA	
??005B . . . . . . . . . . . . .	Text   	 "
??005C . . . . . . . . . . . . .	Byte	 000007F6 _DATA	
??005E . . . . . . . . . . . . .	L Near	 00000427 _TEXT	
??0065 . . . . . . . . . . . . .	Byte	 0000080C _DATA	
??0066 . . . . . . . . . . . . .	Text   	 "
??0067 . . . . . . . . . . . . .	Byte	 0000080B _DATA	
??0069 . . . . . . . . . . . . .	L Near	 00000490 _TEXT	
??006A . . . . . . . . . . . . .	Byte	 0000081E _DATA	
??006B . . . . . . . . . . . . .	Text   	 "
??006C . . . . . . . . . . . . .	Byte	 0000081D _DATA	
??006E . . . . . . . . . . . . .	L Near	 000004B8 _TEXT	
??CommonHeapElemSize . . . . . .	DWord	 00000004 _DATA	
??ConsoleMode  . . . . . . . . .	Byte	 00000008 _DATA	
??TotalHeapAllocated . . . . . .	DWord	 00000000 _DATA	
??sTime  . . . . . . . . . . . .	SystemTime  00000009 _DATA	
@CodeSize  . . . . . . . . . . .	Number	 00000000h   
@DataSize  . . . . . . . . . . .	Number	 00000000h   
@InChar  . . . . . . . . . . . .	Text   	 @inchar
@InInt . . . . . . . . . . . . .	Text   	 @inint
@Inchar  . . . . . . . . . . . .	Text   	 @inchar
@InintLn . . . . . . . . . . . .	Text   	 @inintln
@Inintln . . . . . . . . . . . .	Text   	 @inintln
@Inint . . . . . . . . . . . . .	Text   	 @inint
@Interface . . . . . . . . . . .	Number	 00000003h   
@Model . . . . . . . . . . . . .	Number	 00000007h   
@ReadKey . . . . . . . . . . . .	Text   	 @readkey
@code  . . . . . . . . . . . . .	Text   	 _TEXT
@data  . . . . . . . . . . . . .	Text   	 FLAT
@fardata?  . . . . . . . . . . .	Text   	 FLAT
@fardata . . . . . . . . . . . .	Text   	 FLAT
@stack . . . . . . . . . . . . .	Text   	 FLAT
AllocConsole@0 . . . . . . . . .	L Near	 00000000 FLAT	External STDCALL
Black  . . . . . . . . . . . . .	Number	 00000000h   
Blue . . . . . . . . . . . . . .	Number	 00000001h   
Bright . . . . . . . . . . . . .	Number	 00000008h   
Brown  . . . . . . . . . . . . .	Number	 00000006h   
CREATE_ALWAYS  . . . . . . . . .	Number	 00000002h   
CREATE_NEW . . . . . . . . . . .	Number	 00000001h   
CharToOem  . . . . . . . . . . .	Text   	 CharToOemA
Cls  . . . . . . . . . . . . . .	Text   	 ClrScr
CreateFile . . . . . . . . . . .	Text   	 CreateFileA
Cyan . . . . . . . . . . . . . .	Number	 00000003h   
DarkGray . . . . . . . . . . . .	Number	 00000008h   
Dispose  . . . . . . . . . . . .	Text   	 dispose
Exit . . . . . . . . . . . . . .	Text   	 exit
FILE_ATTRIBUTE_ARCHIVE . . . . .	Number	 00000020h   
FILE_ATTRIBUTE_COMPRESSED  . . .	Number	 00000800h   
FILE_ATTRIBUTE_DIRECTORY . . . .	Number	 00000010h   
FILE_ATTRIBUTE_HIDDEN  . . . . .	Number	 00000002h   
FILE_ATTRIBUTE_NORMAL  . . . . .	Number	 00000080h   
FILE_ATTRIBUTE_READONLY  . . . .	Number	 00000001h   
FILE_ATTRIBUTE_SYSTEM  . . . . .	Number	 00000004h   
FILE_ATTRIBUTE_TEMPORARY . . . .	Number	 00000100h   
Flush  . . . . . . . . . . . . .	Text   	 flush
FreeConsole@0  . . . . . . . . .	L Near	 00000000 FLAT	External STDCALL
GENERIC_ALL  . . . . . . . . . .	Number	 10000000h   
GENERIC_EXECUTE  . . . . . . . .	Number	 20000000h   
GENERIC_READ . . . . . . . . . .	Number	 -80000000h   
GENERIC_WRITE  . . . . . . . . .	Number	 40000000h   
GMEM_FIXED . . . . . . . . . . .	Number	 00000000h   
GMEM_ZEROINIT  . . . . . . . . .	Number	 00000040h   
GetCommandLine . . . . . . . . .	Text   	 GetCommandLineA
GetModuleHandle  . . . . . . . .	Text   	 GetModuleHandleA
GotoXY . . . . . . . . . . . . .	Text   	 gotoXY
Green  . . . . . . . . . . . . .	Number	 00000002h   
HWND_BROADCAST . . . . . . . . .	Number	 0000FFFFh   
IDABORT  . . . . . . . . . . . .	Number	 00000003h   
IDCANCEL . . . . . . . . . . . .	Number	 00000002h   
IDIGNORE . . . . . . . . . . . .	Number	 00000005h   
IDNO . . . . . . . . . . . . . .	Number	 00000007h   
IDOK . . . . . . . . . . . . . .	Number	 00000001h   
IDRETRY  . . . . . . . . . . . .	Number	 00000004h   
IDYES  . . . . . . . . . . . . .	Number	 00000006h   
InChar . . . . . . . . . . . . .	Text   	 inchar
InInt  . . . . . . . . . . . . .	Text   	 inint
Inchar . . . . . . . . . . . . .	Text   	 inchar
InintLn  . . . . . . . . . . . .	Text   	 inintln
Inintln  . . . . . . . . . . . .	Text   	 inintln
Inint  . . . . . . . . . . . . .	Text   	 inint
KOH  . . . . . . . . . . . . . .	L Near	 000004D8 _TEXT	
KON  . . . . . . . . . . . . . .	L Near	 00000459 _TEXT	
LANG_NEUTRAL . . . . . . . . . .	Number	 00000000h   
LightBlue  . . . . . . . . . . .	Number	 00000009h   
LightGray  . . . . . . . . . . .	Number	 00000007h   
LightGreen . . . . . . . . . . .	Number	 0000000Ah   
LightMagenta . . . . . . . . . .	Number	 0000000Dh   
LightRed . . . . . . . . . . . .	Number	 0000000Ch   
MB_ABORTRETRYIGNORE  . . . . . .	Number	 00000002h   
MB_CANCELTRYCONTINUE . . . . . .	Number	 00000006h   
MB_DEFBUTTON1  . . . . . . . . .	Number	 00000000h   
MB_DEFBUTTON2  . . . . . . . . .	Number	 00000100h   
MB_DEFBUTTON3  . . . . . . . . .	Number	 00000200h   
MB_DEFBUTTON4  . . . . . . . . .	Number	 00000300h   
MB_HELP  . . . . . . . . . . . .	Number	 00004000h   
MB_ICONASTERISK  . . . . . . . .	Number	 00000040h   
MB_ICONEXCLAMATION . . . . . . .	Number	 00000030h   
MB_ICONHAND  . . . . . . . . . .	Number	 00000008h   
MB_ICONQUESTION  . . . . . . . .	Number	 00000020h   
MB_ICONSTOP  . . . . . . . . . .	Number	 00000010h   
MB_OKCANCEL  . . . . . . . . . .	Number	 00000001h   
MB_OK  . . . . . . . . . . . . .	Number	 00000000h   
MB_RETRYCANCEL . . . . . . . . .	Number	 00000005h   
MB_RIGHT . . . . . . . . . . . .	Number	 00080000h   
MB_SYSTEMMODAL . . . . . . . . .	Number	 00001000h   
MB_USERICON  . . . . . . . . . .	Number	 00000080h   
MB_YESNOCANCEL . . . . . . . . .	Number	 00000003h   
MB_YESNO . . . . . . . . . . . .	Number	 00000004h   
Magenta  . . . . . . . . . . . .	Number	 00000005h   
MessageBoxIndirect . . . . . . .	Text   	 MessageBoxIndirectA
MessageBox . . . . . . . . . . .	Text   	 MessageBoxA
NULL . . . . . . . . . . . . . .	Number	 00000000h   
NewLine  . . . . . . . . . . . .	Text   	 newline
Newline  . . . . . . . . . . . .	Text   	 newline
New  . . . . . . . . . . . . . .	Text   	 new
OPEN_ALWAYS  . . . . . . . . . .	Number	 00000004h   
OPEN_EXISTING  . . . . . . . . .	Number	 00000003h   
OutCharLn  . . . . . . . . . . .	Text   	 outcharln
OutCharln  . . . . . . . . . . .	Text   	 outcharln
OutChar  . . . . . . . . . . . .	Text   	 outchar,prompt:VARARG
OutDateLn  . . . . . . . . . . .	Text   	 outdateln
OutDateln  . . . . . . . . . . .	Text   	 outdateln
OutDate  . . . . . . . . . . . .	Text   	 outdate
OutILn . . . . . . . . . . . . .	Text   	 outintln
OutIln . . . . . . . . . . . . .	Text   	 outintln
OutIntLn . . . . . . . . . . . .	Text   	 outintln
OutInt . . . . . . . . . . . . .	Text   	 outint
OutI . . . . . . . . . . . . . .	Text   	 outint
OutNumLn . . . . . . . . . . . .	Text   	 outnumln
OutNumln . . . . . . . . . . . .	Text   	 outnumln
OutNum . . . . . . . . . . . . .	Text   	 outnum
OutStrLn . . . . . . . . . . . .	Text   	 outstrln
OutStr . . . . . . . . . . . . .	Text   	 outstr
OutTimeLn  . . . . . . . . . . .	Text   	 outtimeln
OutTimeln  . . . . . . . . . . .	Text   	 outtimeln
OutTime  . . . . . . . . . . . .	Text   	 outtime
OutULn . . . . . . . . . . . . .	Text   	 outwordln
OutUln . . . . . . . . . . . . .	Text   	 outwordln
OutUnsignedLn  . . . . . . . . .	Text   	 outwordln
OutUnsignedln  . . . . . . . . .	Text   	 outwordln
OutUnsigned  . . . . . . . . . .	Text   	 outword
OutU . . . . . . . . . . . . . .	Text   	 outword
OutWordLn  . . . . . . . . . . .	Text   	 outwordln
OutWord  . . . . . . . . . . . .	Text   	 outword
OutintLn . . . . . . . . . . . .	Text   	 outintln
Outintln . . . . . . . . . . . .	Text   	 outintln
Outint . . . . . . . . . . . . .	Text   	 outint
OutstrLn . . . . . . . . . . . .	Text   	 outstrln
OutwordLn  . . . . . . . . . . .	Text   	 outwordln
Outword  . . . . . . . . . . . .	Text   	 outword
PAGE_EXECUTE_READWRITE . . . . .	Number	 00000040h   
PAGE_EXECUTE_READ  . . . . . . .	Number	 00000020h   
PAGE_EXECUTE_WRITECOPY . . . . .	Number	 00000080h   
PAGE_EXECUTE . . . . . . . . . .	Number	 00000010h   
PAGE_NOACCESS  . . . . . . . . .	Number	 00000001h   
PAGE_READONLY  . . . . . . . . .	Number	 00000002h   
PAGE_READWRITE . . . . . . . . .	Number	 00000004h   
PAGE_WRITECOPY . . . . . . . . .	Number	 00000008h   
Pause  . . . . . . . . . . . . .	Text   	 pause
ReadKey  . . . . . . . . . . . .	Text   	 readkey
Red  . . . . . . . . . . . . . .	Number	 00000004h   
SC_MONITORPOWER  . . . . . . . .	Number	 0000F170h   
STD_ERROR_HANDLE . . . . . . . .	Number	 -0000000Ch   
STD_INPUT_HANDLE . . . . . . . .	Number	 -0000000Ah   
STD_OUTPUT_HANDLE  . . . . . . .	Number	 -0000000Bh   
SendMessage  . . . . . . . . . .	Text   	 SendMessageA
SetConsoleTitle  . . . . . . . .	Text   	 SetConsoleTitleA
Start  . . . . . . . . . . . . .	L Near	 00000000 _TEXT	Public STDCALL
TRUNCATE_EXISTING  . . . . . . .	Number	 00000005h   
URLDownloadToFile  . . . . . . .	Text   	 URLDownloadToFileA
WM_SYSCOMMAND  . . . . . . . . .	Number	 00000112h   
White  . . . . . . . . . . . . .	Number	 0000000Fh   
Yellow . . . . . . . . . . . . .	Number	 0000000Eh   
_imp__printf . . . . . . . . . .	DWord	 00000000 FLAT	External STDCALL
_imp__sprintf  . . . . . . . . .	DWord	 00000000 FLAT	External STDCALL
black  . . . . . . . . . . . . .	Number	 00000000h   
blue . . . . . . . . . . . . . .	Number	 00000001h   
bright . . . . . . . . . . . . .	Number	 00000008h   
brown  . . . . . . . . . . . . .	Number	 00000006h   
buf  . . . . . . . . . . . . . .	Byte	 00000019 _DATA	
clrscr . . . . . . . . . . . . .	Text   	 ClrScr
crt_printf . . . . . . . . . . .	Text   	 _imp__printf
crt_sprintf  . . . . . . . . . .	Text   	 _imp__sprintf
cyan . . . . . . . . . . . . . .	Number	 00000003h   
darkgray . . . . . . . . . . . .	Number	 00000008h   
dos  . . . . . . . . . . . . . .	Text   	 DOS
downloadfile . . . . . . . . . .	Text   	 DownloadFile
gotoxy . . . . . . . . . . . . .	Text   	 gotoXY
green  . . . . . . . . . . . . .	Number	 00000002h   
heapblocksize  . . . . . . . . .	Text   	 HeapBlockSize
inint_proc@0 . . . . . . . . . .	L Near	 00000000 FLAT	External STDCALL
inputstr . . . . . . . . . . . .	Text   	 InputStr
lightblue  . . . . . . . . . . .	Number	 00000009h   
lightgray  . . . . . . . . . . .	Number	 00000007h   
lightgreen . . . . . . . . . . .	Number	 0000000Ah   
lightmagenta . . . . . . . . . .	Number	 0000000Dh   
lightred . . . . . . . . . . . .	Number	 0000000Ch   
magenta  . . . . . . . . . . . .	Number	 00000005h   
nil  . . . . . . . . . . . . . .	DWord 	 00000000h   
outintLn . . . . . . . . . . . .	Text   	 outintln
outwordLn  . . . . . . . . . . .	Text   	 outwordln
red  . . . . . . . . . . . . . .	Number	 00000004h   
settextattr  . . . . . . . . . .	Text   	 SetTextAttr
whereX . . . . . . . . . . . . .	Text   	 WhereX
whereY . . . . . . . . . . . . .	Text   	 WhereY
wherex . . . . . . . . . . . . .	Text   	 WhereX
wherey . . . . . . . . . . . . .	Text   	 WhereY
white  . . . . . . . . . . . . .	Number	 0000000Fh   
yellow . . . . . . . . . . . . .	Number	 0000000Eh   

	   0 Warnings
	   0 Errors
